{
"contracts/mojito/ERC721.sol":{"l":{"97":0,"98":0,"101":0,"102":0,"109":0,"114":0,"121":0,"132":0,"139":0,"152":0,"157":0,"160":0,"161":0,"164":0,"165":0,"168":0,"177":0,"189":0,"197":0,"209":0,"210":0,"217":0,"218":0,"220":0,"225":0,"237":0,"242":0,"253":0,"255":0,"256":0,"269":0,"281":0,"286":0,"297":0,"309":0,"313":0,"340":0,"341":0,"356":0,"371":0,"375":0,"376":0,"392":0,"404":0,"405":0,"424":0,"425":0,"427":0,"429":0,"431":0,"433":0,"447":0,"449":0,"452":0,"455":0,"456":0,"459":0,"461":0,"463":0,"482":0,"486":0,"488":0,"491":0,"493":0,"494":0,"496":0,"498":0,"512":0,"516":0,"525":0,"544":0,"545":0,"547":0,"558":0,"559":0,"563":0,"564":0},"path":"/home/madhankumar/sub/mojito-blockchain/mojito-contracts/contracts/mojito/ERC721.sol","s":{"1":0,"2":0,"3":0,"4":0,"5":0,"6":0,"7":0,"8":0,"9":0,"10":0,"11":0,"12":0,"13":0,"14":0,"15":0,"16":0,"17":0,"18":0,"19":0,"20":0,"21":0,"22":0,"23":0,"24":0,"25":0,"26":0,"27":0,"28":0,"29":0,"30":0,"31":0,"32":0,"33":0,"34":0,"35":0,"36":0,"37":0,"38":0,"39":0,"40":0,"41":0,"42":0,"43":0,"44":0,"45":0,"46":0,"47":0,"48":0,"49":0,"50":0,"51":0,"52":0,"53":0,"54":0,"55":0,"56":0,"57":0,"58":0,"59":0,"60":0,"61":0,"62":0,"63":0,"64":0,"65":0,"66":0,"67":0,"68":0,"69":0,"70":0,"71":0,"72":0,"73":0,"74":0,"75":0,"76":0},"b":{"1":[0,0],"2":[0,0],"3":[0,0],"4":[0,0],"5":[0,0],"6":[0,0],"7":[0,0],"8":[0,0],"9":[0,0],"10":[0,0],"11":[0,0],"12":[0,0],"13":[0,0],"14":[0,0],"15":[0,0],"16":[0,0],"17":[0,0],"18":[0,0],"19":[0,0],"20":[0,0]},"f":{"1":0,"2":0,"3":0,"4":0,"5":0,"6":0,"7":0,"8":0,"9":0,"10":0,"11":0,"12":0,"13":0,"14":0,"15":0,"16":0,"17":0,"18":0,"19":0,"20":0,"21":0,"22":0,"23":0,"24":0,"25":0,"26":0,"27":0,"28":0,"29":0,"30":0},"fnMap":{"1":{"name":"constructor","line":96,"loc":{"start":{"line":96,"column":4},"end":{"line":103,"column":4}}},"2":{"name":"balanceOf","line":108,"loc":{"start":{"line":108,"column":4},"end":{"line":115,"column":4}}},"3":{"name":"ownerOf","line":120,"loc":{"start":{"line":120,"column":4},"end":{"line":126,"column":4}}},"4":{"name":"name","line":131,"loc":{"start":{"line":131,"column":4},"end":{"line":133,"column":4}}},"5":{"name":"symbol","line":138,"loc":{"start":{"line":138,"column":4},"end":{"line":140,"column":4}}},"6":{"name":"tokenURI","line":145,"loc":{"start":{"line":145,"column":4},"end":{"line":169,"column":4}}},"7":{"name":"baseURI","line":176,"loc":{"start":{"line":176,"column":4},"end":{"line":178,"column":4}}},"8":{"name":"tokenOfOwnerByIndex","line":183,"loc":{"start":{"line":183,"column":4},"end":{"line":190,"column":4}}},"9":{"name":"totalSupply","line":195,"loc":{"start":{"line":195,"column":4},"end":{"line":198,"column":4}}},"10":{"name":"tokenByIndex","line":203,"loc":{"start":{"line":203,"column":4},"end":{"line":211,"column":4}}},"11":{"name":"approve","line":216,"loc":{"start":{"line":216,"column":4},"end":{"line":226,"column":4}}},"12":{"name":"getApproved","line":231,"loc":{"start":{"line":231,"column":4},"end":{"line":243,"column":4}}},"13":{"name":"setApprovalForAll","line":248,"loc":{"start":{"line":248,"column":4},"end":{"line":257,"column":4}}},"14":{"name":"isApprovedForAll","line":262,"loc":{"start":{"line":262,"column":4},"end":{"line":270,"column":4}}},"15":{"name":"transferFrom","line":275,"loc":{"start":{"line":275,"column":4},"end":{"line":287,"column":4}}},"16":{"name":"safeTransferFrom","line":292,"loc":{"start":{"line":292,"column":4},"end":{"line":298,"column":4}}},"17":{"name":"safeTransferFrom","line":303,"loc":{"start":{"line":303,"column":4},"end":{"line":314,"column":4}}},"18":{"name":"_safeTransfer","line":334,"loc":{"start":{"line":334,"column":4},"end":{"line":345,"column":4}}},"19":{"name":"_exists","line":355,"loc":{"start":{"line":355,"column":4},"end":{"line":357,"column":4}}},"20":{"name":"_isApprovedOrOwner","line":366,"loc":{"start":{"line":366,"column":4},"end":{"line":379,"column":4}}},"21":{"name":"_safeMint","line":391,"loc":{"start":{"line":391,"column":4},"end":{"line":393,"column":4}}},"22":{"name":"_safeMint","line":399,"loc":{"start":{"line":399,"column":4},"end":{"line":409,"column":4}}},"23":{"name":"_mint","line":423,"loc":{"start":{"line":423,"column":4},"end":{"line":434,"column":4}}},"24":{"name":"_burn","line":446,"loc":{"start":{"line":446,"column":4},"end":{"line":464,"column":4}}},"25":{"name":"_transfer","line":477,"loc":{"start":{"line":477,"column":4},"end":{"line":499,"column":4}}},"26":{"name":"_setTokenURI","line":508,"loc":{"start":{"line":508,"column":4},"end":{"line":517,"column":4}}},"27":{"name":"_setBaseURI","line":524,"loc":{"start":{"line":524,"column":4},"end":{"line":526,"column":4}}},"28":{"name":"_checkOnERC721Received","line":538,"loc":{"start":{"line":538,"column":4},"end":{"line":560,"column":4}}},"29":{"name":"_approve","line":562,"loc":{"start":{"line":562,"column":4},"end":{"line":565,"column":4}}},"30":{"name":"_beforeTokenTransfer","line":582,"loc":{"start":{"line":582,"column":4},"end":{"line":586,"column":24}}}},"statementMap":{"1":{"start":{"line":97,"column":8},"end":{"line":97,"column":24}},"2":{"start":{"line":98,"column":8},"end":{"line":98,"column":28}},"3":{"start":{"line":101,"column":8},"end":{"line":101,"column":47}},"4":{"start":{"line":102,"column":8},"end":{"line":102,"column":58}},"5":{"start":{"line":109,"column":8},"end":{"line":109,"column":4361}},"6":{"start":{"line":114,"column":8},"end":{"line":114,"column":44}},"7":{"start":{"line":121,"column":8},"end":{"line":121,"column":4668}},"8":{"start":{"line":132,"column":8},"end":{"line":132,"column":20}},"9":{"start":{"line":139,"column":8},"end":{"line":139,"column":22}},"10":{"start":{"line":152,"column":8},"end":{"line":152,"column":5323}},"11":{"start":{"line":157,"column":8},"end":{"line":157,"column":53}},"12":{"start":{"line":160,"column":8},"end":{"line":160,"column":5558}},"13":{"start":{"line":161,"column":12},"end":{"line":161,"column":28}},"14":{"start":{"line":164,"column":8},"end":{"line":164,"column":5730}},"15":{"start":{"line":165,"column":12},"end":{"line":165,"column":64}},"16":{"start":{"line":168,"column":8},"end":{"line":168,"column":69}},"17":{"start":{"line":177,"column":8},"end":{"line":177,"column":23}},"18":{"start":{"line":189,"column":8},"end":{"line":189,"column":45}},"19":{"start":{"line":197,"column":8},"end":{"line":197,"column":36}},"20":{"start":{"line":209,"column":8},"end":{"line":209,"column":52}},"21":{"start":{"line":210,"column":8},"end":{"line":210,"column":22}},"22":{"start":{"line":217,"column":8},"end":{"line":217,"column":40}},"23":{"start":{"line":218,"column":8},"end":{"line":218,"column":64}},"24":{"start":{"line":220,"column":8},"end":{"line":220,"column":7384}},"25":{"start":{"line":225,"column":8},"end":{"line":225,"column":28}},"26":{"start":{"line":237,"column":8},"end":{"line":237,"column":7772}},"27":{"start":{"line":242,"column":8},"end":{"line":242,"column":39}},"28":{"start":{"line":253,"column":8},"end":{"line":253,"column":69}},"29":{"start":{"line":255,"column":8},"end":{"line":255,"column":60}},"30":{"start":{"line":256,"column":8},"end":{"line":256,"column":61}},"31":{"start":{"line":269,"column":8},"end":{"line":269,"column":50}},"32":{"start":{"line":281,"column":8},"end":{"line":281,"column":8828}},"33":{"start":{"line":286,"column":8},"end":{"line":286,"column":35}},"34":{"start":{"line":297,"column":8},"end":{"line":297,"column":46}},"35":{"start":{"line":309,"column":8},"end":{"line":309,"column":9483}},"36":{"start":{"line":313,"column":8},"end":{"line":313,"column":46}},"37":{"start":{"line":340,"column":8},"end":{"line":340,"column":35}},"38":{"start":{"line":341,"column":8},"end":{"line":341,"column":10727}},"39":{"start":{"line":356,"column":8},"end":{"line":356,"column":45}},"40":{"start":{"line":371,"column":8},"end":{"line":371,"column":11586}},"41":{"start":{"line":375,"column":8},"end":{"line":375,"column":40}},"42":{"start":{"line":376,"column":8},"end":{"line":376,"column":11782}},"43":{"start":{"line":392,"column":8},"end":{"line":392,"column":33}},"44":{"start":{"line":404,"column":8},"end":{"line":404,"column":25}},"45":{"start":{"line":405,"column":8},"end":{"line":405,"column":12685}},"46":{"start":{"line":424,"column":8},"end":{"line":424,"column":68}},"47":{"start":{"line":425,"column":8},"end":{"line":425,"column":65}},"48":{"start":{"line":427,"column":8},"end":{"line":427,"column":52}},"49":{"start":{"line":429,"column":8},"end":{"line":429,"column":37}},"50":{"start":{"line":431,"column":8},"end":{"line":431,"column":36}},"51":{"start":{"line":433,"column":8},"end":{"line":433,"column":46}},"52":{"start":{"line":447,"column":8},"end":{"line":447,"column":40}},"53":{"start":{"line":449,"column":8},"end":{"line":449,"column":55}},"54":{"start":{"line":452,"column":8},"end":{"line":452,"column":36}},"55":{"start":{"line":455,"column":8},"end":{"line":455,"column":14038}},"56":{"start":{"line":459,"column":8},"end":{"line":459,"column":43}},"57":{"start":{"line":461,"column":8},"end":{"line":461,"column":35}},"58":{"start":{"line":463,"column":8},"end":{"line":463,"column":49}},"59":{"start":{"line":482,"column":8},"end":{"line":482,"column":14720}},"60":{"start":{"line":486,"column":8},"end":{"line":486,"column":72}},"61":{"start":{"line":488,"column":8},"end":{"line":488,"column":46}},"62":{"start":{"line":491,"column":8},"end":{"line":491,"column":36}},"63":{"start":{"line":493,"column":8},"end":{"line":493,"column":42}},"64":{"start":{"line":494,"column":8},"end":{"line":494,"column":37}},"65":{"start":{"line":496,"column":8},"end":{"line":496,"column":36}},"66":{"start":{"line":498,"column":8},"end":{"line":498,"column":40}},"67":{"start":{"line":512,"column":8},"end":{"line":512,"column":15482}},"68":{"start":{"line":516,"column":8},"end":{"line":516,"column":38}},"69":{"start":{"line":525,"column":8},"end":{"line":525,"column":26}},"70":{"start":{"line":544,"column":8},"end":{"line":544,"column":16677}},"71":{"start":{"line":545,"column":12},"end":{"line":545,"column":23}},"72":{"start":{"line":547,"column":8},"end":{"line":547,"column":16749}},"73":{"start":{"line":558,"column":8},"end":{"line":558,"column":56}},"74":{"start":{"line":559,"column":8},"end":{"line":559,"column":43}},"75":{"start":{"line":563,"column":8},"end":{"line":563,"column":36}},"76":{"start":{"line":564,"column":8},"end":{"line":564,"column":52}}},"branchMap":{"1":{"line":109,"type":"if","locations":[{"start":{"line":109,"column":8},"end":{"line":109,"column":8}},{"start":{"line":109,"column":8},"end":{"line":109,"column":8}}]},"2":{"line":152,"type":"if","locations":[{"start":{"line":152,"column":8},"end":{"line":152,"column":8}},{"start":{"line":152,"column":8},"end":{"line":152,"column":8}}]},"3":{"line":160,"type":"if","locations":[{"start":{"line":160,"column":8},"end":{"line":160,"column":8}},{"start":{"line":160,"column":8},"end":{"line":160,"column":8}}]},"4":{"line":164,"type":"if","locations":[{"start":{"line":164,"column":8},"end":{"line":164,"column":8}},{"start":{"line":164,"column":8},"end":{"line":164,"column":8}}]},"5":{"line":218,"type":"if","locations":[{"start":{"line":218,"column":8},"end":{"line":218,"column":8}},{"start":{"line":218,"column":8},"end":{"line":218,"column":8}}]},"6":{"line":220,"type":"if","locations":[{"start":{"line":220,"column":8},"end":{"line":220,"column":8}},{"start":{"line":220,"column":8},"end":{"line":220,"column":8}}]},"7":{"line":237,"type":"if","locations":[{"start":{"line":237,"column":8},"end":{"line":237,"column":8}},{"start":{"line":237,"column":8},"end":{"line":237,"column":8}}]},"8":{"line":253,"type":"if","locations":[{"start":{"line":253,"column":8},"end":{"line":253,"column":8}},{"start":{"line":253,"column":8},"end":{"line":253,"column":8}}]},"9":{"line":281,"type":"if","locations":[{"start":{"line":281,"column":8},"end":{"line":281,"column":8}},{"start":{"line":281,"column":8},"end":{"line":281,"column":8}}]},"10":{"line":309,"type":"if","locations":[{"start":{"line":309,"column":8},"end":{"line":309,"column":8}},{"start":{"line":309,"column":8},"end":{"line":309,"column":8}}]},"11":{"line":341,"type":"if","locations":[{"start":{"line":341,"column":8},"end":{"line":341,"column":8}},{"start":{"line":341,"column":8},"end":{"line":341,"column":8}}]},"12":{"line":371,"type":"if","locations":[{"start":{"line":371,"column":8},"end":{"line":371,"column":8}},{"start":{"line":371,"column":8},"end":{"line":371,"column":8}}]},"13":{"line":405,"type":"if","locations":[{"start":{"line":405,"column":8},"end":{"line":405,"column":8}},{"start":{"line":405,"column":8},"end":{"line":405,"column":8}}]},"14":{"line":424,"type":"if","locations":[{"start":{"line":424,"column":8},"end":{"line":424,"column":8}},{"start":{"line":424,"column":8},"end":{"line":424,"column":8}}]},"15":{"line":425,"type":"if","locations":[{"start":{"line":425,"column":8},"end":{"line":425,"column":8}},{"start":{"line":425,"column":8},"end":{"line":425,"column":8}}]},"16":{"line":455,"type":"if","locations":[{"start":{"line":455,"column":8},"end":{"line":455,"column":8}},{"start":{"line":455,"column":8},"end":{"line":455,"column":8}}]},"17":{"line":482,"type":"if","locations":[{"start":{"line":482,"column":8},"end":{"line":482,"column":8}},{"start":{"line":482,"column":8},"end":{"line":482,"column":8}}]},"18":{"line":486,"type":"if","locations":[{"start":{"line":486,"column":8},"end":{"line":486,"column":8}},{"start":{"line":486,"column":8},"end":{"line":486,"column":8}}]},"19":{"line":512,"type":"if","locations":[{"start":{"line":512,"column":8},"end":{"line":512,"column":8}},{"start":{"line":512,"column":8},"end":{"line":512,"column":8}}]},"20":{"line":544,"type":"if","locations":[{"start":{"line":544,"column":8},"end":{"line":544,"column":8}},{"start":{"line":544,"column":8},"end":{"line":544,"column":8}}]}}},
"contracts/mojito/ERC721Burnable.sol":{"l":{"29":0,"33":0},"path":"/home/madhankumar/sub/mojito-blockchain/mojito-contracts/contracts/mojito/ERC721Burnable.sol","s":{"1":0,"2":0},"b":{"1":[0,0]},"f":{"1":0},"fnMap":{"1":{"name":"burn","line":27,"loc":{"start":{"line":27,"column":4},"end":{"line":34,"column":4}}}},"statementMap":{"1":{"start":{"line":29,"column":8},"end":{"line":29,"column":935}},"2":{"start":{"line":33,"column":8},"end":{"line":33,"column":21}}},"branchMap":{"1":{"line":29,"type":"if","locations":[{"start":{"line":29,"column":8},"end":{"line":29,"column":8}},{"start":{"line":29,"column":8},"end":{"line":29,"column":8}}]}}},
"contracts/mojito/GenartExtension.sol":{"l":{"26":0,"34":0,"35":0,"43":0,"44":0,"54":0,"64":0,"66":0,"69":0,"73":0,"74":0,"76":0},"path":"/home/madhankumar/sub/mojito-blockchain/mojito-contracts/contracts/mojito/GenartExtension.sol","s":{"1":0,"2":0,"3":0,"4":0,"5":0,"6":0,"7":0,"8":0,"9":0,"10":0,"11":0,"12":0},"b":{"1":[0,0],"2":[0,0],"3":[0,0]},"f":{"1":0,"2":0,"3":0,"4":0,"5":0},"fnMap":{"1":{"name":"constructor","line":25,"loc":{"start":{"line":25,"column":4},"end":{"line":27,"column":4}}},"2":{"name":"unpauseContract","line":33,"loc":{"start":{"line":33,"column":4},"end":{"line":36,"column":4}}},"3":{"name":"pauseContract","line":42,"loc":{"start":{"line":42,"column":4},"end":{"line":45,"column":4}}},"4":{"name":"supportsInterface","line":47,"loc":{"start":{"line":47,"column":4},"end":{"line":57,"column":4}}},"5":{"name":"mint","line":61,"loc":{"start":{"line":59,"column":4},"end":{"line":77,"column":4}}}},"statementMap":{"1":{"start":{"line":26,"column":8},"end":{"line":26,"column":41}},"2":{"start":{"line":34,"column":8},"end":{"line":34,"column":48}},"3":{"start":{"line":35,"column":8},"end":{"line":35,"column":20}},"4":{"start":{"line":43,"column":8},"end":{"line":43,"column":45}},"5":{"start":{"line":44,"column":8},"end":{"line":44,"column":21}},"6":{"start":{"line":54,"column":8},"end":{"line":54,"column":1350}},"7":{"start":{"line":64,"column":8},"end":{"line":64,"column":45}},"8":{"start":{"line":66,"column":8},"end":{"line":66,"column":41}},"9":{"start":{"line":69,"column":8},"end":{"line":69,"column":1683}},"10":{"start":{"line":73,"column":8},"end":{"line":73,"column":51}},"11":{"start":{"line":74,"column":8},"end":{"line":74,"column":76}},"12":{"start":{"line":76,"column":8},"end":{"line":76,"column":23}}},"branchMap":{"1":{"line":34,"type":"if","locations":[{"start":{"line":34,"column":8},"end":{"line":34,"column":8}},{"start":{"line":34,"column":8},"end":{"line":34,"column":8}}]},"2":{"line":43,"type":"if","locations":[{"start":{"line":43,"column":8},"end":{"line":43,"column":8}},{"start":{"line":43,"column":8},"end":{"line":43,"column":8}}]},"3":{"line":64,"type":"if","locations":[{"start":{"line":64,"column":8},"end":{"line":64,"column":8}},{"start":{"line":64,"column":8},"end":{"line":64,"column":8}}]}}},
"contracts/mojito/GeneNFT.sol":{"l":{"39":0,"40":0,"51":0,"52":0,"53":0,"63":0,"71":0,"79":0,"87":0,"88":0,"96":0,"97":0,"106":0,"107":0,"109":0,"110":0,"111":0,"112":0,"119":0,"126":0},"path":"/home/madhankumar/sub/mojito-blockchain/mojito-contracts/contracts/mojito/GeneNFT.sol","s":{"1":0,"2":0,"3":0,"4":0,"5":0,"6":0,"7":0,"8":0,"9":0,"10":0,"11":0,"12":0,"13":0,"14":0,"15":0,"16":0,"17":0,"18":0,"19":0},"b":{"1":[0,0],"2":[0,0],"3":[0,0],"4":[0,0]},"f":{"1":0,"2":0,"3":0,"4":0,"5":0,"6":0,"7":0,"8":0,"9":0,"10":0},"fnMap":{"1":{"name":"onlyAdmin","line":38,"loc":{"start":{"line":38,"column":4},"end":{"line":41,"column":4}}},"2":{"name":"constructor","line":50,"loc":{"start":{"line":46,"column":4},"end":{"line":54,"column":4}}},"3":{"name":"supportsInterface","line":56,"loc":{"start":{"line":56,"column":4},"end":{"line":64,"column":4}}},"4":{"name":"addAdmin","line":70,"loc":{"start":{"line":70,"column":4},"end":{"line":72,"column":4}}},"5":{"name":"removeAdmin","line":78,"loc":{"start":{"line":78,"column":4},"end":{"line":80,"column":4}}},"6":{"name":"saleStart","line":86,"loc":{"start":{"line":86,"column":4},"end":{"line":89,"column":4}}},"7":{"name":"saleStop","line":95,"loc":{"start":{"line":95,"column":4},"end":{"line":98,"column":4}}},"8":{"name":"mintToken","line":105,"loc":{"start":{"line":105,"column":4},"end":{"line":113,"column":4}}},"9":{"name":"setBaseURI","line":118,"loc":{"start":{"line":118,"column":4},"end":{"line":120,"column":4}}},"10":{"name":"_baseURI","line":125,"loc":{"start":{"line":125,"column":4},"end":{"line":127,"column":4}}}},"statementMap":{"1":{"start":{"line":39,"column":8},"end":{"line":39,"column":47}},"2":{"start":{"line":51,"column":8},"end":{"line":51,"column":41}},"3":{"start":{"line":52,"column":8},"end":{"line":52,"column":44}},"4":{"start":{"line":53,"column":8},"end":{"line":53,"column":32}},"5":{"start":{"line":63,"column":8},"end":{"line":63,"column":51}},"6":{"start":{"line":71,"column":8},"end":{"line":71,"column":42}},"7":{"start":{"line":79,"column":8},"end":{"line":79,"column":43}},"8":{"start":{"line":87,"column":8},"end":{"line":87,"column":55}},"9":{"start":{"line":88,"column":8},"end":{"line":88,"column":26}},"10":{"start":{"line":96,"column":8},"end":{"line":96,"column":50}},"11":{"start":{"line":97,"column":8},"end":{"line":97,"column":27}},"12":{"start":{"line":106,"column":8},"end":{"line":106,"column":65}},"13":{"start":{"line":107,"column":8},"end":{"line":107,"column":34}},"14":{"start":{"line":109,"column":8},"end":{"line":109,"column":51}},"15":{"start":{"line":110,"column":8},"end":{"line":110,"column":33}},"16":{"start":{"line":111,"column":8},"end":{"line":111,"column":73}},"17":{"start":{"line":112,"column":8},"end":{"line":112,"column":22}},"18":{"start":{"line":119,"column":8},"end":{"line":119,"column":25}},"19":{"start":{"line":126,"column":8},"end":{"line":126,"column":22}}},"branchMap":{"1":{"line":39,"type":"if","locations":[{"start":{"line":39,"column":8},"end":{"line":39,"column":8}},{"start":{"line":39,"column":8},"end":{"line":39,"column":8}}]},"2":{"line":87,"type":"if","locations":[{"start":{"line":87,"column":8},"end":{"line":87,"column":8}},{"start":{"line":87,"column":8},"end":{"line":87,"column":8}}]},"3":{"line":96,"type":"if","locations":[{"start":{"line":96,"column":8},"end":{"line":96,"column":8}},{"start":{"line":96,"column":8},"end":{"line":96,"column":8}}]},"4":{"line":106,"type":"if","locations":[{"start":{"line":106,"column":8},"end":{"line":106,"column":8}},{"start":{"line":106,"column":8},"end":{"line":106,"column":8}}]}}},
"contracts/mojito/interfaces/IAuctionHouse.sol":{"l":{},"path":"/home/madhankumar/sub/mojito-blockchain/mojito-contracts/contracts/mojito/interfaces/IAuctionHouse.sol","s":{},"b":{},"f":{},"fnMap":{},"statementMap":{},"branchMap":{}},
"contracts/mojito/interfaces/IBuy.sol":{"l":{},"path":"/home/madhankumar/sub/mojito-blockchain/mojito-contracts/contracts/mojito/interfaces/IBuy.sol","s":{},"b":{},"f":{},"fnMap":{},"statementMap":{},"branchMap":{}},
"contracts/mojito/interfaces/IBuyNow.sol":{"l":{},"path":"/home/madhankumar/sub/mojito-blockchain/mojito-contracts/contracts/mojito/interfaces/IBuyNow.sol","s":{},"b":{},"f":{},"fnMap":{},"statementMap":{},"branchMap":{}},
"contracts/mojito/interfaces/IMedia.sol":{"l":{},"path":"/home/madhankumar/sub/mojito-blockchain/mojito-contracts/contracts/mojito/interfaces/IMedia.sol","s":{},"b":{},"f":{},"fnMap":{},"statementMap":{},"branchMap":{}},
"contracts/mojito/interfaces/IOffers.sol":{"l":{},"path":"/home/madhankumar/sub/mojito-blockchain/mojito-contracts/contracts/mojito/interfaces/IOffers.sol","s":{},"b":{},"f":{},"fnMap":{},"statementMap":{},"branchMap":{}},
"contracts/mojito/interfaces/ITradeHouse.sol":{"l":{},"path":"/home/madhankumar/sub/mojito-blockchain/mojito-contracts/contracts/mojito/interfaces/ITradeHouse.sol","s":{},"b":{},"f":{},"fnMap":{},"statementMap":{},"branchMap":{}},
"contracts/mojito/ProvenanceExtension.sol":{"l":{"31":0,"32":0,"40":0,"41":0,"49":0,"50":0,"62":0,"63":0,"64":0,"69":0,"71":0,"72":0,"83":0,"91":0,"103":0,"104":0,"105":0,"109":0,"112":0,"114":0,"116":0,"117":0,"119":0,"121":0,"130":0,"131":0,"140":0},"path":"/home/madhankumar/sub/mojito-blockchain/mojito-contracts/contracts/mojito/ProvenanceExtension.sol","s":{"1":0,"2":0,"3":0,"4":0,"5":0,"6":0,"7":0,"8":0,"9":0,"10":0,"11":0,"12":0,"13":0,"14":0,"15":0,"16":0,"17":0,"18":0,"19":0,"20":0,"21":0,"22":0,"23":0,"24":0,"25":0,"26":0,"27":0},"b":{"1":[0,0],"2":[0,0],"3":[0,0],"4":[0,0],"5":[0,0],"6":[0,0],"7":[0,0],"8":[0,0],"9":[0,0],"10":[0,0]},"f":{"1":0,"2":0,"3":0,"4":0,"5":0,"6":0,"7":0,"8":0,"9":0},"fnMap":{"1":{"name":"constructor","line":30,"loc":{"start":{"line":30,"column":4},"end":{"line":33,"column":4}}},"2":{"name":"unpauseContract","line":39,"loc":{"start":{"line":39,"column":4},"end":{"line":42,"column":4}}},"3":{"name":"pauseContract","line":48,"loc":{"start":{"line":48,"column":4},"end":{"line":51,"column":4}}},"4":{"name":"mintBatch","line":59,"loc":{"start":{"line":57,"column":4},"end":{"line":73,"column":4}}},"5":{"name":"setProvenanceHash","line":81,"loc":{"start":{"line":79,"column":4},"end":{"line":84,"column":4}}},"6":{"name":"setBaseURI","line":90,"loc":{"start":{"line":90,"column":4},"end":{"line":92,"column":4}}},"7":{"name":"redeem","line":98,"loc":{"start":{"line":98,"column":4},"end":{"line":122,"column":4}}},"8":{"name":"getVoucherSigner","line":129,"loc":{"start":{"line":129,"column":4},"end":{"line":132,"column":4}}},"9":{"name":"getVoucherDigest","line":138,"loc":{"start":{"line":138,"column":4},"end":{"line":148,"column":4}}}},"statementMap":{"1":{"start":{"line":31,"column":8},"end":{"line":31,"column":33}},"2":{"start":{"line":32,"column":8},"end":{"line":32,"column":23}},"3":{"start":{"line":40,"column":8},"end":{"line":40,"column":47}},"4":{"start":{"line":41,"column":8},"end":{"line":41,"column":21}},"5":{"start":{"line":49,"column":8},"end":{"line":49,"column":46}},"6":{"start":{"line":50,"column":8},"end":{"line":50,"column":20}},"7":{"start":{"line":62,"column":8},"end":{"line":62,"column":46}},"8":{"start":{"line":63,"column":8},"end":{"line":63,"column":68}},"9":{"start":{"line":64,"column":8},"end":{"line":64,"column":1757}},"10":{"start":{"line":69,"column":8},"end":{"line":69,"column":1959}},"11":{"start":{"line":71,"column":8},"end":{"line":71,"column":37}},"12":{"start":{"line":72,"column":8},"end":{"line":72,"column":21}},"13":{"start":{"line":83,"column":8},"end":{"line":83,"column":39}},"14":{"start":{"line":91,"column":8},"end":{"line":91,"column":78}},"15":{"start":{"line":103,"column":8},"end":{"line":103,"column":46}},"16":{"start":{"line":104,"column":8},"end":{"line":104,"column":76}},"17":{"start":{"line":105,"column":8},"end":{"line":105,"column":2954}},"18":{"start":{"line":109,"column":8},"end":{"line":109,"column":76}},"19":{"start":{"line":112,"column":8},"end":{"line":112,"column":50}},"20":{"start":{"line":114,"column":8},"end":{"line":114,"column":85}},"21":{"start":{"line":116,"column":8},"end":{"line":116,"column":36}},"22":{"start":{"line":117,"column":8},"end":{"line":117,"column":3493}},"23":{"start":{"line":119,"column":8},"end":{"line":119,"column":45}},"24":{"start":{"line":121,"column":8},"end":{"line":121,"column":21}},"25":{"start":{"line":130,"column":8},"end":{"line":130,"column":50}},"26":{"start":{"line":131,"column":8},"end":{"line":131,"column":48}},"27":{"start":{"line":140,"column":8},"end":{"line":140,"column":4234}}},"branchMap":{"1":{"line":40,"type":"if","locations":[{"start":{"line":40,"column":8},"end":{"line":40,"column":8}},{"start":{"line":40,"column":8},"end":{"line":40,"column":8}}]},"2":{"line":49,"type":"if","locations":[{"start":{"line":49,"column":8},"end":{"line":49,"column":8}},{"start":{"line":49,"column":8},"end":{"line":49,"column":8}}]},"3":{"line":62,"type":"if","locations":[{"start":{"line":62,"column":8},"end":{"line":62,"column":8}},{"start":{"line":62,"column":8},"end":{"line":62,"column":8}}]},"4":{"line":63,"type":"if","locations":[{"start":{"line":63,"column":8},"end":{"line":63,"column":8}},{"start":{"line":63,"column":8},"end":{"line":63,"column":8}}]},"5":{"line":64,"type":"if","locations":[{"start":{"line":64,"column":8},"end":{"line":64,"column":8}},{"start":{"line":64,"column":8},"end":{"line":64,"column":8}}]},"6":{"line":103,"type":"if","locations":[{"start":{"line":103,"column":8},"end":{"line":103,"column":8}},{"start":{"line":103,"column":8},"end":{"line":103,"column":8}}]},"7":{"line":104,"type":"if","locations":[{"start":{"line":104,"column":8},"end":{"line":104,"column":8}},{"start":{"line":104,"column":8},"end":{"line":104,"column":8}}]},"8":{"line":105,"type":"if","locations":[{"start":{"line":105,"column":8},"end":{"line":105,"column":8}},{"start":{"line":105,"column":8},"end":{"line":105,"column":8}}]},"9":{"line":109,"type":"if","locations":[{"start":{"line":109,"column":8},"end":{"line":109,"column":8}},{"start":{"line":109,"column":8},"end":{"line":109,"column":8}}]},"10":{"line":114,"type":"if","locations":[{"start":{"line":114,"column":8},"end":{"line":114,"column":8}},{"start":{"line":114,"column":8},"end":{"line":114,"column":8}}]}}},
"contracts/mojito/RedeemableExtension.sol":{"l":{"36":0,"37":0,"41":0,"42":0,"50":0,"58":0,"71":0,"72":0,"77":0,"79":0,"80":0,"88":0,"93":0,"94":0,"95":0,"103":0,"115":0,"116":0,"120":0,"123":0,"125":0,"127":0,"128":0,"130":0,"131":0,"132":0,"135":0,"138":0,"139":0,"147":0,"148":0,"156":0,"177":0,"179":0,"180":0},"path":"/home/madhankumar/sub/mojito-blockchain/mojito-contracts/contracts/mojito/RedeemableExtension.sol","s":{"1":0,"2":0,"3":0,"4":0,"5":0,"6":0,"7":0,"8":0,"9":0,"10":0,"11":0,"12":0,"13":0,"14":0,"15":0,"16":0,"17":0,"18":0,"19":0,"20":0,"21":0,"22":0,"23":0,"24":0,"25":0,"26":0,"27":0,"28":0,"29":0,"30":0,"31":0,"32":0,"33":0,"34":0},"b":{"1":[0,0],"2":[0,0],"3":[0,0],"4":[0,0],"5":[0,0],"6":[0,0],"7":[0,0],"8":[0,0],"9":[0,0],"10":[0,0]},"f":{"1":0,"2":0,"3":0,"4":0,"5":0,"6":0,"7":0,"8":0,"9":0,"10":0,"11":0},"fnMap":{"1":{"name":"notPaused","line":35,"loc":{"start":{"line":35,"column":4},"end":{"line":38,"column":4}}},"2":{"name":"constructor","line":40,"loc":{"start":{"line":40,"column":4},"end":{"line":43,"column":4}}},"3":{"name":"unpauseContract","line":49,"loc":{"start":{"line":49,"column":4},"end":{"line":51,"column":4}}},"4":{"name":"pauseContract","line":57,"loc":{"start":{"line":57,"column":4},"end":{"line":59,"column":4}}},"5":{"name":"mintBatch","line":68,"loc":{"start":{"line":65,"column":4},"end":{"line":81,"column":4}}},"6":{"name":"mint","line":87,"loc":{"start":{"line":87,"column":4},"end":{"line":96,"column":4}}},"7":{"name":"setBaseURI","line":102,"loc":{"start":{"line":102,"column":4},"end":{"line":104,"column":4}}},"8":{"name":"redeem","line":112,"loc":{"start":{"line":110,"column":4},"end":{"line":140,"column":4}}},"9":{"name":"getVoucherSigner","line":146,"loc":{"start":{"line":146,"column":4},"end":{"line":149,"column":4}}},"10":{"name":"getVoucherDigest","line":155,"loc":{"start":{"line":155,"column":4},"end":{"line":164,"column":4}}},"11":{"name":"redeemToken","line":176,"loc":{"start":{"line":176,"column":4},"end":{"line":181,"column":4}}}},"statementMap":{"1":{"start":{"line":36,"column":8},"end":{"line":36,"column":46}},"2":{"start":{"line":41,"column":8},"end":{"line":41,"column":33}},"3":{"start":{"line":42,"column":8},"end":{"line":42,"column":23}},"4":{"start":{"line":50,"column":8},"end":{"line":50,"column":21}},"5":{"start":{"line":58,"column":8},"end":{"line":58,"column":20}},"6":{"start":{"line":71,"column":8},"end":{"line":71,"column":68}},"7":{"start":{"line":72,"column":8},"end":{"line":72,"column":1924}},"8":{"start":{"line":77,"column":8},"end":{"line":77,"column":2126}},"9":{"start":{"line":79,"column":8},"end":{"line":79,"column":37}},"10":{"start":{"line":80,"column":8},"end":{"line":80,"column":21}},"11":{"start":{"line":88,"column":8},"end":{"line":88,"column":2460}},"12":{"start":{"line":93,"column":8},"end":{"line":93,"column":84}},"13":{"start":{"line":94,"column":8},"end":{"line":94,"column":24}},"14":{"start":{"line":95,"column":8},"end":{"line":95,"column":22}},"15":{"start":{"line":103,"column":8},"end":{"line":103,"column":78}},"16":{"start":{"line":115,"column":8},"end":{"line":115,"column":76}},"17":{"start":{"line":116,"column":8},"end":{"line":116,"column":3305}},"18":{"start":{"line":120,"column":8},"end":{"line":120,"column":83}},"19":{"start":{"line":123,"column":8},"end":{"line":123,"column":50}},"20":{"start":{"line":125,"column":8},"end":{"line":125,"column":85}},"21":{"start":{"line":127,"column":8},"end":{"line":127,"column":43}},"22":{"start":{"line":128,"column":8},"end":{"line":128,"column":31}},"23":{"start":{"line":130,"column":8},"end":{"line":130,"column":3835}},"24":{"start":{"line":131,"column":12},"end":{"line":131,"column":3883}},"25":{"start":{"line":132,"column":12},"end":{"line":132,"column":91}},"26":{"start":{"line":135,"column":12},"end":{"line":135,"column":4133}},"27":{"start":{"line":138,"column":8},"end":{"line":138,"column":45}},"28":{"start":{"line":139,"column":8},"end":{"line":139,"column":21}},"29":{"start":{"line":147,"column":8},"end":{"line":147,"column":50}},"30":{"start":{"line":148,"column":8},"end":{"line":148,"column":48}},"31":{"start":{"line":156,"column":8},"end":{"line":156,"column":4865}},"32":{"start":{"line":177,"column":8},"end":{"line":177,"column":67}},"33":{"start":{"line":179,"column":8},"end":{"line":179,"column":38}},"34":{"start":{"line":180,"column":8},"end":{"line":180,"column":35}}},"branchMap":{"1":{"line":36,"type":"if","locations":[{"start":{"line":36,"column":8},"end":{"line":36,"column":8}},{"start":{"line":36,"column":8},"end":{"line":36,"column":8}}]},"2":{"line":71,"type":"if","locations":[{"start":{"line":71,"column":8},"end":{"line":71,"column":8}},{"start":{"line":71,"column":8},"end":{"line":71,"column":8}}]},"3":{"line":72,"type":"if","locations":[{"start":{"line":72,"column":8},"end":{"line":72,"column":8}},{"start":{"line":72,"column":8},"end":{"line":72,"column":8}}]},"4":{"line":88,"type":"if","locations":[{"start":{"line":88,"column":8},"end":{"line":88,"column":8}},{"start":{"line":88,"column":8},"end":{"line":88,"column":8}}]},"5":{"line":115,"type":"if","locations":[{"start":{"line":115,"column":8},"end":{"line":115,"column":8}},{"start":{"line":115,"column":8},"end":{"line":115,"column":8}}]},"6":{"line":116,"type":"if","locations":[{"start":{"line":116,"column":8},"end":{"line":116,"column":8}},{"start":{"line":116,"column":8},"end":{"line":116,"column":8}}]},"7":{"line":120,"type":"if","locations":[{"start":{"line":120,"column":8},"end":{"line":120,"column":8}},{"start":{"line":120,"column":8},"end":{"line":120,"column":8}}]},"8":{"line":125,"type":"if","locations":[{"start":{"line":125,"column":8},"end":{"line":125,"column":8}},{"start":{"line":125,"column":8},"end":{"line":125,"column":8}}]},"9":{"line":130,"type":"if","locations":[{"start":{"line":130,"column":8},"end":{"line":130,"column":8}},{"start":{"line":130,"column":8},"end":{"line":130,"column":8}}]},"10":{"line":177,"type":"if","locations":[{"start":{"line":177,"column":8},"end":{"line":177,"column":8}},{"start":{"line":177,"column":8},"end":{"line":177,"column":8}}]}}},
"contracts/mojito/sothebys/MarketPlace.sol":{"l":{"104":0,"114":0,"126":0,"132":0,"133":0,"134":0,"135":0,"143":0,"153":0,"160":0,"166":0,"169":0,"171":0,"173":0,"175":0,"180":0,"181":0,"182":0,"183":0,"185":0,"187":0,"194":0,"196":0,"215":0,"225":0,"231":0,"234":0,"236":0,"238":0,"240":0,"241":0,"242":0,"243":0,"245":0,"248":0,"256":0,"258":0,"278":0,"280":0,"283":0,"284":0,"286":0,"293":0,"296":0,"303":0,"309":0,"313":0,"319":0,"337":0,"340":0,"346":0,"352":0,"355":0,"358":0,"360":0,"361":0,"364":0,"366":0,"367":0,"370":0,"371":0,"372":0,"377":0,"385":0,"405":0},"path":"/home/madhankumar/sub/mojito-blockchain/mojito-contracts/contracts/mojito/sothebys/MarketPlace.sol","s":{"1":0,"2":0,"3":0,"4":0,"5":0,"6":0,"7":0,"8":0,"9":0,"10":0,"11":0,"12":0,"13":0,"14":0,"15":0,"16":0,"17":0,"18":0,"19":0,"20":0,"21":0,"22":0,"23":0,"24":0,"25":0,"26":0,"27":0,"28":0,"29":0,"30":0,"31":0,"32":0,"33":0,"34":0,"35":0,"36":0,"37":0,"38":0,"39":0,"40":0,"41":0,"42":0,"43":0,"44":0,"45":0,"46":0,"47":0,"48":0,"49":0,"50":0,"51":0,"52":0,"53":0,"54":0,"55":0,"56":0,"57":0,"58":0,"59":0,"60":0,"61":0,"62":0,"63":0,"64":0},"b":{"1":[0,0],"2":[0,0],"3":[0,0],"4":[0,0],"5":[0,0],"6":[0,0],"7":[0,0],"8":[0,0],"9":[0,0],"10":[0,0],"11":[0,0],"12":[0,0],"13":[0,0],"14":[0,0],"15":[0,0],"16":[0,0],"17":[0,0],"18":[0,0],"19":[0,0]},"f":{"1":0,"2":0,"3":0,"4":0,"5":0,"6":0,"7":0,"8":0,"9":0,"10":0,"11":0},"fnMap":{"1":{"name":"onERC1155Received","line":97,"loc":{"start":{"line":97,"column":4},"end":{"line":105,"column":4}}},"2":{"name":"onERC1155BatchReceived","line":107,"loc":{"start":{"line":107,"column":4},"end":{"line":115,"column":4}}},"3":{"name":"constructor","line":120,"loc":{"start":{"line":120,"column":4},"end":{"line":136,"column":4}}},"4":{"name":"buy","line":141,"loc":{"start":{"line":138,"column":4},"end":{"line":208,"column":4}}},"5":{"name":"sell","line":213,"loc":{"start":{"line":210,"column":4},"end":{"line":270,"column":4}}},"6":{"name":"_handlePayment","line":272,"loc":{"start":{"line":272,"column":4},"end":{"line":289,"column":4}}},"7":{"name":"_tokenTransaction","line":291,"loc":{"start":{"line":291,"column":4},"end":{"line":327,"column":4}}},"8":{"name":"_handleRoyaltyEnginePayout","line":329,"loc":{"start":{"line":329,"column":4},"end":{"line":378,"column":4}}},"9":{"name":"_verifySignature","line":380,"loc":{"start":{"line":380,"column":4},"end":{"line":398,"column":4}}},"10":{"name":"getMessageHash","line":400,"loc":{"start":{"line":400,"column":4},"end":{"line":417,"column":4}}},"11":{"name":null,"line":422,"loc":{"start":{"line":422,"column":4},"end":{"line":422,"column":33}}}},"statementMap":{"1":{"start":{"line":104,"column":8},"end":{"line":104,"column":46}},"2":{"start":{"line":114,"column":8},"end":{"line":114,"column":51}},"3":{"start":{"line":126,"column":8},"end":{"line":126,"column":3729}},"4":{"start":{"line":132,"column":8},"end":{"line":132,"column":31}},"5":{"start":{"line":133,"column":8},"end":{"line":133,"column":61}},"6":{"start":{"line":134,"column":8},"end":{"line":134,"column":56}},"7":{"start":{"line":135,"column":8},"end":{"line":135,"column":53}},"8":{"start":{"line":143,"column":8},"end":{"line":143,"column":4304}},"9":{"start":{"line":153,"column":8},"end":{"line":153,"column":4645}},"10":{"start":{"line":160,"column":8},"end":{"line":160,"column":4870}},"11":{"start":{"line":166,"column":8},"end":{"line":166,"column":58}},"12":{"start":{"line":169,"column":8},"end":{"line":169,"column":34}},"13":{"start":{"line":171,"column":8},"end":{"line":171,"column":58}},"14":{"start":{"line":173,"column":8},"end":{"line":173,"column":51}},"15":{"start":{"line":175,"column":8},"end":{"line":175,"column":5284}},"16":{"start":{"line":180,"column":8},"end":{"line":180,"column":27}},"17":{"start":{"line":181,"column":8},"end":{"line":181,"column":5486}},"18":{"start":{"line":182,"column":12},"end":{"line":182,"column":77}},"19":{"start":{"line":183,"column":12},"end":{"line":183,"column":63}},"20":{"start":{"line":185,"column":12},"end":{"line":185,"column":90}},"21":{"start":{"line":187,"column":8},"end":{"line":187,"column":5813}},"22":{"start":{"line":194,"column":8},"end":{"line":194,"column":85}},"23":{"start":{"line":196,"column":8},"end":{"line":196,"column":6114}},"24":{"start":{"line":215,"column":8},"end":{"line":215,"column":6565}},"25":{"start":{"line":225,"column":8},"end":{"line":225,"column":6906}},"26":{"start":{"line":231,"column":8},"end":{"line":231,"column":58}},"27":{"start":{"line":234,"column":8},"end":{"line":234,"column":34}},"28":{"start":{"line":236,"column":8},"end":{"line":236,"column":57}},"29":{"start":{"line":238,"column":8},"end":{"line":238,"column":51}},"30":{"start":{"line":240,"column":8},"end":{"line":240,"column":27}},"31":{"start":{"line":241,"column":8},"end":{"line":241,"column":7346}},"32":{"start":{"line":242,"column":12},"end":{"line":242,"column":77}},"33":{"start":{"line":243,"column":12},"end":{"line":243,"column":63}},"34":{"start":{"line":245,"column":12},"end":{"line":245,"column":92}},"35":{"start":{"line":248,"column":8},"end":{"line":248,"column":7678}},"36":{"start":{"line":256,"column":8},"end":{"line":256,"column":94}},"37":{"start":{"line":258,"column":8},"end":{"line":258,"column":7993}},"38":{"start":{"line":278,"column":8},"end":{"line":278,"column":8475}},"39":{"start":{"line":280,"column":12},"end":{"line":280,"column":66}},"40":{"start":{"line":283,"column":12},"end":{"line":283,"column":57}},"41":{"start":{"line":284,"column":12},"end":{"line":284,"column":8672}},"42":{"start":{"line":286,"column":16},"end":{"line":286,"column":78}},"43":{"start":{"line":293,"column":8},"end":{"line":293,"column":8903}},"44":{"start":{"line":296,"column":12},"end":{"line":296,"column":9016}},"45":{"start":{"line":303,"column":12},"end":{"line":303,"column":9236}},"46":{"start":{"line":309,"column":12},"end":{"line":309,"column":9409}},"47":{"start":{"line":313,"column":12},"end":{"line":313,"column":9557}},"48":{"start":{"line":319,"column":12},"end":{"line":319,"column":9749}},"49":{"start":{"line":337,"column":8},"end":{"line":337,"column":41}},"50":{"start":{"line":340,"column":8},"end":{"line":340,"column":10345}},"51":{"start":{"line":346,"column":12},"end":{"line":346,"column":10624}},"52":{"start":{"line":352,"column":12},"end":{"line":352,"column":55}},"53":{"start":{"line":355,"column":12},"end":{"line":355,"column":52}},"54":{"start":{"line":355,"column":38},"end":{"line":355,"column":52}},"55":{"start":{"line":358,"column":12},"end":{"line":358,"column":11013}},"56":{"start":{"line":360,"column":16},"end":{"line":360,"column":57}},"57":{"start":{"line":361,"column":16},"end":{"line":361,"column":67}},"58":{"start":{"line":364,"column":16},"end":{"line":364,"column":62}},"59":{"start":{"line":366,"column":16},"end":{"line":366,"column":72}},"60":{"start":{"line":367,"column":16},"end":{"line":367,"column":79}},"61":{"start":{"line":371,"column":20},"end":{"line":371,"column":44}},"62":{"start":{"line":377,"column":8},"end":{"line":377,"column":30}},"63":{"start":{"line":385,"column":8},"end":{"line":385,"column":12052}},"64":{"start":{"line":405,"column":8},"end":{"line":405,"column":12558}}},"branchMap":{"1":{"line":126,"type":"if","locations":[{"start":{"line":126,"column":8},"end":{"line":126,"column":8}},{"start":{"line":126,"column":8},"end":{"line":126,"column":8}}]},"2":{"line":143,"type":"if","locations":[{"start":{"line":143,"column":8},"end":{"line":143,"column":8}},{"start":{"line":143,"column":8},"end":{"line":143,"column":8}}]},"3":{"line":153,"type":"if","locations":[{"start":{"line":153,"column":8},"end":{"line":153,"column":8}},{"start":{"line":153,"column":8},"end":{"line":153,"column":8}}]},"4":{"line":160,"type":"if","locations":[{"start":{"line":160,"column":8},"end":{"line":160,"column":8}},{"start":{"line":160,"column":8},"end":{"line":160,"column":8}}]},"5":{"line":166,"type":"if","locations":[{"start":{"line":166,"column":8},"end":{"line":166,"column":8}},{"start":{"line":166,"column":8},"end":{"line":166,"column":8}}]},"6":{"line":175,"type":"if","locations":[{"start":{"line":175,"column":8},"end":{"line":175,"column":8}},{"start":{"line":175,"column":8},"end":{"line":175,"column":8}}]},"7":{"line":181,"type":"if","locations":[{"start":{"line":181,"column":8},"end":{"line":181,"column":8}},{"start":{"line":181,"column":8},"end":{"line":181,"column":8}}]},"8":{"line":215,"type":"if","locations":[{"start":{"line":215,"column":8},"end":{"line":215,"column":8}},{"start":{"line":215,"column":8},"end":{"line":215,"column":8}}]},"9":{"line":225,"type":"if","locations":[{"start":{"line":225,"column":8},"end":{"line":225,"column":8}},{"start":{"line":225,"column":8},"end":{"line":225,"column":8}}]},"10":{"line":231,"type":"if","locations":[{"start":{"line":231,"column":8},"end":{"line":231,"column":8}},{"start":{"line":231,"column":8},"end":{"line":231,"column":8}}]},"11":{"line":241,"type":"if","locations":[{"start":{"line":241,"column":8},"end":{"line":241,"column":8}},{"start":{"line":241,"column":8},"end":{"line":241,"column":8}}]},"12":{"line":278,"type":"if","locations":[{"start":{"line":278,"column":8},"end":{"line":278,"column":8}},{"start":{"line":278,"column":8},"end":{"line":278,"column":8}}]},"13":{"line":284,"type":"if","locations":[{"start":{"line":284,"column":12},"end":{"line":284,"column":12}},{"start":{"line":284,"column":12},"end":{"line":284,"column":12}}]},"14":{"line":293,"type":"if","locations":[{"start":{"line":293,"column":8},"end":{"line":293,"column":8}},{"start":{"line":293,"column":8},"end":{"line":293,"column":8}}]},"15":{"line":296,"type":"if","locations":[{"start":{"line":296,"column":12},"end":{"line":296,"column":12}},{"start":{"line":296,"column":12},"end":{"line":296,"column":12}}]},"16":{"line":313,"type":"if","locations":[{"start":{"line":313,"column":12},"end":{"line":313,"column":12}},{"start":{"line":313,"column":12},"end":{"line":313,"column":12}}]},"17":{"line":340,"type":"if","locations":[{"start":{"line":340,"column":8},"end":{"line":340,"column":8}},{"start":{"line":340,"column":8},"end":{"line":340,"column":8}}]},"18":{"line":355,"type":"if","locations":[{"start":{"line":355,"column":12},"end":{"line":355,"column":12}},{"start":{"line":355,"column":12},"end":{"line":355,"column":12}}]},"19":{"line":364,"type":"if","locations":[{"start":{"line":364,"column":16},"end":{"line":364,"column":16}},{"start":{"line":364,"column":16},"end":{"line":364,"column":16}}]}}},
"contracts/mojito/StandardizedZoraNFT.sol":{"l":{"34":0,"35":0,"36":0,"37":0,"49":0,"63":0,"64":0,"73":0,"74":0,"83":0,"84":0,"89":0,"97":0,"107":0,"114":0,"119":0,"120":0,"124":0,"130":0,"137":0,"148":0,"150":0,"166":0,"167":0,"168":0,"171":0},"path":"/home/madhankumar/sub/mojito-blockchain/mojito-contracts/contracts/mojito/StandardizedZoraNFT.sol","s":{"1":0,"2":0,"3":0,"4":0,"5":0,"6":0,"7":0,"8":0,"9":0,"10":0,"11":0,"12":0,"13":0,"14":0,"15":0,"16":0,"17":0,"18":0,"19":0,"20":0,"21":0,"22":0,"23":0,"24":0,"25":0,"26":0},"b":{"1":[0,0],"2":[0,0],"3":[0,0]},"f":{"1":0,"2":0,"3":0,"4":0,"5":0,"6":0,"7":0,"8":0,"9":0,"10":0,"11":0,"12":0,"13":0},"fnMap":{"1":{"name":"constructor","line":33,"loc":{"start":{"line":25,"column":4},"end":{"line":38,"column":4}}},"2":{"name":"mintTo","line":47,"loc":{"start":{"line":45,"column":4},"end":{"line":50,"column":4}}},"3":{"name":"mintBatchTo","line":62,"loc":{"start":{"line":58,"column":4},"end":{"line":66,"column":4}}},"4":{"name":"safeBatchTransferFrom","line":68,"loc":{"start":{"line":68,"column":4},"end":{"line":76,"column":4}}},"5":{"name":"batchTransferFrom","line":78,"loc":{"start":{"line":78,"column":4},"end":{"line":86,"column":4}}},"6":{"name":"updateBaseURI","line":88,"loc":{"start":{"line":88,"column":4},"end":{"line":91,"column":4}}},"7":{"name":"updateBaseURISuffix","line":95,"loc":{"start":{"line":93,"column":4},"end":{"line":99,"column":4}}},"8":{"name":"ownerRemoveBid","line":105,"loc":{"start":{"line":101,"column":4},"end":{"line":108,"column":4}}},"9":{"name":"ownerBatchRemoveBids","line":113,"loc":{"start":{"line":110,"column":4},"end":{"line":126,"column":4}}},"10":{"name":"contractURI","line":129,"loc":{"start":{"line":129,"column":4},"end":{"line":131,"column":4}}},"11":{"name":"updateContractURI","line":135,"loc":{"start":{"line":133,"column":4},"end":{"line":139,"column":4}}},"12":{"name":"tokenURI","line":145,"loc":{"start":{"line":141,"column":4},"end":{"line":154,"column":4}}},"13":{"name":"isApprovedForAll","line":159,"loc":{"start":{"line":159,"column":4},"end":{"line":172,"column":4}}}},"statementMap":{"1":{"start":{"line":34,"column":8},"end":{"line":34,"column":35}},"2":{"start":{"line":35,"column":8},"end":{"line":35,"column":47}},"3":{"start":{"line":36,"column":8},"end":{"line":36,"column":49}},"4":{"start":{"line":37,"column":8},"end":{"line":37,"column":51}},"5":{"start":{"line":49,"column":8},"end":{"line":49,"column":37}},"6":{"start":{"line":63,"column":8},"end":{"line":63,"column":2359}},"7":{"start":{"line":64,"column":12},"end":{"line":64,"column":41}},"8":{"start":{"line":73,"column":8},"end":{"line":73,"column":2598}},"9":{"start":{"line":74,"column":12},"end":{"line":74,"column":50}},"10":{"start":{"line":83,"column":8},"end":{"line":83,"column":2851}},"11":{"start":{"line":84,"column":12},"end":{"line":84,"column":46}},"12":{"start":{"line":89,"column":8},"end":{"line":89,"column":35}},"13":{"start":{"line":97,"column":8},"end":{"line":97,"column":47}},"14":{"start":{"line":107,"column":8},"end":{"line":107,"column":57}},"15":{"start":{"line":114,"column":8},"end":{"line":114,"column":3844}},"16":{"start":{"line":119,"column":8},"end":{"line":119,"column":4000}},"17":{"start":{"line":120,"column":12},"end":{"line":120,"column":4064}},"18":{"start":{"line":124,"column":12},"end":{"line":124,"column":69}},"19":{"start":{"line":130,"column":8},"end":{"line":130,"column":34}},"20":{"start":{"line":137,"column":8},"end":{"line":137,"column":49}},"21":{"start":{"line":148,"column":8},"end":{"line":148,"column":4914}},"22":{"start":{"line":150,"column":8},"end":{"line":150,"column":4989}},"23":{"start":{"line":166,"column":8},"end":{"line":166,"column":73}},"24":{"start":{"line":167,"column":8},"end":{"line":167,"column":5538}},"25":{"start":{"line":168,"column":12},"end":{"line":168,"column":23}},"26":{"start":{"line":171,"column":8},"end":{"line":171,"column":54}}},"branchMap":{"1":{"line":114,"type":"if","locations":[{"start":{"line":114,"column":8},"end":{"line":114,"column":8}},{"start":{"line":114,"column":8},"end":{"line":114,"column":8}}]},"2":{"line":120,"type":"if","locations":[{"start":{"line":120,"column":12},"end":{"line":120,"column":12}},{"start":{"line":120,"column":12},"end":{"line":120,"column":12}}]},"3":{"line":167,"type":"if","locations":[{"start":{"line":167,"column":8},"end":{"line":167,"column":8}},{"start":{"line":167,"column":8},"end":{"line":167,"column":8}}]}}},
"contracts/mojito/Strings.sol":{"l":{"15":0,"16":0,"17":0,"18":0,"19":0,"20":0,"24":0,"25":0,"26":0,"27":0,"28":0,"29":0,"30":0,"31":0,"40":0,"48":0,"56":0,"64":0,"65":0,"67":0,"68":0,"69":0,"70":0,"71":0,"73":0,"74":0,"75":0,"76":0,"77":0,"78":0,"79":0,"80":0,"82":0},"path":"/home/madhankumar/sub/mojito-blockchain/mojito-contracts/contracts/mojito/Strings.sol","s":{"1":0,"2":0,"3":0,"4":0,"5":0,"6":0,"7":0,"8":0,"9":0,"10":0,"11":0,"12":0,"13":0,"14":0,"15":0,"16":0,"17":0,"18":0,"19":0,"20":0,"21":0,"22":0,"23":0,"24":0,"25":0,"26":0,"27":0,"28":0,"29":0,"30":0,"31":0,"32":0,"33":0,"34":0,"35":0,"36":0,"37":0},"b":{"1":[0,0]},"f":{"1":0,"2":0,"3":0,"4":0,"5":0},"fnMap":{"1":{"name":"strConcat","line":8,"loc":{"start":{"line":8,"column":4},"end":{"line":32,"column":4}}},"2":{"name":"strConcat","line":34,"loc":{"start":{"line":34,"column":4},"end":{"line":41,"column":4}}},"3":{"name":"strConcat","line":43,"loc":{"start":{"line":43,"column":4},"end":{"line":49,"column":4}}},"4":{"name":"strConcat","line":51,"loc":{"start":{"line":51,"column":4},"end":{"line":57,"column":4}}},"5":{"name":"uint2str","line":59,"loc":{"start":{"line":59,"column":4},"end":{"line":83,"column":4}}}},"statementMap":{"1":{"start":{"line":15,"column":8},"end":{"line":15,"column":36}},"2":{"start":{"line":16,"column":8},"end":{"line":16,"column":36}},"3":{"start":{"line":17,"column":8},"end":{"line":17,"column":36}},"4":{"start":{"line":18,"column":8},"end":{"line":18,"column":36}},"5":{"start":{"line":19,"column":8},"end":{"line":19,"column":36}},"6":{"start":{"line":20,"column":8},"end":{"line":20,"column":572}},"7":{"start":{"line":24,"column":8},"end":{"line":24,"column":42}},"8":{"start":{"line":25,"column":8},"end":{"line":25,"column":21}},"9":{"start":{"line":26,"column":8},"end":{"line":26,"column":69}},"10":{"start":{"line":26,"column":49},"end":{"line":26,"column":68}},"11":{"start":{"line":27,"column":8},"end":{"line":27,"column":69}},"12":{"start":{"line":27,"column":49},"end":{"line":27,"column":68}},"13":{"start":{"line":28,"column":8},"end":{"line":28,"column":69}},"14":{"start":{"line":28,"column":49},"end":{"line":28,"column":68}},"15":{"start":{"line":29,"column":8},"end":{"line":29,"column":69}},"16":{"start":{"line":29,"column":49},"end":{"line":29,"column":68}},"17":{"start":{"line":30,"column":8},"end":{"line":30,"column":69}},"18":{"start":{"line":30,"column":49},"end":{"line":30,"column":68}},"19":{"start":{"line":31,"column":8},"end":{"line":31,"column":29}},"20":{"start":{"line":40,"column":8},"end":{"line":40,"column":44}},"21":{"start":{"line":48,"column":8},"end":{"line":48,"column":44}},"22":{"start":{"line":56,"column":8},"end":{"line":56,"column":44}},"23":{"start":{"line":64,"column":8},"end":{"line":64,"column":1897}},"24":{"start":{"line":65,"column":12},"end":{"line":65,"column":22}},"25":{"start":{"line":67,"column":8},"end":{"line":67,"column":19}},"26":{"start":{"line":68,"column":8},"end":{"line":68,"column":16}},"27":{"start":{"line":69,"column":8},"end":{"line":69,"column":1993}},"28":{"start":{"line":71,"column":12},"end":{"line":71,"column":18}},"29":{"start":{"line":73,"column":8},"end":{"line":73,"column":42}},"30":{"start":{"line":74,"column":8},"end":{"line":74,"column":20}},"31":{"start":{"line":75,"column":8},"end":{"line":75,"column":2134}},"32":{"start":{"line":76,"column":12},"end":{"line":76,"column":18}},"33":{"start":{"line":77,"column":12},"end":{"line":77,"column":56}},"34":{"start":{"line":78,"column":12},"end":{"line":78,"column":36}},"35":{"start":{"line":79,"column":12},"end":{"line":79,"column":23}},"36":{"start":{"line":80,"column":12},"end":{"line":80,"column":19}},"37":{"start":{"line":82,"column":8},"end":{"line":82,"column":27}}},"branchMap":{"1":{"line":64,"type":"if","locations":[{"start":{"line":64,"column":8},"end":{"line":64,"column":8}},{"start":{"line":64,"column":8},"end":{"line":64,"column":8}}]}}},
"contracts/mojito/TestERC20.sol":{"l":{},"path":"/home/madhankumar/sub/mojito-blockchain/mojito-contracts/contracts/mojito/TestERC20.sol","s":{},"b":{},"f":{"1":0},"fnMap":{"1":{"name":"constructor","line":14,"loc":{"start":{"line":10,"column":4},"end":{"line":14,"column":48}}}},"statementMap":{},"branchMap":{}},
"contracts/mojito/TradeHouse.sol":{"l":{"61":0,"62":0,"68":0,"69":0,"73":0,"74":0,"81":0,"85":0,"86":0,"87":0,"88":0,"105":0,"109":0,"110":0,"111":0,"112":0,"114":0,"129":0,"131":0,"133":0,"136":0,"137":0,"140":0,"148":0,"149":0,"158":0,"160":0,"162":0,"179":0,"183":0,"184":0,"185":0,"189":0,"191":0,"206":0,"208":0,"209":0,"211":0,"222":0,"223":0,"225":0,"244":0,"245":0,"246":0,"252":0,"256":0,"264":0,"265":0,"276":0,"277":0,"279":0,"282":0,"284":0,"285":0,"288":0,"292":0,"302":0,"303":0,"305":0,"308":0,"318":0,"319":0,"334":0,"338":0,"343":0,"345":0,"357":0,"359":0,"361":0,"362":0,"372":0,"374":0,"376":0,"385":0,"389":0,"398":0,"399":0,"400":0,"405":0,"406":0,"407":0,"408":0,"409":0,"415":0,"416":0,"419":0,"420":0,"421":0,"424":0,"429":0,"430":0,"434":0,"435":0,"437":0,"438":0,"442":0,"443":0,"444":0,"446":0,"447":0,"452":0,"456":0,"458":0,"466":0,"467":0,"468":0,"469":0,"471":0,"472":0,"474":0,"478":0,"481":0,"482":0,"484":0,"486":0,"488":0,"489":0,"490":0,"491":0,"492":0,"493":0,"497":0,"498":0,"499":0,"500":0,"505":0,"506":0,"507":0,"508":0,"510":0,"511":0,"512":0,"523":0},"path":"/home/madhankumar/sub/mojito-blockchain/mojito-contracts/contracts/mojito/TradeHouse.sol","s":{"1":0,"2":0,"3":0,"4":0,"5":0,"6":0,"7":0,"8":0,"9":0,"10":0,"11":0,"12":0,"13":0,"14":0,"15":0,"16":0,"17":0,"18":0,"19":0,"20":0,"21":0,"22":0,"23":0,"24":0,"25":0,"26":0,"27":0,"28":0,"29":0,"30":0,"31":0,"32":0,"33":0,"34":0,"35":0,"36":0,"37":0,"38":0,"39":0,"40":0,"41":0,"42":0,"43":0,"44":0,"45":0,"46":0,"47":0,"48":0,"49":0,"50":0,"51":0,"52":0,"53":0,"54":0,"55":0,"56":0,"57":0,"58":0,"59":0,"60":0,"61":0,"62":0,"63":0,"64":0,"65":0,"66":0,"67":0,"68":0,"69":0,"70":0,"71":0,"72":0,"73":0,"74":0,"75":0,"76":0,"77":0,"78":0,"79":0,"80":0,"81":0,"82":0,"83":0,"84":0,"85":0,"86":0,"87":0,"88":0,"89":0,"90":0,"91":0,"92":0,"93":0,"94":0,"95":0,"96":0,"97":0,"98":0,"99":0,"100":0,"101":0,"102":0,"103":0,"104":0,"105":0,"106":0,"107":0,"108":0,"109":0,"110":0,"111":0,"112":0,"113":0,"114":0,"115":0,"116":0,"117":0,"118":0,"119":0,"120":0,"121":0,"122":0,"123":0,"124":0,"125":0,"126":0,"127":0,"128":0},"b":{"1":[0,0],"2":[0,0],"3":[0,0],"4":[0,0],"5":[0,0],"6":[0,0],"7":[0,0],"8":[0,0],"9":[0,0],"10":[0,0],"11":[0,0],"12":[0,0],"13":[0,0],"14":[0,0],"15":[0,0],"16":[0,0],"17":[0,0],"18":[0,0],"19":[0,0],"20":[0,0],"21":[0,0],"22":[0,0],"23":[0,0],"24":[0,0],"25":[0,0],"26":[0,0],"27":[0,0],"28":[0,0],"29":[0,0],"30":[0,0],"31":[0,0],"32":[0,0],"33":[0,0],"34":[0,0],"35":[0,0],"36":[0,0],"37":[0,0],"38":[0,0],"39":[0,0],"40":[0,0]},"f":{"1":0,"2":0,"3":0,"4":0,"5":0,"6":0,"7":0,"8":0,"9":0,"10":0,"11":0,"12":0,"13":0,"14":0,"15":0,"16":0,"17":0,"18":0,"19":0,"20":0,"21":0},"fnMap":{"1":{"name":"auctionExists","line":60,"loc":{"start":{"line":60,"column":4},"end":{"line":63,"column":4}}},"2":{"name":"IsAuctionApproved","line":67,"loc":{"start":{"line":67,"column":4},"end":{"line":70,"column":4}}},"3":{"name":"_auctionCheck","line":72,"loc":{"start":{"line":72,"column":4},"end":{"line":75,"column":4}}},"4":{"name":"constructor","line":80,"loc":{"start":{"line":80,"column":4},"end":{"line":89,"column":4}}},"5":{"name":"createAuction","line":104,"loc":{"start":{"line":96,"column":4},"end":{"line":141,"column":4}}},"6":{"name":"setAuctionApproval","line":147,"loc":{"start":{"line":147,"column":4},"end":{"line":150,"column":4}}},"7":{"name":"setAuctionReservePrice","line":157,"loc":{"start":{"line":156,"column":4},"end":{"line":163,"column":4}}},"8":{"name":"createSale","line":177,"loc":{"start":{"line":170,"column":4},"end":{"line":226,"column":4}}},"9":{"name":"createBid","line":242,"loc":{"start":{"line":236,"column":4},"end":{"line":326,"column":4}}},"10":{"name":"endAuction","line":333,"loc":{"start":{"line":333,"column":4},"end":{"line":346,"column":4}}},"11":{"name":"buyNow","line":355,"loc":{"start":{"line":352,"column":4},"end":{"line":377,"column":4}}},"12":{"name":"cancelAuction","line":384,"loc":{"start":{"line":384,"column":4},"end":{"line":390,"column":4}}},"13":{"name":"_handleIncomingBid","line":396,"loc":{"start":{"line":396,"column":4},"end":{"line":411,"column":4}}},"14":{"name":"_handleOutgoingBid","line":413,"loc":{"start":{"line":413,"column":4},"end":{"line":426,"column":4}}},"15":{"name":"_safeTransferETH","line":428,"loc":{"start":{"line":428,"column":4},"end":{"line":431,"column":4}}},"16":{"name":"_cancelAuction","line":433,"loc":{"start":{"line":433,"column":4},"end":{"line":439,"column":4}}},"17":{"name":"_approveAuction","line":441,"loc":{"start":{"line":441,"column":4},"end":{"line":449,"column":4}}},"18":{"name":"_exists","line":451,"loc":{"start":{"line":451,"column":4},"end":{"line":453,"column":4}}},"19":{"name":"_handleZoraAuctionSettlement","line":455,"loc":{"start":{"line":455,"column":4},"end":{"line":479,"column":4}}},"20":{"name":"_TransferProcess","line":480,"loc":{"start":{"line":480,"column":4},"end":{"line":534,"column":4}}},"21":{"name":null,"line":538,"loc":{"start":{"line":538,"column":4},"end":{"line":538,"column":33}}}},"statementMap":{"1":{"start":{"line":61,"column":8},"end":{"line":61,"column":59}},"2":{"start":{"line":68,"column":8},"end":{"line":68,"column":83}},"3":{"start":{"line":73,"column":8},"end":{"line":73,"column":84}},"4":{"start":{"line":81,"column":8},"end":{"line":81,"column":2765}},"5":{"start":{"line":85,"column":8},"end":{"line":85,"column":19}},"6":{"start":{"line":86,"column":8},"end":{"line":86,"column":26}},"7":{"start":{"line":87,"column":8},"end":{"line":87,"column":27}},"8":{"start":{"line":88,"column":8},"end":{"line":88,"column":36}},"9":{"start":{"line":105,"column":8},"end":{"line":105,"column":3642}},"10":{"start":{"line":109,"column":8},"end":{"line":109,"column":88}},"11":{"start":{"line":110,"column":8},"end":{"line":110,"column":68}},"12":{"start":{"line":111,"column":8},"end":{"line":111,"column":150}},"13":{"start":{"line":112,"column":8},"end":{"line":112,"column":55}},"14":{"start":{"line":114,"column":8},"end":{"line":114,"column":4172}},"15":{"start":{"line":129,"column":8},"end":{"line":129,"column":78}},"16":{"start":{"line":131,"column":8},"end":{"line":131,"column":36}},"17":{"start":{"line":133,"column":8},"end":{"line":133,"column":146}},"18":{"start":{"line":136,"column":8},"end":{"line":136,"column":4929}},"19":{"start":{"line":137,"column":12},"end":{"line":137,"column":43}},"20":{"start":{"line":140,"column":8},"end":{"line":140,"column":24}},"21":{"start":{"line":148,"column":8},"end":{"line":148,"column":84}},"22":{"start":{"line":149,"column":8},"end":{"line":149,"column":43}},"23":{"start":{"line":158,"column":8},"end":{"line":158,"column":147}},"24":{"start":{"line":160,"column":8},"end":{"line":160,"column":54}},"25":{"start":{"line":162,"column":8},"end":{"line":162,"column":128}},"26":{"start":{"line":179,"column":8},"end":{"line":179,"column":6748}},"27":{"start":{"line":183,"column":8},"end":{"line":183,"column":88}},"28":{"start":{"line":184,"column":8},"end":{"line":184,"column":68}},"29":{"start":{"line":185,"column":8},"end":{"line":185,"column":7067}},"30":{"start":{"line":189,"column":9},"end":{"line":189,"column":56}},"31":{"start":{"line":191,"column":9},"end":{"line":191,"column":7315}},"32":{"start":{"line":206,"column":8},"end":{"line":206,"column":78}},"33":{"start":{"line":208,"column":8},"end":{"line":208,"column":31}},"34":{"start":{"line":209,"column":8},"end":{"line":209,"column":36}},"35":{"start":{"line":211,"column":8},"end":{"line":211,"column":7992}},"36":{"start":{"line":222,"column":8},"end":{"line":222,"column":8233}},"37":{"start":{"line":223,"column":12},"end":{"line":223,"column":43}},"38":{"start":{"line":225,"column":8},"end":{"line":225,"column":24}},"39":{"start":{"line":244,"column":8},"end":{"line":244,"column":59}},"40":{"start":{"line":245,"column":8},"end":{"line":245,"column":63}},"41":{"start":{"line":246,"column":8},"end":{"line":246,"column":9016}},"42":{"start":{"line":252,"column":8},"end":{"line":252,"column":9237}},"43":{"start":{"line":256,"column":8},"end":{"line":256,"column":9371}},"44":{"start":{"line":264,"column":8},"end":{"line":264,"column":9729}},"45":{"start":{"line":265,"column":12},"end":{"line":265,"column":9793}},"46":{"start":{"line":276,"column":8},"end":{"line":276,"column":10194}},"47":{"start":{"line":277,"column":12},"end":{"line":277,"column":61}},"48":{"start":{"line":278,"column":15},"end":{"line":278,"column":10317}},"49":{"start":{"line":279,"column":12},"end":{"line":279,"column":106}},"50":{"start":{"line":282,"column":8},"end":{"line":282,"column":70}},"51":{"start":{"line":284,"column":8},"end":{"line":284,"column":42}},"52":{"start":{"line":285,"column":8},"end":{"line":285,"column":55}},"53":{"start":{"line":288,"column":8},"end":{"line":288,"column":29}},"54":{"start":{"line":292,"column":8},"end":{"line":292,"column":10994}},"55":{"start":{"line":302,"column":12},"end":{"line":302,"column":62}},"56":{"start":{"line":303,"column":12},"end":{"line":303,"column":11721}},"57":{"start":{"line":305,"column":12},"end":{"line":305,"column":26}},"58":{"start":{"line":308,"column":8},"end":{"line":308,"column":11812}},"59":{"start":{"line":318,"column":8},"end":{"line":318,"column":12082}},"60":{"start":{"line":319,"column":12},"end":{"line":319,"column":12115}},"61":{"start":{"line":334,"column":8},"end":{"line":334,"column":12763}},"62":{"start":{"line":338,"column":8},"end":{"line":338,"column":12895}},"63":{"start":{"line":343,"column":8},"end":{"line":343,"column":61}},"64":{"start":{"line":357,"column":8},"end":{"line":357,"column":57}},"65":{"start":{"line":359,"column":8},"end":{"line":359,"column":55}},"66":{"start":{"line":361,"column":8},"end":{"line":361,"column":13766}},"67":{"start":{"line":362,"column":12},"end":{"line":362,"column":13830}},"68":{"start":{"line":372,"column":8},"end":{"line":372,"column":96}},"69":{"start":{"line":374,"column":7},"end":{"line":374,"column":67}},"70":{"start":{"line":385,"column":8},"end":{"line":385,"column":14611}},"71":{"start":{"line":389,"column":8},"end":{"line":389,"column":32}},"72":{"start":{"line":398,"column":8},"end":{"line":398,"column":15192}},"73":{"start":{"line":399,"column":12},"end":{"line":399,"column":93}},"74":{"start":{"line":400,"column":12},"end":{"line":400,"column":54}},"75":{"start":{"line":405,"column":12},"end":{"line":405,"column":43}},"76":{"start":{"line":406,"column":12},"end":{"line":406,"column":66}},"77":{"start":{"line":407,"column":12},"end":{"line":407,"column":68}},"78":{"start":{"line":408,"column":12},"end":{"line":408,"column":65}},"79":{"start":{"line":409,"column":12},"end":{"line":409,"column":117}},"80":{"start":{"line":415,"column":8},"end":{"line":415,"column":16239}},"81":{"start":{"line":416,"column":12},"end":{"line":416,"column":46}},"82":{"start":{"line":419,"column":12},"end":{"line":419,"column":16423}},"83":{"start":{"line":420,"column":16},"end":{"line":420,"column":58}},"84":{"start":{"line":421,"column":16},"end":{"line":421,"column":59}},"85":{"start":{"line":424,"column":12},"end":{"line":424,"column":52}},"86":{"start":{"line":429,"column":8},"end":{"line":429,"column":62}},"87":{"start":{"line":430,"column":8},"end":{"line":430,"column":22}},"88":{"start":{"line":434,"column":8},"end":{"line":434,"column":59}},"89":{"start":{"line":435,"column":8},"end":{"line":435,"column":122}},"90":{"start":{"line":437,"column":8},"end":{"line":437,"column":115}},"91":{"start":{"line":442,"column":8},"end":{"line":442,"column":17346}},"92":{"start":{"line":443,"column":12},"end":{"line":443,"column":50}},"93":{"start":{"line":444,"column":12},"end":{"line":444,"column":124}},"94":{"start":{"line":446,"column":12},"end":{"line":446,"column":50}},"95":{"start":{"line":447,"column":12},"end":{"line":447,"column":120}},"96":{"start":{"line":452,"column":8},"end":{"line":452,"column":59}},"97":{"start":{"line":456,"column":8},"end":{"line":456,"column":128}},"98":{"start":{"line":458,"column":8},"end":{"line":458,"column":18165}},"99":{"start":{"line":466,"column":8},"end":{"line":466,"column":82}},"100":{"start":{"line":467,"column":8},"end":{"line":467,"column":60}},"101":{"start":{"line":468,"column":8},"end":{"line":468,"column":73}},"102":{"start":{"line":469,"column":8},"end":{"line":469,"column":18633}},"103":{"start":{"line":471,"column":12},"end":{"line":471,"column":70}},"104":{"start":{"line":472,"column":12},"end":{"line":472,"column":29}},"105":{"start":{"line":474,"column":8},"end":{"line":474,"column":72}},"106":{"start":{"line":478,"column":8},"end":{"line":478,"column":54}},"107":{"start":{"line":481,"column":9},"end":{"line":481,"column":129}},"108":{"start":{"line":482,"column":8},"end":{"line":482,"column":30}},"109":{"start":{"line":484,"column":8},"end":{"line":484,"column":41}},"110":{"start":{"line":486,"column":8},"end":{"line":486,"column":19490}},"111":{"start":{"line":488,"column":12},"end":{"line":488,"column":110}},"112":{"start":{"line":489,"column":12},"end":{"line":489,"column":45}},"113":{"start":{"line":490,"column":12},"end":{"line":490,"column":19790}},"114":{"start":{"line":491,"column":16},"end":{"line":491,"column":116}},"115":{"start":{"line":492,"column":16},"end":{"line":492,"column":40}},"116":{"start":{"line":493,"column":16},"end":{"line":493,"column":22}},"117":{"start":{"line":497,"column":12},"end":{"line":497,"column":20135}},"118":{"start":{"line":498,"column":16},"end":{"line":498,"column":116}},"119":{"start":{"line":499,"column":16},"end":{"line":499,"column":40}},"120":{"start":{"line":500,"column":16},"end":{"line":500,"column":22}},"121":{"start":{"line":505,"column":8},"end":{"line":505,"column":20498}},"122":{"start":{"line":506,"column":12},"end":{"line":506,"column":95}},"123":{"start":{"line":507,"column":12},"end":{"line":507,"column":62}},"124":{"start":{"line":508,"column":12},"end":{"line":508,"column":107}},"125":{"start":{"line":510,"column":8},"end":{"line":510,"column":112}},"126":{"start":{"line":511,"column":8},"end":{"line":511,"column":20952}},"127":{"start":{"line":512,"column":12},"end":{"line":512,"column":21017}},"128":{"start":{"line":523,"column":12},"end":{"line":523,"column":21374}}},"branchMap":{"1":{"line":61,"type":"if","locations":[{"start":{"line":61,"column":8},"end":{"line":61,"column":8}},{"start":{"line":61,"column":8},"end":{"line":61,"column":8}}]},"2":{"line":68,"type":"if","locations":[{"start":{"line":68,"column":8},"end":{"line":68,"column":8}},{"start":{"line":68,"column":8},"end":{"line":68,"column":8}}]},"3":{"line":73,"type":"if","locations":[{"start":{"line":73,"column":8},"end":{"line":73,"column":8}},{"start":{"line":73,"column":8},"end":{"line":73,"column":8}}]},"4":{"line":81,"type":"if","locations":[{"start":{"line":81,"column":8},"end":{"line":81,"column":8}},{"start":{"line":81,"column":8},"end":{"line":81,"column":8}}]},"5":{"line":105,"type":"if","locations":[{"start":{"line":105,"column":8},"end":{"line":105,"column":8}},{"start":{"line":105,"column":8},"end":{"line":105,"column":8}}]},"6":{"line":109,"type":"if","locations":[{"start":{"line":109,"column":8},"end":{"line":109,"column":8}},{"start":{"line":109,"column":8},"end":{"line":109,"column":8}}]},"7":{"line":111,"type":"if","locations":[{"start":{"line":111,"column":8},"end":{"line":111,"column":8}},{"start":{"line":111,"column":8},"end":{"line":111,"column":8}}]},"8":{"line":136,"type":"if","locations":[{"start":{"line":136,"column":8},"end":{"line":136,"column":8}},{"start":{"line":136,"column":8},"end":{"line":136,"column":8}}]},"9":{"line":148,"type":"if","locations":[{"start":{"line":148,"column":8},"end":{"line":148,"column":8}},{"start":{"line":148,"column":8},"end":{"line":148,"column":8}}]},"10":{"line":158,"type":"if","locations":[{"start":{"line":158,"column":8},"end":{"line":158,"column":8}},{"start":{"line":158,"column":8},"end":{"line":158,"column":8}}]},"11":{"line":179,"type":"if","locations":[{"start":{"line":179,"column":8},"end":{"line":179,"column":8}},{"start":{"line":179,"column":8},"end":{"line":179,"column":8}}]},"12":{"line":183,"type":"if","locations":[{"start":{"line":183,"column":8},"end":{"line":183,"column":8}},{"start":{"line":183,"column":8},"end":{"line":183,"column":8}}]},"13":{"line":185,"type":"if","locations":[{"start":{"line":185,"column":8},"end":{"line":185,"column":8}},{"start":{"line":185,"column":8},"end":{"line":185,"column":8}}]},"14":{"line":222,"type":"if","locations":[{"start":{"line":222,"column":8},"end":{"line":222,"column":8}},{"start":{"line":222,"column":8},"end":{"line":222,"column":8}}]},"15":{"line":244,"type":"if","locations":[{"start":{"line":244,"column":8},"end":{"line":244,"column":8}},{"start":{"line":244,"column":8},"end":{"line":244,"column":8}}]},"16":{"line":246,"type":"if","locations":[{"start":{"line":246,"column":8},"end":{"line":246,"column":8}},{"start":{"line":246,"column":8},"end":{"line":246,"column":8}}]},"17":{"line":252,"type":"if","locations":[{"start":{"line":252,"column":8},"end":{"line":252,"column":8}},{"start":{"line":252,"column":8},"end":{"line":252,"column":8}}]},"18":{"line":256,"type":"if","locations":[{"start":{"line":256,"column":8},"end":{"line":256,"column":8}},{"start":{"line":256,"column":8},"end":{"line":256,"column":8}}]},"19":{"line":264,"type":"if","locations":[{"start":{"line":264,"column":8},"end":{"line":264,"column":8}},{"start":{"line":264,"column":8},"end":{"line":264,"column":8}}]},"20":{"line":265,"type":"if","locations":[{"start":{"line":265,"column":12},"end":{"line":265,"column":12}},{"start":{"line":265,"column":12},"end":{"line":265,"column":12}}]},"21":{"line":276,"type":"if","locations":[{"start":{"line":276,"column":8},"end":{"line":276,"column":8}},{"start":{"line":276,"column":8},"end":{"line":276,"column":8}}]},"22":{"line":278,"type":"if","locations":[{"start":{"line":278,"column":15},"end":{"line":278,"column":15}},{"start":{"line":278,"column":15},"end":{"line":278,"column":15}}]},"23":{"line":292,"type":"if","locations":[{"start":{"line":292,"column":8},"end":{"line":292,"column":8}},{"start":{"line":292,"column":8},"end":{"line":292,"column":8}}]},"24":{"line":318,"type":"if","locations":[{"start":{"line":318,"column":8},"end":{"line":318,"column":8}},{"start":{"line":318,"column":8},"end":{"line":318,"column":8}}]},"25":{"line":334,"type":"if","locations":[{"start":{"line":334,"column":8},"end":{"line":334,"column":8}},{"start":{"line":334,"column":8},"end":{"line":334,"column":8}}]},"26":{"line":338,"type":"if","locations":[{"start":{"line":338,"column":8},"end":{"line":338,"column":8}},{"start":{"line":338,"column":8},"end":{"line":338,"column":8}}]},"27":{"line":357,"type":"if","locations":[{"start":{"line":357,"column":8},"end":{"line":357,"column":8}},{"start":{"line":357,"column":8},"end":{"line":357,"column":8}}]},"28":{"line":361,"type":"if","locations":[{"start":{"line":361,"column":8},"end":{"line":361,"column":8}},{"start":{"line":361,"column":8},"end":{"line":361,"column":8}}]},"29":{"line":362,"type":"if","locations":[{"start":{"line":362,"column":12},"end":{"line":362,"column":12}},{"start":{"line":362,"column":12},"end":{"line":362,"column":12}}]},"30":{"line":385,"type":"if","locations":[{"start":{"line":385,"column":8},"end":{"line":385,"column":8}},{"start":{"line":385,"column":8},"end":{"line":385,"column":8}}]},"31":{"line":398,"type":"if","locations":[{"start":{"line":398,"column":8},"end":{"line":398,"column":8}},{"start":{"line":398,"column":8},"end":{"line":398,"column":8}}]},"32":{"line":399,"type":"if","locations":[{"start":{"line":399,"column":12},"end":{"line":399,"column":12}},{"start":{"line":399,"column":12},"end":{"line":399,"column":12}}]},"33":{"line":409,"type":"if","locations":[{"start":{"line":409,"column":12},"end":{"line":409,"column":12}},{"start":{"line":409,"column":12},"end":{"line":409,"column":12}}]},"34":{"line":415,"type":"if","locations":[{"start":{"line":415,"column":8},"end":{"line":415,"column":8}},{"start":{"line":415,"column":8},"end":{"line":415,"column":8}}]},"35":{"line":419,"type":"if","locations":[{"start":{"line":419,"column":12},"end":{"line":419,"column":12}},{"start":{"line":419,"column":12},"end":{"line":419,"column":12}}]},"36":{"line":442,"type":"if","locations":[{"start":{"line":442,"column":8},"end":{"line":442,"column":8}},{"start":{"line":442,"column":8},"end":{"line":442,"column":8}}]},"37":{"line":486,"type":"if","locations":[{"start":{"line":486,"column":8},"end":{"line":486,"column":8}},{"start":{"line":486,"column":8},"end":{"line":486,"column":8}}]},"38":{"line":490,"type":"if","locations":[{"start":{"line":490,"column":12},"end":{"line":490,"column":12}},{"start":{"line":490,"column":12},"end":{"line":490,"column":12}}]},"39":{"line":505,"type":"if","locations":[{"start":{"line":505,"column":8},"end":{"line":505,"column":8}},{"start":{"line":505,"column":8},"end":{"line":505,"column":8}}]},"40":{"line":511,"type":"if","locations":[{"start":{"line":511,"column":8},"end":{"line":511,"column":8}},{"start":{"line":511,"column":8},"end":{"line":511,"column":8}}]}}},
"contracts/mojito/VerifySignature.sol":{"l":{"43":0,"66":0,"92":0,"93":0,"95":0,"103":0,"105":0,"117":0,"119":0},"path":"/home/madhankumar/sub/mojito-blockchain/mojito-contracts/contracts/mojito/VerifySignature.sol","s":{"1":0,"2":0,"3":0,"4":0,"5":0,"6":0,"7":0,"8":0},"b":{"1":[0,0]},"f":{"1":0,"2":0,"3":0,"4":0,"5":0},"fnMap":{"1":{"name":"getMessageHash","line":33,"loc":{"start":{"line":33,"column":4},"end":{"line":44,"column":4}}},"2":{"name":"getEthSignedMessageHash","line":57,"loc":{"start":{"line":57,"column":4},"end":{"line":70,"column":4}}},"3":{"name":"verify","line":81,"loc":{"start":{"line":81,"column":4},"end":{"line":96,"column":4}}},"4":{"name":"recoverSigner","line":98,"loc":{"start":{"line":98,"column":4},"end":{"line":106,"column":4}}},"5":{"name":"splitSignature","line":108,"loc":{"start":{"line":108,"column":4},"end":{"line":138,"column":4}}}},"statementMap":{"1":{"start":{"line":43,"column":8},"end":{"line":43,"column":143}},"2":{"start":{"line":66,"column":8},"end":{"line":66,"column":1943}},"3":{"start":{"line":92,"column":8},"end":{"line":92,"column":145}},"4":{"start":{"line":93,"column":8},"end":{"line":93,"column":75}},"5":{"start":{"line":95,"column":8},"end":{"line":95,"column":71}},"6":{"start":{"line":103,"column":8},"end":{"line":103,"column":68}},"7":{"start":{"line":105,"column":8},"end":{"line":105,"column":56}},"8":{"start":{"line":117,"column":8},"end":{"line":117,"column":60}}},"branchMap":{"1":{"line":117,"type":"if","locations":[{"start":{"line":117,"column":8},"end":{"line":117,"column":8}},{"start":{"line":117,"column":8},"end":{"line":117,"column":8}}]}}},
"contracts/mojito/WETH.sol":{"l":{"23":0,"27":0,"28":0,"31":0,"32":0,"33":0,"34":0,"38":0,"42":0,"43":0,"44":0,"48":0,"55":0,"57":0,"58":0,"59":0,"62":0,"63":0,"65":0,"67":0},"path":"/home/madhankumar/sub/mojito-blockchain/mojito-contracts/contracts/mojito/WETH.sol","s":{"1":0,"2":0,"3":0,"4":0,"5":0,"6":0,"7":0,"8":0,"9":0,"10":0,"11":0,"12":0,"13":0,"14":0,"15":0,"16":0,"17":0,"18":0,"19":0,"20":0},"b":{"1":[0,0],"2":[0,0],"3":[0,0],"4":[0,0]},"f":{"1":0,"2":0,"3":0,"4":0,"5":0,"6":0,"7":0},"fnMap":{"1":{"name":null,"line":22,"loc":{"start":{"line":22,"column":4},"end":{"line":24,"column":4}}},"2":{"name":"deposit","line":26,"loc":{"start":{"line":26,"column":4},"end":{"line":29,"column":4}}},"3":{"name":"withdraw","line":30,"loc":{"start":{"line":30,"column":4},"end":{"line":35,"column":4}}},"4":{"name":"totalSupply","line":37,"loc":{"start":{"line":37,"column":4},"end":{"line":39,"column":4}}},"5":{"name":"approve","line":41,"loc":{"start":{"line":41,"column":4},"end":{"line":45,"column":4}}},"6":{"name":"transfer","line":47,"loc":{"start":{"line":47,"column":4},"end":{"line":49,"column":4}}},"7":{"name":"transferFrom","line":51,"loc":{"start":{"line":51,"column":4},"end":{"line":68,"column":4}}}},"statementMap":{"1":{"start":{"line":23,"column":8},"end":{"line":23,"column":16}},"2":{"start":{"line":27,"column":8},"end":{"line":27,"column":41}},"3":{"start":{"line":28,"column":8},"end":{"line":28,"column":43}},"4":{"start":{"line":31,"column":8},"end":{"line":31,"column":44}},"5":{"start":{"line":32,"column":8},"end":{"line":32,"column":35}},"6":{"start":{"line":33,"column":8},"end":{"line":33,"column":40}},"7":{"start":{"line":34,"column":8},"end":{"line":34,"column":40}},"8":{"start":{"line":38,"column":8},"end":{"line":38,"column":36}},"9":{"start":{"line":42,"column":8},"end":{"line":42,"column":39}},"10":{"start":{"line":43,"column":8},"end":{"line":43,"column":43}},"11":{"start":{"line":44,"column":8},"end":{"line":44,"column":19}},"12":{"start":{"line":48,"column":8},"end":{"line":48,"column":49}},"13":{"start":{"line":55,"column":8},"end":{"line":55,"column":37}},"14":{"start":{"line":57,"column":8},"end":{"line":57,"column":1811}},"15":{"start":{"line":58,"column":12},"end":{"line":58,"column":53}},"16":{"start":{"line":59,"column":12},"end":{"line":59,"column":44}},"17":{"start":{"line":62,"column":8},"end":{"line":62,"column":28}},"18":{"start":{"line":63,"column":8},"end":{"line":63,"column":28}},"19":{"start":{"line":65,"column":8},"end":{"line":65,"column":36}},"20":{"start":{"line":67,"column":8},"end":{"line":67,"column":19}}},"branchMap":{"1":{"line":31,"type":"if","locations":[{"start":{"line":31,"column":8},"end":{"line":31,"column":8}},{"start":{"line":31,"column":8},"end":{"line":31,"column":8}}]},"2":{"line":55,"type":"if","locations":[{"start":{"line":55,"column":8},"end":{"line":55,"column":8}},{"start":{"line":55,"column":8},"end":{"line":55,"column":8}}]},"3":{"line":57,"type":"if","locations":[{"start":{"line":57,"column":8},"end":{"line":57,"column":8}},{"start":{"line":57,"column":8},"end":{"line":57,"column":8}}]},"4":{"line":58,"type":"if","locations":[{"start":{"line":58,"column":12},"end":{"line":58,"column":12}},{"start":{"line":58,"column":12},"end":{"line":58,"column":12}}]}}},
[...]
11":0,"12":0,"13":0,"14":0,"15":0,"16":0,"17":0,"18":0,"19":0,"20":0,"21":0,"22":0,"23":0,"24":0,"25":0,"26":0,"27":0},"b":{"1":[0,0],"2":[0,0],"3":[0,0]},"f":{"1":0,"2":0,"3":0},"fnMap":{"1":{"name":"toString","line":15,"loc":{"start":{"line":15,"column":4},"end":{"line":35,"column":4}}},"2":{"name":"toHexString","line":40,"loc":{"start":{"line":40,"column":4},"end":{"line":51,"column":4}}},"3":{"name":"toHexString","line":56,"loc":{"start":{"line":56,"column":4},"end":{"line":66,"column":4}}}},"statementMap":{"1":{"start":{"line":19,"column":8},"end":{"line":19,"column":606}},"2":{"start":{"line":20,"column":12},"end":{"line":20,"column":22}},"3":{"start":{"line":22,"column":8},"end":{"line":22,"column":28}},"4":{"start":{"line":23,"column":8},"end":{"line":23,"column":22}},"5":{"start":{"line":24,"column":8},"end":{"line":24,"column":720}},"6":{"start":{"line":26,"column":12},"end":{"line":26,"column":21}},"7":{"start":{"line":28,"column":8},"end":{"line":28,"column":47}},"8":{"start":{"line":29,"column":8},"end":{"line":29,"column":853}},"9":{"start":{"line":30,"column":12},"end":{"line":30,"column":22}},"10":{"start":{"line":31,"column":12},"end":{"line":31,"column":67}},"11":{"start":{"line":32,"column":12},"end":{"line":32,"column":22}},"12":{"start":{"line":34,"column":8},"end":{"line":34,"column":29}},"13":{"start":{"line":41,"column":8},"end":{"line":41,"column":1229}},"14":{"start":{"line":42,"column":12},"end":{"line":42,"column":25}},"15":{"start":{"line":44,"column":8},"end":{"line":44,"column":28}},"16":{"start":{"line":45,"column":8},"end":{"line":45,"column":26}},"17":{"start":{"line":46,"column":8},"end":{"line":46,"column":1350}},"18":{"start":{"line":48,"column":12},"end":{"line":48,"column":21}},"19":{"start":{"line":50,"column":8},"end":{"line":50,"column":41}},"20":{"start":{"line":57,"column":8},"end":{"line":57,"column":55}},"21":{"start":{"line":58,"column":8},"end":{"line":58,"column":22}},"22":{"start":{"line":59,"column":8},"end":{"line":59,"column":22}},"23":{"start":{"line":60,"column":8},"end":{"line":60,"column":1804}},"24":{"start":{"line":61,"column":12},"end":{"line":61,"column":48}},"25":{"start":{"line":62,"column":12},"end":{"line":62,"column":22}},"26":{"start":{"line":64,"column":8},"end":{"line":64,"column":62}},"27":{"start":{"line":65,"column":8},"end":{"line":65,"column":29}}},"branchMap":{"1":{"line":19,"type":"if","locations":[{"start":{"line":19,"column":8},"end":{"line":19,"column":8}},{"start":{"line":19,"column":8},"end":{"line":19,"column":8}}]},"2":{"line":41,"type":"if","locations":[{"start":{"line":41,"column":8},"end":{"line":41,"column":8}},{"start":{"line":41,"column":8},"end":{"line":41,"column":8}}]},"3":{"line":64,"type":"if","locations":[{"start":{"line":64,"column":8},"end":{"line":64,"column":8}},{"start":{"line":64,"column":8},"end":{"line":64,"column":8}}]}}},
"contracts/openzeppelin/utils/structs/BitMaps.sol":{"l":{"18":0,"19":0,"20":0,"31":0,"32":0,"34":0,"42":0,"43":0,"44":0,"51":0,"52":0,"53":0},"path":"/home/madhankumar/sub/mojito-blockchain/mojito-contracts/contracts/openzeppelin/utils/structs/BitMaps.sol","s":{"1":0,"2":0,"3":0,"4":0,"5":0,"6":0,"7":0,"8":0,"9":0,"10":0,"11":0,"12":0},"b":{"1":[0,0]},"f":{"1":0,"2":0,"3":0,"4":0},"fnMap":{"1":{"name":"get","line":17,"loc":{"start":{"line":17,"column":4},"end":{"line":21,"column":4}}},"2":{"name":"setTo","line":26,"loc":{"start":{"line":26,"column":4},"end":{"line":36,"column":4}}},"3":{"name":"set","line":41,"loc":{"start":{"line":41,"column":4},"end":{"line":45,"column":4}}},"4":{"name":"unset","line":50,"loc":{"start":{"line":50,"column":4},"end":{"line":54,"column":4}}}},"statementMap":{"1":{"start":{"line":18,"column":8},"end":{"line":18,"column":35}},"2":{"start":{"line":19,"column":8},"end":{"line":19,"column":42}},"3":{"start":{"line":20,"column":8},"end":{"line":20,"column":47}},"4":{"start":{"line":31,"column":8},"end":{"line":31,"column":976}},"5":{"start":{"line":32,"column":12},"end":{"line":32,"column":29}},"6":{"start":{"line":34,"column":12},"end":{"line":34,"column":31}},"7":{"start":{"line":42,"column":8},"end":{"line":42,"column":35}},"8":{"start":{"line":43,"column":8},"end":{"line":43,"column":42}},"9":{"start":{"line":44,"column":8},"end":{"line":44,"column":35}},"10":{"start":{"line":51,"column":8},"end":{"line":51,"column":35}},"11":{"start":{"line":52,"column":8},"end":{"line":52,"column":42}},"12":{"start":{"line":53,"column":8},"end":{"line":53,"column":36}}},"branchMap":{"1":{"line":31,"type":"if","locations":[{"start":{"line":31,"column":8},"end":{"line":31,"column":8}},{"start":{"line":31,"column":8},"end":{"line":31,"column":8}}]}}},
"contracts/openzeppelin/utils/structs/EnumerableMap.sol":{"l":{"62":0,"63":0,"72":0,"73":0,"80":0,"87":0,"101":0,"102":0,"110":0,"111":0,"112":0,"114":0,"126":0,"127":0,"128":0,"142":0,"143":0,"144":0,"165":0,"174":0,"181":0,"188":0,"201":0,"202":0,"212":0,"213":0,"224":0,"238":0},"path":"/home/madhankumar/sub/mojito-blockchain/mojito-contracts/contracts/openzeppelin/utils/structs/EnumerableMap.sol","s":{"1":0,"2":0,"3":0,"4":0,"5":0,"6":0,"7":0,"8":0,"9":0,"10":0,"11":0,"12":0,"13":0,"14":0,"15":0,"16":0,"17":0,"18":0,"19":0,"20":0,"21":0,"22":0,"23":0,"24":0,"25":0,"26":0,"27":0},"b":{"1":[0,0],"2":[0,0],"3":[0,0]},"f":{"1":0,"2":0,"3":0,"4":0,"5":0,"6":0,"7":0,"8":0,"9":0,"10":0,"11":0,"12":0,"13":0,"14":0,"15":0,"16":0},"fnMap":{"1":{"name":"_set","line":57,"loc":{"start":{"line":57,"column":4},"end":{"line":64,"column":4}}},"2":{"name":"_remove","line":71,"loc":{"start":{"line":71,"column":4},"end":{"line":74,"column":4}}},"3":{"name":"_contains","line":79,"loc":{"start":{"line":79,"column":4},"end":{"line":81,"column":4}}},"4":{"name":"_length","line":86,"loc":{"start":{"line":86,"column":4},"end":{"line":88,"column":4}}},"5":{"name":"_at","line":100,"loc":{"start":{"line":100,"column":4},"end":{"line":103,"column":4}}},"6":{"name":"_tryGet","line":109,"loc":{"start":{"line":109,"column":4},"end":{"line":116,"column":4}}},"7":{"name":"_get","line":125,"loc":{"start":{"line":125,"column":4},"end":{"line":129,"column":4}}},"8":{"name":"_get","line":137,"loc":{"start":{"line":137,"column":4},"end":{"line":145,"column":4}}},"9":{"name":"set","line":160,"loc":{"start":{"line":160,"column":4},"end":{"line":166,"column":4}}},"10":{"name":"remove","line":173,"loc":{"start":{"line":173,"column":4},"end":{"line":175,"column":4}}},"11":{"name":"contains","line":180,"loc":{"start":{"line":180,"column":4},"end":{"line":182,"column":4}}},"12":{"name":"length","line":187,"loc":{"start":{"line":187,"column":4},"end":{"line":189,"column":4}}},"13":{"name":"at","line":200,"loc":{"start":{"line":200,"column":4},"end":{"line":203,"column":4}}},"14":{"name":"tryGet","line":211,"loc":{"start":{"line":211,"column":4},"end":{"line":214,"column":4}}},"15":{"name":"get","line":223,"loc":{"start":{"line":223,"column":4},"end":{"line":225,"column":4}}},"16":{"name":"get","line":233,"loc":{"start":{"line":233,"column":4},"end":{"line":239,"column":4}}}},"statementMap":{"1":{"start":{"line":62,"column":8},"end":{"line":62,"column":31}},"2":{"start":{"line":63,"column":8},"end":{"line":63,"column":33}},"3":{"start":{"line":73,"column":8},"end":{"line":73,"column":36}},"4":{"start":{"line":80,"column":8},"end":{"line":80,"column":38}},"5":{"start":{"line":87,"column":8},"end":{"line":87,"column":33}},"6":{"start":{"line":101,"column":8},"end":{"line":101,"column":41}},"7":{"start":{"line":102,"column":8},"end":{"line":102,"column":38}},"8":{"start":{"line":110,"column":8},"end":{"line":110,"column":40}},"9":{"start":{"line":111,"column":8},"end":{"line":111,"column":3479}},"10":{"start":{"line":112,"column":12},"end":{"line":112,"column":52}},"11":{"start":{"line":114,"column":12},"end":{"line":114,"column":32}},"12":{"start":{"line":126,"column":8},"end":{"line":126,"column":40}},"13":{"start":{"line":127,"column":8},"end":{"line":127,"column":83}},"14":{"start":{"line":128,"column":8},"end":{"line":128,"column":20}},"15":{"start":{"line":142,"column":8},"end":{"line":142,"column":40}},"16":{"start":{"line":143,"column":8},"end":{"line":143,"column":63}},"17":{"start":{"line":144,"column":8},"end":{"line":144,"column":20}},"18":{"start":{"line":165,"column":8},"end":{"line":165,"column":79}},"19":{"start":{"line":174,"column":8},"end":{"line":174,"column":48}},"20":{"start":{"line":181,"column":8},"end":{"line":181,"column":50}},"21":{"start":{"line":188,"column":8},"end":{"line":188,"column":34}},"22":{"start":{"line":201,"column":8},"end":{"line":201,"column":61}},"23":{"start":{"line":202,"column":8},"end":{"line":202,"column":63}},"24":{"start":{"line":212,"column":8},"end":{"line":212,"column":73}},"25":{"start":{"line":213,"column":8},"end":{"line":213,"column":58}},"26":{"start":{"line":224,"column":8},"end":{"line":224,"column":72}},"27":{"start":{"line":238,"column":8},"end":{"line":238,"column":86}}},"branchMap":{"1":{"line":111,"type":"if","locations":[{"start":{"line":111,"column":8},"end":{"line":111,"column":8}},{"start":{"line":111,"column":8},"end":{"line":111,"column":8}}]},"2":{"line":127,"type":"if","locations":[{"start":{"line":127,"column":8},"end":{"line":127,"column":8}},{"start":{"line":127,"column":8},"end":{"line":127,"column":8}}]},"3":{"line":143,"type":"if","locations":[{"start":{"line":143,"column":8},"end":{"line":143,"column":8}},{"start":{"line":143,"column":8},"end":{"line":143,"column":8}}]}}},
"contracts/openzeppelin/utils/structs/EnumerableSet.sol":{"l":{"55":0,"56":0,"59":0,"60":0,"62":0,"74":0,"76":0,"82":0,"83":0,"85":0,"86":0,"89":0,"91":0,"95":0,"98":0,"100":0,"102":0,"110":0,"117":0,"131":0,"143":0,"159":0,"169":0,"176":0,"183":0,"197":0,"209":0,"225":0,"235":0,"242":0,"249":0,"263":0,"275":0,"276":0,"278":0,"282":0,"298":0,"308":0,"315":0,"322":0,"336":0,"348":0,"349":0,"351":0,"355":0},"path":"/home/madhankumar/sub/mojito-blockchain/mojito-contracts/contracts/openzeppelin/utils/structs/EnumerableSet.sol","s":{"1":0,"2":0,"3":0,"4":0,"5":0,"6":0,"7":0,"8":0,"9":0,"10":0,"11":0,"12":0,"13":0,"14":0,"15":0,"16":0,"17":0,"18":0,"19":0,"20":0,"21":0,"22":0,"23":0,"24":0,"25":0,"26":0,"27":0,"28":0,"29":0,"30":0,"31":0,"32":0,"33":0,"34":0,"35":0,"36":0,"37":0,"38":0,"39":0,"40":0,"41":0,"42":0},"b":{"1":[0,0],"2":[0,0],"3":[0,0]},"f":{"1":0,"2":0,"3":0,"4":0,"5":0,"6":0,"7":0,"8":0,"9":0,"10":0,"11":0,"12":0,"13":0,"14":0,"15":0,"16":0,"17":0,"18":0,"19":0,"20":0,"21":0,"22":0,"23":0,"24":0},"fnMap":{"1":{"name":"_add","line":54,"loc":{"start":{"line":54,"column":4},"end":{"line":64,"column":4}}},"2":{"name":"_remove","line":72,"loc":{"start":{"line":72,"column":4},"end":{"line":104,"column":4}}},"3":{"name":"_contains","line":109,"loc":{"start":{"line":109,"column":4},"end":{"line":111,"column":4}}},"4":{"name":"_length","line":116,"loc":{"start":{"line":116,"column":4},"end":{"line":118,"column":4}}},"5":{"name":"_at","line":130,"loc":{"start":{"line":130,"column":4},"end":{"line":132,"column":4}}},"6":{"name":"_values","line":142,"loc":{"start":{"line":142,"column":4},"end":{"line":144,"column":4}}},"7":{"name":"add","line":158,"loc":{"start":{"line":158,"column":4},"end":{"line":160,"column":4}}},"8":{"name":"remove","line":168,"loc":{"start":{"line":168,"column":4},"end":{"line":170,"column":4}}},"9":{"name":"contains","line":175,"loc":{"start":{"line":175,"column":4},"end":{"line":177,"column":4}}},"10":{"name":"length","line":182,"loc":{"start":{"line":182,"column":4},"end":{"line":184,"column":4}}},"11":{"name":"at","line":196,"loc":{"start":{"line":196,"column":4},"end":{"line":198,"column":4}}},"12":{"name":"values","line":208,"loc":{"start":{"line":208,"column":4},"end":{"line":210,"column":4}}},"13":{"name":"add","line":224,"loc":{"start":{"line":224,"column":4},"end":{"line":226,"column":4}}},"14":{"name":"remove","line":234,"loc":{"start":{"line":234,"column":4},"end":{"line":236,"column":4}}},"15":{"name":"contains","line":241,"loc":{"start":{"line":241,"column":4},"end":{"line":243,"column":4}}},"16":{"name":"length","line":248,"loc":{"start":{"line":248,"column":4},"end":{"line":250,"column":4}}},"17":{"name":"at","line":262,"loc":{"start":{"line":262,"column":4},"end":{"line":264,"column":4}}},"18":{"name":"values","line":274,"loc":{"start":{"line":274,"column":4},"end":{"line":283,"column":4}}},"19":{"name":"add","line":297,"loc":{"start":{"line":297,"column":4},"end":{"line":299,"column":4}}},"20":{"name":"remove","line":307,"loc":{"start":{"line":307,"column":4},"end":{"line":309,"column":4}}},"21":{"name":"contains","line":314,"loc":{"start":{"line":314,"column":4},"end":{"line":316,"column":4}}},"22":{"name":"length","line":321,"loc":{"start":{"line":321,"column":4},"end":{"line":323,"column":4}}},"23":{"name":"at","line":335,"loc":{"start":{"line":335,"column":4},"end":{"line":337,"column":4}}},"24":{"name":"values","line":347,"loc":{"start":{"line":347,"column":4},"end":{"line":356,"column":4}}}},"statementMap":{"1":{"start":{"line":55,"column":8},"end":{"line":55,"column":1785}},"2":{"start":{"line":56,"column":12},"end":{"line":56,"column":34}},"3":{"start":{"line":59,"column":12},"end":{"line":59,"column":51}},"4":{"start":{"line":60,"column":12},"end":{"line":60,"column":23}},"5":{"start":{"line":62,"column":12},"end":{"line":62,"column":24}},"6":{"start":{"line":74,"column":8},"end":{"line":74,"column":48}},"7":{"start":{"line":76,"column":8},"end":{"line":76,"column":2511}},"8":{"start":{"line":82,"column":12},"end":{"line":82,"column":50}},"9":{"start":{"line":83,"column":12},"end":{"line":83,"column":54}},"10":{"start":{"line":85,"column":12},"end":{"line":85,"column":2997}},"11":{"start":{"line":86,"column":16},"end":{"line":86,"column":58}},"12":{"start":{"line":89,"column":16},"end":{"line":89,"column":53}},"13":{"start":{"line":91,"column":16},"end":{"line":91,"column":51}},"14":{"start":{"line":95,"column":12},"end":{"line":95,"column":28}},"15":{"start":{"line":100,"column":12},"end":{"line":100,"column":23}},"16":{"start":{"line":102,"column":12},"end":{"line":102,"column":24}},"17":{"start":{"line":110,"column":8},"end":{"line":110,"column":39}},"18":{"start":{"line":117,"column":8},"end":{"line":117,"column":33}},"19":{"start":{"line":131,"column":8},"end":{"line":131,"column":33}},"20":{"start":{"line":143,"column":8},"end":{"line":143,"column":26}},"21":{"start":{"line":159,"column":8},"end":{"line":159,"column":38}},"22":{"start":{"line":169,"column":8},"end":{"line":169,"column":41}},"23":{"start":{"line":176,"column":8},"end":{"line":176,"column":43}},"24":{"start":{"line":183,"column":8},"end":{"line":183,"column":34}},"25":{"start":{"line":197,"column":8},"end":{"line":197,"column":37}},"26":{"start":{"line":209,"column":8},"end":{"line":209,"column":34}},"27":{"start":{"line":225,"column":8},"end":{"line":225,"column":65}},"28":{"start":{"line":235,"column":8},"end":{"line":235,"column":68}},"29":{"start":{"line":242,"column":8},"end":{"line":242,"column":70}},"30":{"start":{"line":249,"column":8},"end":{"line":249,"column":34}},"31":{"start":{"line":263,"column":8},"end":{"line":263,"column":64}},"32":{"start":{"line":275,"column":8},"end":{"line":275,"column":52}},"33":{"start":{"line":276,"column":8},"end":{"line":276,"column":31}},"34":{"start":{"line":282,"column":8},"end":{"line":282,"column":21}},"35":{"start":{"line":298,"column":8},"end":{"line":298,"column":47}},"36":{"start":{"line":308,"column":8},"end":{"line":308,"column":50}},"37":{"start":{"line":315,"column":8},"end":{"line":315,"column":52}},"38":{"start":{"line":322,"column":8},"end":{"line":322,"column":34}},"39":{"start":{"line":336,"column":8},"end":{"line":336,"column":46}},"40":{"start":{"line":348,"column":8},"end":{"line":348,"column":52}},"41":{"start":{"line":349,"column":8},"end":{"line":349,"column":31}},"42":{"start":{"line":355,"column":8},"end":{"line":355,"column":21}}},"branchMap":{"1":{"line":55,"type":"if","locations":[{"start":{"line":55,"column":8},"end":{"line":55,"column":8}},{"start":{"line":55,"column":8},"end":{"line":55,"column":8}}]},"2":{"line":76,"type":"if","locations":[{"start":{"line":76,"column":8},"end":{"line":76,"column":8}},{"start":{"line":76,"column":8},"end":{"line":76,"column":8}}]},"3":{"line":85,"type":"if","locations":[{"start":{"line":85,"column":12},"end":{"line":85,"column":12}},{"start":{"line":85,"column":12},"end":{"line":85,"column":12}}]}}},
"contracts/openzeppelin/utils/Timers.sol":{"l":{"15":0,"19":0,"23":0,"27":0,"31":0,"35":0,"39":0,"47":0,"51":0,"55":0,"59":0,"63":0,"67":0,"71":0},"path":"/home/madhankumar/sub/mojito-blockchain/mojito-contracts/contracts/openzeppelin/utils/Timers.sol","s":{"1":0,"2":0,"3":0,"4":0,"5":0,"6":0,"7":0,"8":0,"9":0,"10":0,"11":0,"12":0,"13":0,"14":0},"b":{},"f":{"1":0,"2":0,"3":0,"4":0,"5":0,"6":0,"7":0,"8":0,"9":0,"10":0,"11":0,"12":0,"13":0,"14":0},"fnMap":{"1":{"name":"getDeadline","line":14,"loc":{"start":{"line":14,"column":4},"end":{"line":16,"column":4}}},"2":{"name":"setDeadline","line":18,"loc":{"start":{"line":18,"column":4},"end":{"line":20,"column":4}}},"3":{"name":"reset","line":22,"loc":{"start":{"line":22,"column":4},"end":{"line":24,"column":4}}},"4":{"name":"isUnset","line":26,"loc":{"start":{"line":26,"column":4},"end":{"line":28,"column":4}}},"5":{"name":"isStarted","line":30,"loc":{"start":{"line":30,"column":4},"end":{"line":32,"column":4}}},"6":{"name":"isPending","line":34,"loc":{"start":{"line":34,"column":4},"end":{"line":36,"column":4}}},"7":{"name":"isExpired","line":38,"loc":{"start":{"line":38,"column":4},"end":{"line":40,"column":4}}},"8":{"name":"getDeadline","line":46,"loc":{"start":{"line":46,"column":4},"end":{"line":48,"column":4}}},"9":{"name":"setDeadline","line":50,"loc":{"start":{"line":50,"column":4},"end":{"line":52,"column":4}}},"10":{"name":"reset","line":54,"loc":{"start":{"line":54,"column":4},"end":{"line":56,"column":4}}},"11":{"name":"isUnset","line":58,"loc":{"start":{"line":58,"column":4},"end":{"line":60,"column":4}}},"12":{"name":"isStarted","line":62,"loc":{"start":{"line":62,"column":4},"end":{"line":64,"column":4}}},"13":{"name":"isPending","line":66,"loc":{"start":{"line":66,"column":4},"end":{"line":68,"column":4}}},"14":{"name":"isExpired","line":70,"loc":{"start":{"line":70,"column":4},"end":{"line":72,"column":4}}}},"statementMap":{"1":{"start":{"line":15,"column":8},"end":{"line":15,"column":30}},"2":{"start":{"line":19,"column":8},"end":{"line":19,"column":34}},"3":{"start":{"line":23,"column":8},"end":{"line":23,"column":26}},"4":{"start":{"line":27,"column":8},"end":{"line":27,"column":35}},"5":{"start":{"line":31,"column":8},"end":{"line":31,"column":34}},"6":{"start":{"line":35,"column":8},"end":{"line":35,"column":48}},"7":{"start":{"line":39,"column":8},"end":{"line":39,"column":69}},"8":{"start":{"line":47,"column":8},"end":{"line":47,"column":30}},"9":{"start":{"line":51,"column":8},"end":{"line":51,"column":34}},"10":{"start":{"line":55,"column":8},"end":{"line":55,"column":26}},"11":{"start":{"line":59,"column":8},"end":{"line":59,"column":35}},"12":{"start":{"line":63,"column":8},"end":{"line":63,"column":34}},"13":{"start":{"line":67,"column":8},"end":{"line":67,"column":45}},"14":{"start":{"line":71,"column":8},"end":{"line":71,"column":66}}},"branchMap":{}},
"contracts/tests/StringsTest.sol":{"l":{"13":0,"17":0},"path":"/home/madhankumar/sub/mojito-blockchain/mojito-contracts/contracts/tests/StringsTest.sol","s":{"1":0,"2":0},"b":{},"f":{"1":0,"2":0,"3":0},"fnMap":{"1":{"name":"constructor","line":10,"loc":{"start":{"line":10,"column":4},"end":{"line":10,"column":26}}},"2":{"name":"uint2str","line":12,"loc":{"start":{"line":12,"column":4},"end":{"line":14,"column":4}}},"3":{"name":"concatStrAndNum","line":16,"loc":{"start":{"line":16,"column":4},"end":{"line":18,"column":4}}}},"statementMap":{"1":{"start":{"line":13,"column":8},"end":{"line":13,"column":36}},"2":{"start":{"line":17,"column":8},"end":{"line":17,"column":60}}},"branchMap":{}}}
