TN:
SF:/home/madhankumar/sub/mojito-blockchain/mojito-contracts/contracts/mojito/ERC721.sol
FN:96,constructor
FN:108,balanceOf
FN:120,ownerOf
FN:131,name
FN:138,symbol
FN:145,tokenURI
FN:176,baseURI
FN:183,tokenOfOwnerByIndex
FN:195,totalSupply
FN:203,tokenByIndex
FN:216,approve
FN:231,getApproved
FN:248,setApprovalForAll
FN:262,isApprovedForAll
FN:275,transferFrom
FN:292,safeTransferFrom
FN:303,safeTransferFrom
FN:334,_safeTransfer
FN:355,_exists
FN:366,_isApprovedOrOwner
FN:391,_safeMint
FN:399,_safeMint
FN:423,_mint
FN:446,_burn
FN:477,_transfer
FN:508,_setTokenURI
FN:524,_setBaseURI
FN:538,_checkOnERC721Received
FN:562,_approve
FN:582,_beforeTokenTransfer
FNF:30
FNH:0
FNDA:0,constructor
FNDA:0,balanceOf
FNDA:0,ownerOf
FNDA:0,name
FNDA:0,symbol
FNDA:0,tokenURI
FNDA:0,baseURI
FNDA:0,tokenOfOwnerByIndex
FNDA:0,totalSupply
FNDA:0,tokenByIndex
FNDA:0,approve
FNDA:0,getApproved
FNDA:0,setApprovalForAll
FNDA:0,isApprovedForAll
FNDA:0,transferFrom
FNDA:0,safeTransferFrom
FNDA:0,safeTransferFrom
FNDA:0,_safeTransfer
FNDA:0,_exists
FNDA:0,_isApprovedOrOwner
FNDA:0,_safeMint
FNDA:0,_safeMint
FNDA:0,_mint
FNDA:0,_burn
FNDA:0,_transfer
FNDA:0,_setTokenURI
FNDA:0,_setBaseURI
FNDA:0,_checkOnERC721Received
FNDA:0,_approve
FNDA:0,_beforeTokenTransfer
DA:97,0
DA:98,0
DA:101,0
DA:102,0
DA:109,0
DA:114,0
DA:121,0
DA:132,0
DA:139,0
DA:152,0
DA:157,0
DA:160,0
DA:161,0
DA:164,0
DA:165,0
DA:168,0
DA:177,0
DA:189,0
DA:197,0
DA:209,0
DA:210,0
DA:217,0
DA:218,0
DA:220,0
DA:225,0
DA:237,0
DA:242,0
DA:253,0
DA:255,0
DA:256,0
DA:269,0
DA:281,0
DA:286,0
DA:297,0
DA:309,0
DA:313,0
DA:340,0
DA:341,0
DA:356,0
DA:371,0
DA:375,0
DA:376,0
DA:392,0
DA:404,0
DA:405,0
DA:424,0
DA:425,0
DA:427,0
DA:429,0
DA:431,0
DA:433,0
DA:447,0
DA:449,0
DA:452,0
DA:455,0
DA:456,0
DA:459,0
DA:461,0
DA:463,0
DA:482,0
DA:486,0
DA:488,0
DA:491,0
DA:493,0
DA:494,0
DA:496,0
DA:498,0
DA:512,0
DA:516,0
DA:525,0
DA:544,0
DA:545,0
DA:547,0
DA:558,0
DA:559,0
DA:563,0
DA:564,0
LF:77
LH:0
BRDA:109,1,0,0
BRDA:109,1,1,0
BRDA:152,2,0,0
BRDA:152,2,1,0
BRDA:160,3,0,0
BRDA:160,3,1,0
BRDA:164,4,0,0
BRDA:164,4,1,0
BRDA:218,5,0,0
BRDA:218,5,1,0
BRDA:220,6,0,0
BRDA:220,6,1,0
BRDA:237,7,0,0
BRDA:237,7,1,0
BRDA:253,8,0,0
BRDA:253,8,1,0
BRDA:281,9,0,0
BRDA:281,9,1,0
BRDA:309,10,0,0
BRDA:309,10,1,0
BRDA:341,11,0,0
BRDA:341,11,1,0
BRDA:371,12,0,0
BRDA:371,12,1,0
BRDA:405,13,0,0
BRDA:405,13,1,0
BRDA:424,14,0,0
BRDA:424,14,1,0
BRDA:425,15,0,0
BRDA:425,15,1,0
BRDA:455,16,0,0
BRDA:455,16,1,0
BRDA:482,17,0,0
BRDA:482,17,1,0
BRDA:486,18,0,0
BRDA:486,18,1,0
BRDA:512,19,0,0
BRDA:512,19,1,0
BRDA:544,20,0,0
BRDA:544,20,1,0
BRF:40
BRH:0
end_of_record
TN:
SF:/home/madhankumar/sub/mojito-blockchain/mojito-contracts/contracts/mojito/ERC721Burnable.sol
FN:27,burn
FNF:1
FNH:0
FNDA:0,burn
DA:29,0
DA:33,0
LF:2
LH:0
BRDA:29,1,0,0
BRDA:29,1,1,0
BRF:2
BRH:0
end_of_record
TN:
SF:/home/madhankumar/sub/mojito-blockchain/mojito-contracts/contracts/mojito/GenartExtension.sol
FN:25,constructor
FN:33,unpauseContract
FN:42,pauseContract
FN:47,supportsInterface
FN:61,mint
FNF:5
FNH:0
FNDA:0,constructor
FNDA:0,unpauseContract
FNDA:0,pauseContract
FNDA:0,supportsInterface
FNDA:0,mint
DA:26,0
DA:34,0
DA:35,0
DA:43,0
DA:44,0
DA:54,0
DA:64,0
DA:66,0
DA:69,0
DA:73,0
DA:74,0
DA:76,0
LF:12
LH:0
BRDA:34,1,0,0
BRDA:34,1,1,0
BRDA:43,2,0,0
BRDA:43,2,1,0
BRDA:64,3,0,0
BRDA:64,3,1,0
BRF:6
BRH:0
end_of_record
TN:
SF:/home/madhankumar/sub/mojito-blockchain/mojito-contracts/contracts/mojito/GeneNFT.sol
FN:38,onlyAdmin
FN:50,constructor
FN:56,supportsInterface
FN:70,addAdmin
FN:78,removeAdmin
FN:86,saleStart
FN:95,saleStop
FN:105,mintToken
FN:118,setBaseURI
FN:125,_baseURI
FNF:10
FNH:0
FNDA:0,onlyAdmin
FNDA:0,constructor
FNDA:0,supportsInterface
FNDA:0,addAdmin
FNDA:0,removeAdmin
FNDA:0,saleStart
FNDA:0,saleStop
FNDA:0,mintToken
FNDA:0,setBaseURI
FNDA:0,_baseURI
DA:39,0
DA:40,0
DA:51,0
DA:52,0
DA:53,0
DA:63,0
DA:71,0
DA:79,0
DA:87,0
DA:88,0
DA:96,0
DA:97,0
DA:106,0
DA:107,0
DA:109,0
DA:110,0
DA:111,0
DA:112,0
DA:119,0
DA:126,0
LF:20
LH:0
BRDA:39,1,0,0
BRDA:39,1,1,0
BRDA:87,2,0,0
BRDA:87,2,1,0
BRDA:96,3,0,0
BRDA:96,3,1,0
BRDA:106,4,0,0
BRDA:106,4,1,0
BRF:8
BRH:0
end_of_record
TN:
SF:/home/madhankumar/sub/mojito-blockchain/mojito-contracts/contracts/mojito/interfaces/IAuctionHouse.sol
FNF:0
FNH:0
LF:0
LH:0
BRF:0
BRH:0
end_of_record
TN:
SF:/home/madhankumar/sub/mojito-blockchain/mojito-contracts/contracts/mojito/interfaces/IBuy.sol
FNF:0
FNH:0
LF:0
LH:0
BRF:0
BRH:0
end_of_record
TN:
SF:/home/madhankumar/sub/mojito-blockchain/mojito-contracts/contracts/mojito/interfaces/IBuyNow.sol
FNF:0
FNH:0
LF:0
LH:0
BRF:0
BRH:0
end_of_record
TN:
SF:/home/madhankumar/sub/mojito-blockchain/mojito-contracts/contracts/mojito/interfaces/IMedia.sol
FNF:0
FNH:0
LF:0
LH:0
BRF:0
BRH:0
end_of_record
TN:
SF:/home/madhankumar/sub/mojito-blockchain/mojito-contracts/contracts/mojito/interfaces/IOffers.sol
FNF:0
FNH:0
LF:0
LH:0
BRF:0
BRH:0
end_of_record
TN:
SF:/home/madhankumar/sub/mojito-blockchain/mojito-contracts/contracts/mojito/interfaces/ITradeHouse.sol
FNF:0
FNH:0
LF:0
LH:0
BRF:0
BRH:0
end_of_record
TN:
SF:/home/madhankumar/sub/mojito-blockchain/mojito-contracts/contracts/mojito/ProvenanceExtension.sol
FN:30,constructor
FN:39,unpauseContract
FN:48,pauseContract
FN:59,mintBatch
FN:81,setProvenanceHash
FN:90,setBaseURI
FN:98,redeem
FN:129,getVoucherSigner
FN:138,getVoucherDigest
FNF:9
FNH:0
FNDA:0,constructor
FNDA:0,unpauseContract
FNDA:0,pauseContract
FNDA:0,mintBatch
FNDA:0,setProvenanceHash
FNDA:0,setBaseURI
FNDA:0,redeem
FNDA:0,getVoucherSigner
FNDA:0,getVoucherDigest
DA:31,0
DA:32,0
DA:40,0
DA:41,0
DA:49,0
DA:50,0
DA:62,0
DA:63,0
DA:64,0
DA:69,0
DA:71,0
DA:72,0
DA:83,0
DA:91,0
DA:103,0
DA:104,0
DA:105,0
DA:109,0
DA:112,0
DA:114,0
DA:116,0
DA:117,0
DA:119,0
DA:121,0
DA:130,0
DA:131,0
DA:140,0
LF:27
LH:0
BRDA:40,1,0,0
BRDA:40,1,1,0
BRDA:49,2,0,0
BRDA:49,2,1,0
BRDA:62,3,0,0
BRDA:62,3,1,0
BRDA:63,4,0,0
BRDA:63,4,1,0
BRDA:64,5,0,0
BRDA:64,5,1,0
BRDA:103,6,0,0
BRDA:103,6,1,0
BRDA:104,7,0,0
BRDA:104,7,1,0
BRDA:105,8,0,0
BRDA:105,8,1,0
BRDA:109,9,0,0
BRDA:109,9,1,0
BRDA:114,10,0,0
BRDA:114,10,1,0
BRF:20
BRH:0
end_of_record
TN:
SF:/home/madhankumar/sub/mojito-blockchain/mojito-contracts/contracts/mojito/RedeemableExtension.sol
FN:35,notPaused
FN:40,constructor
FN:49,unpauseContract
FN:57,pauseContract
FN:68,mintBatch
FN:87,mint
FN:102,setBaseURI
FN:112,redeem
FN:146,getVoucherSigner
FN:155,getVoucherDigest
FN:176,redeemToken
FNF:11
FNH:0
FNDA:0,notPaused
FNDA:0,constructor
FNDA:0,unpauseContract
FNDA:0,pauseContract
FNDA:0,mintBatch
FNDA:0,mint
FNDA:0,setBaseURI
FNDA:0,redeem
FNDA:0,getVoucherSigner
FNDA:0,getVoucherDigest
FNDA:0,redeemToken
DA:36,0
DA:37,0
DA:41,0
DA:42,0
DA:50,0
DA:58,0
DA:71,0
DA:72,0
DA:77,0
DA:79,0
DA:80,0
DA:88,0
DA:93,0
DA:94,0
DA:95,0
DA:103,0
DA:115,0
DA:116,0
DA:120,0
DA:123,0
DA:125,0
DA:127,0
DA:128,0
DA:130,0
DA:131,0
DA:132,0
DA:135,0
DA:138,0
DA:139,0
DA:147,0
DA:148,0
DA:156,0
DA:177,0
DA:179,0
DA:180,0
LF:35
LH:0
BRDA:36,1,0,0
BRDA:36,1,1,0
BRDA:71,2,0,0
BRDA:71,2,1,0
BRDA:72,3,0,0
BRDA:72,3,1,0
BRDA:88,4,0,0
BRDA:88,4,1,0
BRDA:115,5,0,0
BRDA:115,5,1,0
BRDA:116,6,0,0
BRDA:116,6,1,0
BRDA:120,7,0,0
BRDA:120,7,1,0
BRDA:125,8,0,0
BRDA:125,8,1,0
BRDA:130,9,0,0
BRDA:130,9,1,0
BRDA:177,10,0,0
BRDA:177,10,1,0
BRF:20
BRH:0
end_of_record
TN:
SF:/home/madhankumar/sub/mojito-blockchain/mojito-contracts/contracts/mojito/sothebys/MarketPlace.sol
FN:97,onERC1155Received
FN:107,onERC1155BatchReceived
FN:120,constructor
FN:141,buy
FN:213,sell
FN:272,_handlePayment
FN:291,_tokenTransaction
FN:329,_handleRoyaltyEnginePayout
FN:380,_verifySignature
FN:400,getMessageHash
FN:422,
FNF:11
FNH:0
FNDA:0,onERC1155Received
FNDA:0,onERC1155BatchReceived
FNDA:0,constructor
FNDA:0,buy
FNDA:0,sell
FNDA:0,_handlePayment
FNDA:0,_tokenTransaction
FNDA:0,_handleRoyaltyEnginePayout
FNDA:0,_verifySignature
FNDA:0,getMessageHash
FNDA:0,
DA:104,0
DA:114,0
DA:126,0
DA:132,0
DA:133,0
DA:134,0
DA:135,0
DA:143,0
DA:153,0
DA:160,0
DA:166,0
DA:169,0
DA:171,0
DA:173,0
DA:175,0
DA:180,0
DA:181,0
DA:182,0
DA:183,0
DA:185,0
DA:187,0
DA:194,0
DA:196,0
DA:215,0
DA:225,0
DA:231,0
DA:234,0
DA:236,0
DA:238,0
DA:240,0
DA:241,0
DA:242,0
DA:243,0
DA:245,0
DA:248,0
DA:256,0
DA:258,0
DA:278,0
DA:280,0
DA:283,0
DA:284,0
DA:286,0
DA:293,0
DA:296,0
DA:303,0
DA:309,0
DA:313,0
DA:319,0
DA:337,0
DA:340,0
DA:346,0
DA:352,0
DA:355,0
DA:358,0
DA:360,0
DA:361,0
DA:364,0
DA:366,0
DA:367,0
DA:370,0
DA:371,0
DA:372,0
DA:377,0
DA:385,0
DA:405,0
LF:65
LH:0
BRDA:126,1,0,0
BRDA:126,1,1,0
BRDA:143,2,0,0
BRDA:143,2,1,0
BRDA:153,3,0,0
BRDA:153,3,1,0
BRDA:160,4,0,0
BRDA:160,4,1,0
BRDA:166,5,0,0
BRDA:166,5,1,0
BRDA:175,6,0,0
BRDA:175,6,1,0
BRDA:181,7,0,0
BRDA:181,7,1,0
BRDA:215,8,0,0
BRDA:215,8,1,0
BRDA:225,9,0,0
BRDA:225,9,1,0
BRDA:231,10,0,0
BRDA:231,10,1,0
BRDA:241,11,0,0
BRDA:241,11,1,0
BRDA:278,12,0,0
BRDA:278,12,1,0
BRDA:284,13,0,0
BRDA:284,13,1,0
BRDA:293,14,0,0
BRDA:293,14,1,0
BRDA:296,15,0,0
BRDA:296,15,1,0
BRDA:313,16,0,0
BRDA:313,16,1,0
BRDA:340,17,0,0
BRDA:340,17,1,0
BRDA:355,18,0,0
BRDA:355,18,1,0
BRDA:364,19,0,0
BRDA:364,19,1,0
BRF:38
BRH:0
end_of_record
TN:
SF:/home/madhankumar/sub/mojito-blockchain/mojito-contracts/contracts/mojito/StandardizedZoraNFT.sol
FN:33,constructor
FN:47,mintTo
FN:62,mintBatchTo
FN:68,safeBatchTransferFrom
FN:78,batchTransferFrom
FN:88,updateBaseURI
FN:95,updateBaseURISuffix
FN:105,ownerRemoveBid
FN:113,ownerBatchRemoveBids
FN:129,contractURI
FN:135,updateContractURI
FN:145,tokenURI
FN:159,isApprovedForAll
FNF:13
FNH:0
FNDA:0,constructor
FNDA:0,mintTo
FNDA:0,mintBatchTo
FNDA:0,safeBatchTransferFrom
FNDA:0,batchTransferFrom
FNDA:0,updateBaseURI
FNDA:0,updateBaseURISuffix
FNDA:0,ownerRemoveBid
FNDA:0,ownerBatchRemoveBids
FNDA:0,contractURI
FNDA:0,updateContractURI
FNDA:0,tokenURI
FNDA:0,isApprovedForAll
DA:34,0
DA:35,0
DA:36,0
DA:37,0
DA:49,0
DA:63,0
DA:64,0
DA:73,0
DA:74,0
DA:83,0
DA:84,0
DA:89,0
DA:97,0
DA:107,0
DA:114,0
DA:119,0
DA:120,0
DA:124,0
DA:130,0
DA:137,0
DA:148,0
DA:150,0
DA:166,0
DA:167,0
DA:168,0
DA:171,0
LF:26
LH:0
BRDA:114,1,0,0
BRDA:114,1,1,0
BRDA:120,2,0,0
BRDA:120,2,1,0
BRDA:167,3,0,0
BRDA:167,3,1,0
BRF:6
BRH:0
end_of_record
TN:
SF:/home/madhankumar/sub/mojito-blockchain/mojito-contracts/contracts/mojito/Strings.sol
FN:8,strConcat
FN:34,strConcat
FN:43,strConcat
FN:51,strConcat
FN:59,uint2str
FNF:5
FNH:0
FNDA:0,strConcat
FNDA:0,strConcat
FNDA:0,strConcat
FNDA:0,strConcat
FNDA:0,uint2str
DA:15,0
DA:16,0
DA:17,0
DA:18,0
DA:19,0
DA:20,0
DA:24,0
DA:25,0
DA:26,0
DA:27,0
DA:28,0
DA:29,0
DA:30,0
DA:31,0
DA:40,0
DA:48,0
DA:56,0
DA:64,0
DA:65,0
DA:67,0
DA:68,0
DA:69,0
DA:70,0
DA:71,0
DA:73,0
DA:74,0
DA:75,0
DA:76,0
DA:77,0
DA:78,0
DA:79,0
DA:80,0
DA:82,0
LF:33
LH:0
BRDA:64,1,0,0
BRDA:64,1,1,0
BRF:2
BRH:0
end_of_record
TN:
SF:/home/madhankumar/sub/mojito-blockchain/mojito-contracts/contracts/mojito/TestERC20.sol
FN:14,constructor
FNF:1
FNH:0
FNDA:0,constructor
LF:0
LH:0
BRF:0
BRH:0
end_of_record
TN:
SF:/home/madhankumar/sub/mojito-blockchain/mojito-contracts/contracts/mojito/TradeHouse.sol
FN:60,auctionExists
FN:67,IsAuctionApproved
FN:72,_auctionCheck
FN:80,constructor
FN:104,createAuction
FN:147,setAuctionApproval
FN:157,setAuctionReservePrice
FN:177,createSale
FN:242,createBid
FN:333,endAuction
FN:355,buyNow
FN:384,cancelAuction
FN:396,_handleIncomingBid
FN:413,_handleOutgoingBid
FN:428,_safeTransferETH
FN:433,_cancelAuction
FN:441,_approveAuction
FN:451,_exists
FN:455,_handleZoraAuctionSettlement
FN:480,_TransferProcess
FN:538,
FNF:21
FNH:0
FNDA:0,auctionExists
FNDA:0,IsAuctionApproved
FNDA:0,_auctionCheck
FNDA:0,constructor
FNDA:0,createAuction
FNDA:0,setAuctionApproval
FNDA:0,setAuctionReservePrice
FNDA:0,createSale
FNDA:0,createBid
FNDA:0,endAuction
FNDA:0,buyNow
FNDA:0,cancelAuction
FNDA:0,_handleIncomingBid
FNDA:0,_handleOutgoingBid
FNDA:0,_safeTransferETH
FNDA:0,_cancelAuction
FNDA:0,_approveAuction
FNDA:0,_exists
FNDA:0,_handleZoraAuctionSettlement
FNDA:0,_TransferProcess
FNDA:0,
DA:61,0
DA:62,0
DA:68,0
DA:69,0
DA:73,0
DA:74,0
DA:81,0
DA:85,0
DA:86,0
DA:87,0
DA:88,0
DA:105,0
DA:109,0
DA:110,0
DA:111,0
DA:112,0
DA:114,0
DA:129,0
DA:131,0
DA:133,0
DA:136,0
DA:137,0
DA:140,0
DA:148,0
DA:149,0
DA:158,0
DA:160,0
DA:162,0
DA:179,0
DA:183,0
DA:184,0
DA:185,0
DA:189,0
DA:191,0
DA:206,0
DA:208,0
DA:209,0
DA:211,0
DA:222,0
DA:223,0
DA:225,0
DA:244,0
DA:245,0
DA:246,0
DA:252,0
DA:256,0
DA:264,0
DA:265,0
DA:276,0
DA:277,0
DA:279,0
DA:282,0
DA:284,0
DA:285,0
DA:288,0
DA:292,0
DA:302,0
DA:303,0
DA:305,0
DA:308,0
DA:318,0
DA:319,0
DA:334,0
DA:338,0
DA:343,0
DA:345,0
DA:357,0
DA:359,0
DA:361,0
DA:362,0
DA:372,0
DA:374,0
DA:376,0
DA:385,0
DA:389,0
DA:398,0
DA:399,0
DA:400,0
DA:405,0
DA:406,0
DA:407,0
DA:408,0
DA:409,0
DA:415,0
DA:416,0
DA:419,0
DA:420,0
DA:421,0
DA:424,0
DA:429,0
DA:430,0
DA:434,0
DA:435,0
DA:437,0
DA:438,0
DA:442,0
DA:443,0
DA:444,0
DA:446,0
DA:447,0
DA:452,0
DA:456,0
DA:458,0
DA:466,0
DA:467,0
DA:468,0
DA:469,0
DA:471,0
DA:472,0
DA:474,0
DA:478,0
DA:481,0
DA:482,0
DA:484,0
DA:486,0
DA:488,0
DA:489,0
DA:490,0
DA:491,0
DA:492,0
DA:493,0
DA:497,0
DA:498,0
DA:499,0
DA:500,0
DA:505,0
DA:506,0
DA:507,0
DA:508,0
DA:510,0
DA:511,0
DA:512,0
DA:523,0
LF:133
LH:0
BRDA:61,1,0,0
BRDA:61,1,1,0
BRDA:68,2,0,0
BRDA:68,2,1,0
BRDA:73,3,0,0
BRDA:73,3,1,0
BRDA:81,4,0,0
BRDA:81,4,1,0
BRDA:105,5,0,0
BRDA:105,5,1,0
BRDA:109,6,0,0
BRDA:109,6,1,0
BRDA:111,7,0,0
BRDA:111,7,1,0
BRDA:136,8,0,0
BRDA:136,8,1,0
BRDA:148,9,0,0
BRDA:148,9,1,0
BRDA:158,10,0,0
BRDA:158,10,1,0
BRDA:179,11,0,0
BRDA:179,11,1,0
BRDA:183,12,0,0
BRDA:183,12,1,0
BRDA:185,13,0,0
BRDA:185,13,1,0
BRDA:222,14,0,0
BRDA:222,14,1,0
BRDA:244,15,0,0
BRDA:244,15,1,0
BRDA:246,16,0,0
BRDA:246,16,1,0
BRDA:252,17,0,0
BRDA:252,17,1,0
BRDA:256,18,0,0
BRDA:256,18,1,0
BRDA:264,19,0,0
BRDA:264,19,1,0
BRDA:265,20,0,0
BRDA:265,20,1,0
BRDA:276,21,0,0
BRDA:276,21,1,0
BRDA:278,22,0,0
BRDA:278,22,1,0
BRDA:292,23,0,0
BRDA:292,23,1,0
BRDA:318,24,0,0
BRDA:318,24,1,0
BRDA:334,25,0,0
BRDA:334,25,1,0
BRDA:338,26,0,0
BRDA:338,26,1,0
BRDA:357,27,0,0
BRDA:357,27,1,0
BRDA:361,28,0,0
BRDA:361,28,1,0
BRDA:362,29,0,0
BRDA:362,29,1,0
BRDA:385,30,0,0
BRDA:385,30,1,0
BRDA:398,31,0,0
BRDA:398,31,1,0
BRDA:399,32,0,0
BRDA:399,32,1,0
BRDA:409,33,0,0
BRDA:409,33,1,0
BRDA:415,34,0,0
BRDA:415,34,1,0
BRDA:419,35,0,0
BRDA:419,35,1,0
BRDA:442,36,0,0
BRDA:442,36,1,0
BRDA:486,37,0,0
BRDA:486,37,1,0
BRDA:490,38,0,0
BRDA:490,38,1,0
BRDA:505,39,0,0
BRDA:505,39,1,0
BRDA:511,40,0,0
BRDA:511,40,1,0
BRF:80
BRH:0
end_of_record
TN:
SF:/home/madhankumar/sub/mojito-blockchain/mojito-contracts/contracts/mojito/VerifySignature.sol
FN:33,getMessageHash
FN:57,getEthSignedMessageHash
FN:81,verify
FN:98,recoverSigner
FN:108,splitSignature
FNF:5
FNH:0
FNDA:0,getMessageHash
FNDA:0,getEthSignedMessageHash
FNDA:0,verify
FNDA:0,recoverSigner
FNDA:0,splitSignature
DA:43,0
DA:66,0
DA:92,0
DA:93,0
DA:95,0
DA:103,0
DA:105,0
DA:117,0
DA:119,0
LF:9
LH:0
BRDA:117,1,0,0
BRDA:117,1,1,0
BRF:2
BRH:0
end_of_record
TN:
SF:/home/madhankumar/sub/mojito-blockchain/mojito-contracts/contracts/mojito/WETH.sol
FN:22,
FN:26,deposit
FN:30,withdraw
FN:37,totalSupply
FN:41,approve
FN:47,transfer
FN:51,transferFrom
FNF:7
FNH:0
FNDA:0,
FNDA:0,deposit
FNDA:0,withdraw
FNDA:0,totalSupply
FNDA:0,approve
FNDA:0,transfer
FNDA:0,transferFrom
DA:23,0
DA:27,0
DA:28,0
DA:31,0
DA:32,0
DA:33,0
DA:34,0
DA:38,0
DA:42,0
DA:43,0
DA:44,0
DA:48,0
DA:55,0
DA:57,0
DA:58,0
DA:59,0
DA:62,0
DA:63,0
DA:65,0
DA:67,0
LF:20
LH:0
BRDA:31,1,0,0
BRDA:31,1,1,0
BRDA:55,2,0,0
BRDA:55,2,1,0
BRDA:57,3,0,0
BRDA:57,3,1,0
BRDA:58,4,0,0
BRDA:58,4,1,0
BRF:8
BRH:0
end_of_record
TN:
SF:/home/madhankumar/sub/mojito-blockchain/mojito-contracts/contracts/mojito/ZoraMedia.sol
FN:106,onlyExistingToken
FN:115,onlyApprovedOrOwner
FN:126,onlyTokenCreated
FN:142,constructor
FN:155,auctionTransfer
FN:174,setAsk
FN:186,removeAsk
FN:198,setBid
FN:211,removeBid
FN:223,acceptBid
FN:237,burn
FN:255,revokeApproval
FN:272,permit
FN:328,_mintForCreator
FN:348,_burn
FN:356,_transfer
FN:369,_calculateDomainSeparator
FNF:17
FNH:0
FNDA:0,onlyExistingToken
FNDA:0,onlyApprovedOrOwner
FNDA:0,onlyTokenCreated
FNDA:0,constructor
FNDA:0,auctionTransfer
FNDA:0,setAsk
FNDA:0,removeAsk
FNDA:0,setBid
FNDA:0,removeBid
FNDA:0,acceptBid
FNDA:0,burn
FNDA:0,revokeApproval
FNDA:0,permit
FNDA:0,_mintForCreator
FNDA:0,_burn
FNDA:0,_transfer
FNDA:0,_calculateDomainSeparator
DA:107,0
DA:108,0
DA:116,0
DA:120,0
DA:127,0
DA:131,0
DA:143,0
DA:144,0
DA:159,0
DA:163,0
DA:164,0
DA:176,0
DA:188,0
DA:200,0
DA:201,0
DA:213,0
DA:225,0
DA:239,0
DA:241,0
DA:246,0
DA:256,0
DA:260,0
DA:273,0
DA:277,0
DA:278,0
DA:280,0
DA:297,0
DA:299,0
DA:305,0
DA:332,0
DA:334,0
DA:335,0
DA:336,0
DA:338,0
DA:339,0
DA:340,0
DA:349,0
DA:350,0
DA:361,0
DA:363,0
DA:370,0
DA:372,0
DA:376,0
LF:43
LH:0
BRDA:107,1,0,0
BRDA:107,1,1,0
BRDA:116,2,0,0
BRDA:116,2,1,0
BRDA:127,3,0,0
BRDA:127,3,1,0
BRDA:159,4,0,0
BRDA:159,4,1,0
BRDA:200,5,0,0
BRDA:200,5,1,0
BRDA:241,6,0,0
BRDA:241,6,1,0
BRDA:256,7,0,0
BRDA:256,7,1,0
BRDA:273,8,0,0
BRDA:273,8,1,0
BRDA:277,9,0,0
BRDA:277,9,1,0
BRDA:299,10,0,0
BRDA:299,10,1,0
BRF:20
BRH:0
end_of_record
TN:
SF:/home/madhankumar/sub/mojito-blockchain/mojito-contracts/contracts/mojito/ZoraNFTMarket.sol
FN:9,constructor
FNF:1
FNH:0
FNDA:0,constructor
LF:0
LH:0
BRF:0
BRH:0
end_of_record
TN:
SF:/home/madhankumar/sub/mojito-blockchain/mojito-contracts/contracts/openzeppelin-upgradeable/access/AccessControlEnumerableUpgradeable.sol
FN:15,__AccessControlEnumerable_init
FN:22,__AccessControlEnumerable_init_unchained
FN:31,supportsInterface
FN:47,getRoleMember
FN:55,getRoleMemberCount
FN:62,_grantRole
FN:70,_revokeRole
FNF:7
FNH:0
FNDA:0,__AccessControlEnumerable_init
FNDA:0,__AccessControlEnumerable_init_unchained
FNDA:0,supportsInterface
FNDA:0,getRoleMember
FNDA:0,getRoleMemberCount
FNDA:0,_grantRole
FNDA:0,_revokeRole
DA:16,0
DA:17,0
DA:18,0
DA:19,0
DA:32,0
DA:48,0
DA:56,0
DA:63,0
DA:64,0
DA:71,0
DA:72,0
LF:11
LH:0
BRF:0
BRH:0
end_of_record
TN:
SF:/home/madhankumar/sub/mojito-blockchain/mojito-contracts/contracts/openzeppelin-upgradeable/access/AccessControlUpgradeable.sol
FN:51,__AccessControl_init
FN:57,__AccessControl_init_unchained
FN:78,onlyRole
FN:86,supportsInterface
FN:93,hasRole
FN:104,_checkRole
FN:125,getRoleAdmin
FN:139,grantRole
FN:152,revokeRole
FN:170,renounceRole
FN:194,_setupRole
FN:203,_setRoleAdmin
FN:214,_grantRole
FN:226,_revokeRole
FNF:14
FNH:0
FNDA:0,__AccessControl_init
FNDA:0,__AccessControl_init_unchained
FNDA:0,onlyRole
FNDA:0,supportsInterface
FNDA:0,hasRole
FNDA:0,_checkRole
FNDA:0,getRoleAdmin
FNDA:0,grantRole
FNDA:0,revokeRole
FNDA:0,renounceRole
FNDA:0,_setupRole
FNDA:0,_setRoleAdmin
FNDA:0,_grantRole
FNDA:0,_revokeRole
DA:52,0
DA:53,0
DA:54,0
DA:79,0
DA:80,0
DA:87,0
DA:94,0
DA:105,0
DA:106,0
DA:126,0
DA:140,0
DA:153,0
DA:171,0
DA:173,0
DA:195,0
DA:204,0
DA:205,0
DA:206,0
DA:215,0
DA:216,0
DA:217,0
DA:227,0
DA:228,0
DA:229,0
LF:24
LH:0
BRDA:105,1,0,0
BRDA:105,1,1,0
BRDA:171,2,0,0
BRDA:171,2,1,0
BRDA:215,3,0,0
BRDA:215,3,1,0
BRDA:227,4,0,0
BRDA:227,4,1,0
BRF:8
BRH:0
end_of_record
TN:
SF:/home/madhankumar/sub/mojito-blockchain/mojito-contracts/contracts/openzeppelin-upgradeable/access/IAccessControlEnumerableUpgradeable.sol
FNF:0
FNH:0
LF:0
LH:0
BRF:0
BRH:0
end_of_record
TN:
SF:/home/madhankumar/sub/mojito-blockchain/mojito-contracts/contracts/openzeppelin-upgradeable/access/IAccessControlUpgradeable.sol
FNF:0
FNH:0
LF:0
LH:0
BRF:0
BRH:0
end_of_record
TN:
SF:/home/madhankumar/sub/mojito-blockchain/mojito-contracts/contracts/openzeppelin-upgradeable/access/OwnableUpgradeable.sol
FN:29,__Ownable_init
FN:34,__Ownable_init_unchained
FN:41,owner
FN:48,onlyOwner
FN:60,renounceOwnership
FN:68,transferOwnership
FN:77,_transferOwnership
FNF:7
FNH:0
FNDA:0,__Ownable_init
FNDA:0,__Ownable_init_unchained
FNDA:0,owner
FNDA:0,onlyOwner
FNDA:0,renounceOwnership
FNDA:0,transferOwnership
FNDA:0,_transferOwnership
DA:30,0
DA:31,0
DA:35,0
DA:42,0
DA:49,0
DA:50,0
DA:61,0
DA:69,0
DA:70,0
DA:78,0
DA:79,0
DA:80,0
LF:12
LH:0
BRDA:49,1,0,0
BRDA:49,1,1,0
BRDA:69,2,0,0
BRDA:69,2,1,0
BRF:4
BRH:0
end_of_record
TN:
SF:/home/madhankumar/sub/mojito-blockchain/mojito-contracts/contracts/openzeppelin-upgradeable/interfaces/draft-IERC2612Upgradeable.sol
FNF:0
FNH:0
LF:0
LH:0
BRF:0
BRH:0
end_of_record
TN:
SF:/home/madhankumar/sub/mojito-blockchain/mojito-contracts/contracts/openzeppelin-upgradeable/interfaces/IERC1155MetadataURIUpgradeable.sol
FNF:0
FNH:0
LF:0
LH:0
BRF:0
BRH:0
end_of_record
TN:
SF:/home/madhankumar/sub/mojito-blockchain/mojito-contracts/contracts/openzeppelin-upgradeable/interfaces/IERC1155ReceiverUpgradeable.sol
FNF:0
FNH:0
LF:0
LH:0
BRF:0
BRH:0
end_of_record
TN:
SF:/home/madhankumar/sub/mojito-blockchain/mojito-contracts/contracts/openzeppelin-upgradeable/interfaces/IERC1155Upgradeable.sol
FNF:0
FNH:0
LF:0
LH:0
BRF:0
BRH:0
end_of_record
TN:
SF:/home/madhankumar/sub/mojito-blockchain/mojito-contracts/contracts/openzeppelin-upgradeable/interfaces/IERC1271Upgradeable.sol
FNF:0
FNH:0
LF:0
LH:0
BRF:0
BRH:0
end_of_record
TN:
SF:/home/madhankumar/sub/mojito-blockchain/mojito-contracts/contracts/openzeppelin-upgradeable/interfaces/IERC1363ReceiverUpgradeable.sol
FNF:0
FNH:0
LF:0
LH:0
BRF:0
BRH:0
end_of_record
TN:
SF:/home/madhankumar/sub/mojito-blockchain/mojito-contracts/contracts/openzeppelin-upgradeable/interfaces/IERC1363SpenderUpgradeable.sol
FNF:0
FNH:0
LF:0
LH:0
BRF:0
BRH:0
end_of_record
TN:
SF:/home/madhankumar/sub/mojito-blockchain/mojito-contracts/contracts/openzeppelin-upgradeable/interfaces/IERC1363Upgradeable.sol
FNF:0
FNH:0
LF:0
LH:0
BRF:0
BRH:0
end_of_record
TN:
SF:/home/madhankumar/sub/mojito-blockchain/mojito-contracts/contracts/openzeppelin-upgradeable/interfaces/IERC165Upgradeable.sol
FNF:0
FNH:0
LF:0
LH:0
BRF:0
BRH:0
end_of_record
TN:
SF:/home/madhankumar/sub/mojito-blockchain/mojito-contracts/contracts/openzeppelin-upgradeable/interfaces/IERC1820ImplementerUpgradeable.sol
FNF:0
FNH:0
LF:0
LH:0
BRF:0
BRH:0
end_of_record
TN:
SF:/home/madhankumar/sub/mojito-blockchain/mojito-contracts/contracts/openzeppelin-upgradeable/interfaces/IERC1820RegistryUpgradeable.sol
FNF:0
FNH:0
LF:0
LH:0
BRF:0
BRH:0
end_of_record
TN:
SF:/home/madhankumar/sub/mojito-blockchain/mojito-contracts/contracts/openzeppelin-upgradeable/interfaces/IERC20MetadataUpgradeable.sol
FNF:0
FNH:0
LF:0
LH:0
BRF:0
BRH:0
end_of_record
TN:
SF:/home/madhankumar/sub/mojito-blockchain/mojito-contracts/contracts/openzeppelin-upgradeable/interfaces/IERC20Upgradeable.sol
FNF:0
FNH:0
LF:0
LH:0
BRF:0
BRH:0
end_of_record
TN:
SF:/home/madhankumar/sub/mojito-blockchain/mojito-contracts/contracts/openzeppelin-upgradeable/interfaces/IERC2981Upgradeable.sol
FNF:0
FNH:0
LF:0
LH:0
BRF:0
BRH:0
end_of_record
TN:
SF:/home/madhankumar/sub/mojito-blockchain/mojito-contracts/contracts/openzeppelin-upgradeable/interfaces/IERC3156FlashBorrowerUpgradeable.sol
FNF:0
FNH:0
LF:0
LH:0
BRF:0
BRH:0
end_of_record
TN:
SF:/home/madhankumar/sub/mojito-blockchain/mojito-contracts/contracts/openzeppelin-upgradeable/interfaces/IERC3156FlashLenderUpgradeable.sol
FNF:0
FNH:0
LF:0
LH:0
BRF:0
BRH:0
end_of_record
TN:
SF:/home/madhankumar/sub/mojito-blockchain/mojito-contracts/contracts/openzeppelin-upgradeable/interfaces/IERC3156Upgradeable.sol
FNF:0
FNH:0
LF:0
LH:0
BRF:0
BRH:0
end_of_record
TN:
SF:/home/madhankumar/sub/mojito-blockchain/mojito-contracts/contracts/openzeppelin-upgradeable/interfaces/IERC721EnumerableUpgradeable.sol
FNF:0
FNH:0
LF:0
LH:0
BRF:0
BRH:0
end_of_record
TN:
SF:/home/madhankumar/sub/mojito-blockchain/mojito-contracts/contracts/openzeppelin-upgradeable/interfaces/IERC721MetadataUpgradeable.sol
FNF:0
FNH:0
LF:0
LH:0
BRF:0
BRH:0
end_of_record
TN:
SF:/home/madhankumar/sub/mojito-blockchain/mojito-contracts/contracts/openzeppelin-upgradeable/interfaces/IERC721ReceiverUpgradeable.sol
FNF:0
FNH:0
LF:0
LH:0
BRF:0
BRH:0
end_of_record
TN:
SF:/home/madhankumar/sub/mojito-blockchain/mojito-contracts/contracts/openzeppelin-upgradeable/interfaces/IERC721Upgradeable.sol
FNF:0
FNH:0
LF:0
LH:0
BRF:0
BRH:0
end_of_record
TN:
SF:/home/madhankumar/sub/mojito-blockchain/mojito-contracts/contracts/openzeppelin-upgradeable/interfaces/IERC777RecipientUpgradeable.sol
FNF:0
FNH:0
LF:0
LH:0
BRF:0
BRH:0
end_of_record
TN:
SF:/home/madhankumar/sub/mojito-blockchain/mojito-contracts/contracts/openzeppelin-upgradeable/interfaces/IERC777SenderUpgradeable.sol
FNF:0
FNH:0
LF:0
LH:0
BRF:0
BRH:0
end_of_record
TN:
SF:/home/madhankumar/sub/mojito-blockchain/mojito-contracts/contracts/openzeppelin-upgradeable/interfaces/IERC777Upgradeable.sol
FNF:0
FNH:0
LF:0
LH:0
BRF:0
BRH:0
end_of_record
TN:
SF:/home/madhankumar/sub/mojito-blockchain/mojito-contracts/contracts/openzeppelin-upgradeable/proxy/beacon/IBeaconUpgradeable.sol
FNF:0
FNH:0
LF:0
LH:0
BRF:0
BRH:0
end_of_record
TN:
SF:/home/madhankumar/sub/mojito-blockchain/mojito-contracts/contracts/openzeppelin-upgradeable/proxy/ClonesUpgradeable.sol
FN:25,clone
FN:43,cloneDeterministic
FN:57,predictDeterministicAddress
FN:77,predictDeterministicAddress
FNF:4
FNH:0
FNDA:0,clone
FNDA:0,cloneDeterministic
FNDA:0,predictDeterministicAddress
FNDA:0,predictDeterministicAddress
DA:26,0
DA:33,0
DA:44,0
DA:51,0
DA:62,0
DA:82,0
LF:6
LH:0
BRDA:33,1,0,0
BRDA:33,1,1,0
BRDA:51,2,0,0
BRDA:51,2,1,0
BRF:4
BRH:0
end_of_record
TN:
SF:/home/madhankumar/sub/mojito-blockchain/mojito-contracts/contracts/openzeppelin-upgradeable/proxy/ERC1967/ERC1967UpgradeUpgradeable.sol
FN:20,__ERC1967Upgrade_init
FN:24,__ERC1967Upgrade_init_unchained
FN:44,_getImplementation
FN:51,_setImplementation
FN:61,_upgradeTo
FN:71,_upgradeToAndCall
FN:87,_upgradeToAndCallSecure
FN:132,_getAdmin
FN:139,_setAdmin
FN:149,_changeAdmin
FN:168,_getBeacon
FN:175,_setBeacon
FN:190,_upgradeBeaconToAndCall
FN:208,_functionDelegateCall
FNF:14
FNH:0
FNDA:0,__ERC1967Upgrade_init
FNDA:0,__ERC1967Upgrade_init_unchained
FNDA:0,_getImplementation
FNDA:0,_setImplementation
FNDA:0,_upgradeTo
FNDA:0,_upgradeToAndCall
FNDA:0,_upgradeToAndCallSecure
FNDA:0,_getAdmin
FNDA:0,_setAdmin
FNDA:0,_changeAdmin
FNDA:0,_getBeacon
FNDA:0,_setBeacon
FNDA:0,_upgradeBeaconToAndCall
FNDA:0,_functionDelegateCall
DA:21,0
DA:45,0
DA:52,0
DA:53,0
DA:62,0
DA:63,0
DA:76,0
DA:77,0
DA:78,0
DA:92,0
DA:95,0
DA:96,0
DA:97,0
DA:101,0
DA:102,0
DA:104,0
DA:105,0
DA:109,0
DA:111,0
DA:113,0
DA:133,0
DA:140,0
DA:141,0
DA:150,0
DA:151,0
DA:169,0
DA:176,0
DA:177,0
DA:181,0
DA:195,0
DA:196,0
DA:197,0
DA:198,0
DA:209,0
DA:212,0
DA:213,0
LF:36
LH:0
BRDA:52,1,0,0
BRDA:52,1,1,0
BRDA:77,2,0,0
BRDA:77,2,1,0
BRDA:96,3,0,0
BRDA:96,3,1,0
BRDA:102,4,0,0
BRDA:102,4,1,0
BRDA:111,5,0,0
BRDA:111,5,1,0
BRDA:140,6,0,0
BRDA:140,6,1,0
BRDA:176,7,0,0
BRDA:176,7,1,0
BRDA:177,8,0,0
BRDA:177,8,1,0
BRDA:197,9,0,0
BRDA:197,9,1,0
BRDA:209,10,0,0
BRDA:209,10,1,0
BRF:20
BRH:0
end_of_record
TN:
SF:/home/madhankumar/sub/mojito-blockchain/mojito-contracts/contracts/openzeppelin-upgradeable/proxy/utils/Initializable.sol
FN:47,initializer
FNF:1
FNH:0
FNDA:0,initializer
DA:48,0
DA:50,0
DA:51,0
DA:52,0
DA:53,0
DA:56,0
DA:58,0
DA:59,0
LF:8
LH:0
BRDA:48,1,0,0
BRDA:48,1,1,0
BRDA:51,2,0,0
BRDA:51,2,1,0
BRDA:58,3,0,0
BRDA:58,3,1,0
BRF:6
BRH:0
end_of_record
TN:
SF:/home/madhankumar/sub/mojito-blockchain/mojito-contracts/contracts/openzeppelin-upgradeable/proxy/utils/UUPSUpgradeable.sol
FN:22,__UUPSUpgradeable_init
FN:27,__UUPSUpgradeable_init_unchained
FN:39,onlyProxy
FN:52,upgradeTo
FN:65,upgradeToAndCall
FNF:5
FNH:0
FNDA:0,__UUPSUpgradeable_init
FNDA:0,__UUPSUpgradeable_init_unchained
FNDA:0,onlyProxy
FNDA:0,upgradeTo
FNDA:0,upgradeToAndCall
DA:23,0
DA:24,0
DA:40,0
DA:41,0
DA:42,0
DA:53,0
DA:54,0
DA:66,0
DA:67,0
LF:9
LH:0
BRDA:40,1,0,0
BRDA:40,1,1,0
BRDA:41,2,0,0
BRDA:41,2,1,0
BRF:4
BRH:0
end_of_record
TN:
SF:/home/madhankumar/sub/mojito-blockchain/mojito-contracts/contracts/openzeppelin-upgradeable/security/PausableUpgradeable.sol
FN:34,__Pausable_init
FN:39,__Pausable_init_unchained
FN:46,paused
FN:57,whenNotPaused
FN:69,whenPaused
FN:81,_pause
FN:93,_unpause
FNF:7
FNH:0
FNDA:0,__Pausable_init
FNDA:0,__Pausable_init_unchained
FNDA:0,paused
FNDA:0,whenNotPaused
FNDA:0,whenPaused
FNDA:0,_pause
FNDA:0,_unpause
DA:35,0
DA:36,0
DA:40,0
DA:47,0
DA:58,0
DA:59,0
DA:70,0
DA:71,0
DA:82,0
DA:83,0
DA:94,0
DA:95,0
LF:12
LH:0
BRDA:58,1,0,0
BRDA:58,1,1,0
BRDA:70,2,0,0
BRDA:70,2,1,0
BRF:4
BRH:0
end_of_record
TN:
SF:/home/madhankumar/sub/mojito-blockchain/mojito-contracts/contracts/openzeppelin-upgradeable/security/PullPaymentUpgradeable.sol
FN:30,__PullPayment_init
FN:34,__PullPayment_init_unchained
FN:53,withdrawPayments
FN:61,payments
FN:73,_asyncTransfer
FNF:5
FNH:0
FNDA:0,__PullPayment_init
FNDA:0,__PullPayment_init_unchained
FNDA:0,withdrawPayments
FNDA:0,payments
FNDA:0,_asyncTransfer
DA:31,0
DA:35,0
DA:36,0
DA:54,0
DA:62,0
DA:74,0
LF:6
LH:0
BRF:0
BRH:0
end_of_record
TN:
SF:/home/madhankumar/sub/mojito-blockchain/mojito-contracts/contracts/openzeppelin-upgradeable/security/ReentrancyGuardUpgradeable.sol
FN:40,__ReentrancyGuard_init
FN:44,__ReentrancyGuard_init_unchained
FN:55,nonReentrant
FNF:3
FNH:0
FNDA:0,__ReentrancyGuard_init
FNDA:0,__ReentrancyGuard_init_unchained
FNDA:0,nonReentrant
DA:41,0
DA:45,0
DA:57,0
DA:60,0
DA:62,0
DA:66,0
LF:6
LH:0
BRDA:57,1,0,0
BRDA:57,1,1,0
BRF:2
BRH:0
end_of_record
TN:
SF:/home/madhankumar/sub/mojito-blockchain/mojito-contracts/contracts/openzeppelin-upgradeable/token/ERC1155/ERC1155Upgradeable.sol
FN:36,__ERC1155_init
FN:42,__ERC1155_init_unchained
FN:49,supportsInterface
FN:66,uri
FN:77,balanceOf
FN:89,balanceOfBatch
FN:110,setApprovalForAll
FN:117,isApprovedForAll
FN:124,safeTransferFrom
FN:141,safeBatchTransferFrom
FN:167,_safeTransferFrom
FN:202,_safeBatchTransferFrom
FN:252,_setURI
FN:267,_mint
FN:294,_mintBatch
FN:324,_burn
FN:351,_burnBatch
FN:382,_setApprovalForAll
FN:412,_beforeTokenTransfer
FN:421,_doSafeTransferAcceptanceCheck
FN:442,_doSafeBatchTransferAcceptanceCheck
FN:465,_asSingletonArray
FNF:22
FNH:0
FNDA:0,__ERC1155_init
FNDA:0,__ERC1155_init_unchained
FNDA:0,supportsInterface
FNDA:0,uri
FNDA:0,balanceOf
FNDA:0,balanceOfBatch
FNDA:0,setApprovalForAll
FNDA:0,isApprovedForAll
FNDA:0,safeTransferFrom
FNDA:0,safeBatchTransferFrom
FNDA:0,_safeTransferFrom
FNDA:0,_safeBatchTransferFrom
FNDA:0,_setURI
FNDA:0,_mint
FNDA:0,_mintBatch
FNDA:0,_burn
FNDA:0,_burnBatch
FNDA:0,_setApprovalForAll
FNDA:0,_beforeTokenTransfer
FNDA:0,_doSafeTransferAcceptanceCheck
FNDA:0,_doSafeBatchTransferAcceptanceCheck
FNDA:0,_asSingletonArray
DA:37,0
DA:38,0
DA:39,0
DA:43,0
DA:50,0
DA:67,0
DA:78,0
DA:79,0
DA:96,0
DA:98,0
DA:100,0
DA:101,0
DA:104,0
DA:111,0
DA:118,0
DA:131,0
DA:135,0
DA:148,0
DA:152,0
DA:174,0
DA:176,0
DA:178,0
DA:180,0
DA:181,0
DA:182,0
DA:183,0
DA:185,0
DA:187,0
DA:189,0
DA:209,0
DA:210,0
DA:212,0
DA:214,0
DA:216,0
DA:217,0
DA:218,0
DA:220,0
DA:221,0
DA:222,0
DA:223,0
DA:225,0
DA:228,0
DA:230,0
DA:253,0
DA:273,0
DA:275,0
DA:277,0
DA:279,0
DA:280,0
DA:282,0
DA:300,0
DA:301,0
DA:303,0
DA:305,0
DA:307,0
DA:308,0
DA:311,0
DA:313,0
DA:329,0
DA:331,0
DA:333,0
DA:335,0
DA:336,0
DA:337,0
DA:338,0
DA:341,0
DA:356,0
DA:357,0
DA:359,0
DA:361,0
DA:363,0
DA:364,0
DA:365,0
DA:367,0
DA:368,0
DA:369,0
DA:370,0
DA:374,0
DA:387,0
DA:388,0
DA:389,0
DA:429,0
DA:430,0
DA:431,0
DA:432,0
DA:435,0
DA:437,0
DA:450,0
DA:451,0
DA:454,0
DA:455,0
DA:458,0
DA:460,0
DA:466,0
DA:467,0
DA:469,0
LF:96
LH:0
BRDA:78,1,0,0
BRDA:78,1,1,0
BRDA:96,2,0,0
BRDA:96,2,1,0
BRDA:131,3,0,0
BRDA:131,3,1,0
BRDA:148,4,0,0
BRDA:148,4,1,0
BRDA:174,5,0,0
BRDA:174,5,1,0
BRDA:181,6,0,0
BRDA:181,6,1,0
BRDA:209,7,0,0
BRDA:209,7,1,0
BRDA:210,8,0,0
BRDA:210,8,1,0
BRDA:221,9,0,0
BRDA:221,9,1,0
BRDA:273,10,0,0
BRDA:273,10,1,0
BRDA:300,11,0,0
BRDA:300,11,1,0
BRDA:301,12,0,0
BRDA:301,12,1,0
BRDA:329,13,0,0
BRDA:329,13,1,0
BRDA:336,14,0,0
BRDA:336,14,1,0
BRDA:356,15,0,0
BRDA:356,15,1,0
BRDA:357,16,0,0
BRDA:357,16,1,0
BRDA:368,17,0,0
BRDA:368,17,1,0
BRDA:387,18,0,0
BRDA:387,18,1,0
BRDA:429,19,0,0
BRDA:429,19,1,0
BRDA:431,20,0,0
BRDA:431,20,1,0
BRDA:450,21,0,0
BRDA:450,21,1,0
BRDA:454,22,0,0
BRDA:454,22,1,0
BRF:44
BRH:0
end_of_record
TN:
SF:/home/madhankumar/sub/mojito-blockchain/mojito-contracts/contracts/openzeppelin-upgradeable/token/ERC1155/extensions/ERC1155BurnableUpgradeable.sol
FN:16,__ERC1155Burnable_init
FN:22,__ERC1155Burnable_init_unchained
FN:24,burn
FN:37,burnBatch
FNF:4
FNH:0
FNDA:0,__ERC1155Burnable_init
FNDA:0,__ERC1155Burnable_init_unchained
FNDA:0,burn
FNDA:0,burnBatch
DA:17,0
DA:18,0
DA:19,0
DA:29,0
DA:34,0
DA:42,0
DA:47,0
LF:7
LH:0
BRDA:29,1,0,0
BRDA:29,1,1,0
BRDA:42,2,0,0
BRDA:42,2,1,0
BRF:4
BRH:0
end_of_record
TN:
SF:/home/madhankumar/sub/mojito-blockchain/mojito-contracts/contracts/openzeppelin-upgradeable/token/ERC1155/extensions/ERC1155PausableUpgradeable.sol
FN:20,__ERC1155Pausable_init
FN:27,__ERC1155Pausable_init_unchained
FN:36,_beforeTokenTransfer
FNF:3
FNH:0
FNDA:0,__ERC1155Pausable_init
FNDA:0,__ERC1155Pausable_init_unchained
FNDA:0,_beforeTokenTransfer
DA:21,0
DA:22,0
DA:23,0
DA:24,0
DA:44,0
DA:46,0
LF:6
LH:0
BRDA:46,1,0,0
BRDA:46,1,1,0
BRF:2
BRH:0
end_of_record
TN:
SF:/home/madhankumar/sub/mojito-blockchain/mojito-contracts/contracts/openzeppelin-upgradeable/token/ERC1155/extensions/ERC1155SupplyUpgradeable.sol
FN:18,__ERC1155Supply_init
FN:24,__ERC1155Supply_init_unchained
FN:31,totalSupply
FN:38,exists
FN:45,_beforeTokenTransfer
FNF:5
FNH:0
FNDA:0,__ERC1155Supply_init
FNDA:0,__ERC1155Supply_init_unchained
FNDA:0,totalSupply
FNDA:0,exists
FNDA:0,_beforeTokenTransfer
DA:19,0
DA:20,0
DA:21,0
DA:32,0
DA:39,0
DA:53,0
DA:55,0
DA:56,0
DA:57,0
DA:61,0
DA:62,0
DA:63,0
LF:12
LH:0
BRDA:55,1,0,0
BRDA:55,1,1,0
BRDA:61,2,0,0
BRDA:61,2,1,0
BRF:4
BRH:0
end_of_record
TN:
SF:/home/madhankumar/sub/mojito-blockchain/mojito-contracts/contracts/openzeppelin-upgradeable/token/ERC1155/extensions/IERC1155MetadataURIUpgradeable.sol
FNF:0
FNH:0
LF:0
LH:0
BRF:0
BRH:0
end_of_record
TN:
SF:/home/madhankumar/sub/mojito-blockchain/mojito-contracts/contracts/openzeppelin-upgradeable/token/ERC1155/IERC1155ReceiverUpgradeable.sol
FNF:0
FNH:0
LF:0
LH:0
BRF:0
BRH:0
end_of_record
TN:
SF:/home/madhankumar/sub/mojito-blockchain/mojito-contracts/contracts/openzeppelin-upgradeable/token/ERC1155/IERC1155Upgradeable.sol
FNF:0
FNH:0
LF:0
LH:0
BRF:0
BRH:0
end_of_record
TN:
SF:/home/madhankumar/sub/mojito-blockchain/mojito-contracts/contracts/openzeppelin-upgradeable/token/ERC1155/presets/ERC1155PresetMinterPauserUpgradeable.sol
FN:30,initialize
FN:40,__ERC1155PresetMinterPauser_init
FN:52,__ERC1155PresetMinterPauser_init_unchained
FN:68,mint
FN:82,mintBatch
FN:102,pause
FN:116,unpause
FN:124,supportsInterface
FN:134,_beforeTokenTransfer
FNF:9
FNH:0
FNDA:0,initialize
FNDA:0,__ERC1155PresetMinterPauser_init
FNDA:0,__ERC1155PresetMinterPauser_init_unchained
FNDA:0,mint
FNDA:0,mintBatch
FNDA:0,pause
FNDA:0,unpause
FNDA:0,supportsInterface
FNDA:0,_beforeTokenTransfer
DA:31,0
DA:41,0
DA:42,0
DA:43,0
DA:44,0
DA:45,0
DA:46,0
DA:47,0
DA:48,0
DA:49,0
DA:53,0
DA:55,0
DA:56,0
DA:74,0
DA:76,0
DA:88,0
DA:90,0
DA:103,0
DA:104,0
DA:117,0
DA:118,0
DA:131,0
DA:142,0
LF:23
LH:0
BRDA:74,1,0,0
BRDA:74,1,1,0
BRDA:88,2,0,0
BRDA:88,2,1,0
BRDA:103,3,0,0
BRDA:103,3,1,0
BRDA:117,4,0,0
BRDA:117,4,1,0
BRF:8
BRH:0
end_of_record
TN:
SF:/home/madhankumar/sub/mojito-blockchain/mojito-contracts/contracts/openzeppelin-upgradeable/token/ERC1155/utils/ERC1155HolderUpgradeable.sol
FN:18,__ERC1155Holder_init
FN:24,__ERC1155Holder_init_unchained
FN:26,onERC1155Received
FN:36,onERC1155BatchReceived
FNF:4
FNH:0
FNDA:0,__ERC1155Holder_init
FNDA:0,__ERC1155Holder_init_unchained
FNDA:0,onERC1155Received
FNDA:0,onERC1155BatchReceived
DA:19,0
DA:20,0
DA:21,0
DA:33,0
DA:43,0
LF:5
LH:0
BRF:0
BRH:0
end_of_record
TN:
SF:/home/madhankumar/sub/mojito-blockchain/mojito-contracts/contracts/openzeppelin-upgradeable/token/ERC1155/utils/ERC1155ReceiverUpgradeable.sol
FN:14,__ERC1155Receiver_init
FN:19,__ERC1155Receiver_init_unchained
FN:24,supportsInterface
FNF:3
FNH:0
FNDA:0,__ERC1155Receiver_init
FNDA:0,__ERC1155Receiver_init_unchained
FNDA:0,supportsInterface
DA:15,0
DA:16,0
DA:25,0
LF:3
LH:0
BRF:0
BRH:0
end_of_record
TN:
SF:/home/madhankumar/sub/mojito-blockchain/mojito-contracts/contracts/openzeppelin-upgradeable/token/ERC20/ERC20Upgradeable.sol
FN:55,__ERC20_init
FN:60,__ERC20_init_unchained
FN:68,name
FN:76,symbol
FN:93,decimals
FN:100,totalSupply
FN:107,balanceOf
FN:119,transfer
FN:127,allowance
FN:138,approve
FN:156,transferFrom
FN:184,increaseAllowance
FN:203,decreaseAllowance
FN:227,_transfer
FN:258,_mint
FN:281,_burn
FN:311,_approve
FN:337,_beforeTokenTransfer
FN:357,_afterTokenTransfer
FNF:19
FNH:0
FNDA:0,__ERC20_init
FNDA:0,__ERC20_init_unchained
FNDA:0,name
FNDA:0,symbol
FNDA:0,decimals
FNDA:0,totalSupply
FNDA:0,balanceOf
FNDA:0,transfer
FNDA:0,allowance
FNDA:0,approve
FNDA:0,transferFrom
FNDA:0,increaseAllowance
FNDA:0,decreaseAllowance
FNDA:0,_transfer
FNDA:0,_mint
FNDA:0,_burn
FNDA:0,_approve
FNDA:0,_beforeTokenTransfer
FNDA:0,_afterTokenTransfer
DA:56,0
DA:57,0
DA:61,0
DA:62,0
DA:69,0
DA:77,0
DA:94,0
DA:101,0
DA:108,0
DA:120,0
DA:121,0
DA:128,0
DA:139,0
DA:140,0
DA:161,0
DA:163,0
DA:164,0
DA:165,0
DA:166,0
DA:169,0
DA:185,0
DA:186,0
DA:204,0
DA:205,0
DA:206,0
DA:207,0
DA:210,0
DA:232,0
DA:233,0
DA:235,0
DA:237,0
DA:238,0
DA:239,0
DA:240,0
DA:242,0
DA:244,0
DA:246,0
DA:259,0
DA:261,0
DA:263,0
DA:264,0
DA:265,0
DA:267,0
DA:282,0
DA:284,0
DA:286,0
DA:287,0
DA:288,0
DA:289,0
DA:291,0
DA:293,0
DA:295,0
DA:316,0
DA:317,0
DA:319,0
DA:320,0
LF:56
LH:0
BRDA:164,1,0,0
BRDA:164,1,1,0
BRDA:205,2,0,0
BRDA:205,2,1,0
BRDA:232,3,0,0
BRDA:232,3,1,0
BRDA:233,4,0,0
BRDA:233,4,1,0
BRDA:238,5,0,0
BRDA:238,5,1,0
BRDA:259,6,0,0
BRDA:259,6,1,0
BRDA:282,7,0,0
BRDA:282,7,1,0
BRDA:287,8,0,0
BRDA:287,8,1,0
BRDA:316,9,0,0
BRDA:316,9,1,0
BRDA:317,10,0,0
BRDA:317,10,1,0
BRF:20
BRH:0
end_of_record
TN:
SF:/home/madhankumar/sub/mojito-blockchain/mojito-contracts/contracts/openzeppelin-upgradeable/token/ERC20/extensions/draft-ERC20PermitUpgradeable.sol
FN:36,__ERC20Permit_init
FN:42,__ERC20Permit_init_unchained
FN:48,permit
FN:72,nonces
FN:80,DOMAIN_SEPARATOR
FN:89,_useNonce
FNF:6
FNH:0
FNDA:0,__ERC20Permit_init
FNDA:0,__ERC20Permit_init_unchained
FNDA:0,permit
FNDA:0,nonces
FNDA:0,DOMAIN_SEPARATOR
FNDA:0,_useNonce
DA:37,0
DA:38,0
DA:39,0
DA:43,0
DA:57,0
DA:59,0
DA:61,0
DA:63,0
DA:64,0
DA:66,0
DA:73,0
DA:81,0
DA:90,0
DA:91,0
DA:92,0
LF:15
LH:0
BRDA:57,1,0,0
BRDA:57,1,1,0
BRDA:64,2,0,0
BRDA:64,2,1,0
BRF:4
BRH:0
end_of_record
TN:
SF:/home/madhankumar/sub/mojito-blockchain/mojito-contracts/contracts/openzeppelin-upgradeable/token/ERC20/extensions/draft-IERC20PermitUpgradeable.sol
FNF:0
FNH:0
LF:0
LH:0
BRF:0
BRH:0
end_of_record
TN:
SF:/home/madhankumar/sub/mojito-blockchain/mojito-contracts/contracts/openzeppelin-upgradeable/token/ERC20/extensions/ERC20BurnableUpgradeable.sol
FN:16,__ERC20Burnable_init
FN:21,__ERC20Burnable_init_unchained
FN:28,burn
FN:43,burnFrom
FNF:4
FNH:0
FNDA:0,__ERC20Burnable_init
FNDA:0,__ERC20Burnable_init_unchained
FNDA:0,burn
FNDA:0,burnFrom
DA:17,0
DA:18,0
DA:29,0
DA:44,0
DA:45,0
DA:46,0
DA:47,0
DA:49,0
LF:8
LH:0
BRDA:45,1,0,0
BRDA:45,1,1,0
BRF:2
BRH:0
end_of_record
TN:
SF:/home/madhankumar/sub/mojito-blockchain/mojito-contracts/contracts/openzeppelin-upgradeable/token/ERC20/extensions/ERC20CappedUpgradeable.sol
FN:19,__ERC20Capped_init
FN:24,__ERC20Capped_init_unchained
FN:32,cap
FN:39,_mint
FNF:4
FNH:0
FNDA:0,__ERC20Capped_init
FNDA:0,__ERC20Capped_init_unchained
FNDA:0,cap
FNDA:0,_mint
DA:20,0
DA:21,0
DA:25,0
DA:26,0
DA:33,0
DA:40,0
DA:41,0
LF:7
LH:0
BRDA:25,1,0,0
BRDA:25,1,1,0
BRDA:40,2,0,0
BRDA:40,2,1,0
BRF:4
BRH:0
end_of_record
TN:
SF:/home/madhankumar/sub/mojito-blockchain/mojito-contracts/contracts/openzeppelin-upgradeable/token/ERC20/extensions/ERC20PausableUpgradeable.sol
FN:18,__ERC20Pausable_init
FN:24,__ERC20Pausable_init_unchained
FN:33,_beforeTokenTransfer
FNF:3
FNH:0
FNDA:0,__ERC20Pausable_init
FNDA:0,__ERC20Pausable_init_unchained
FNDA:0,_beforeTokenTransfer
DA:19,0
DA:20,0
DA:21,0
DA:38,0
DA:40,0
LF:5
LH:0
BRDA:40,1,0,0
BRDA:40,1,1,0
BRF:2
BRH:0
end_of_record
TN:
SF:/home/madhankumar/sub/mojito-blockchain/mojito-contracts/contracts/openzeppelin-upgradeable/token/ERC20/extensions/ERC20SnapshotUpgradeable.sol
FN:44,__ERC20Snapshot_init
FN:49,__ERC20Snapshot_init_unchained
FN:96,_snapshot
FN:107,_getCurrentSnapshotId
FN:114,balanceOfAt
FN:123,totalSupplyAt
FN:131,_beforeTokenTransfer
FN:153,_valueAt
FN:180,_updateAccountSnapshot
FN:184,_updateTotalSupplySnapshot
FN:188,_updateSnapshot
FN:196,_lastSnapshotId
FNF:12
FNH:0
FNDA:0,__ERC20Snapshot_init
FNDA:0,__ERC20Snapshot_init_unchained
FNDA:0,_snapshot
FNDA:0,_getCurrentSnapshotId
FNDA:0,balanceOfAt
FNDA:0,totalSupplyAt
FNDA:0,_beforeTokenTransfer
FNDA:0,_valueAt
FNDA:0,_updateAccountSnapshot
FNDA:0,_updateTotalSupplySnapshot
FNDA:0,_updateSnapshot
FNDA:0,_lastSnapshotId
DA:45,0
DA:46,0
DA:97,0
DA:99,0
DA:100,0
DA:101,0
DA:108,0
DA:115,0
DA:117,0
DA:124,0
DA:126,0
DA:136,0
DA:138,0
DA:140,0
DA:141,0
DA:144,0
DA:145,0
DA:148,0
DA:149,0
DA:154,0
DA:155,0
DA:171,0
DA:173,0
DA:174,0
DA:176,0
DA:181,0
DA:185,0
DA:189,0
DA:190,0
DA:191,0
DA:192,0
DA:197,0
DA:198,0
DA:200,0
LF:34
LH:0
BRDA:138,1,0,0
BRDA:138,1,1,0
BRDA:142,2,0,0
BRDA:142,2,1,0
BRDA:154,3,0,0
BRDA:154,3,1,0
BRDA:155,4,0,0
BRDA:155,4,1,0
BRDA:173,5,0,0
BRDA:173,5,1,0
BRDA:190,6,0,0
BRDA:190,6,1,0
BRDA:197,7,0,0
BRDA:197,7,1,0
BRF:14
BRH:0
end_of_record
TN:
SF:/home/madhankumar/sub/mojito-blockchain/mojito-contracts/contracts/openzeppelin-upgradeable/token/ERC20/extensions/ERC20VotesCompUpgradeable.sol
FN:29,__ERC20VotesComp_init_unchained
FN:34,getCurrentVotes
FN:41,getPriorVotes
FN:48,_maxSupply
FNF:4
FNH:0
FNDA:0,__ERC20VotesComp_init_unchained
FNDA:0,getCurrentVotes
FNDA:0,getPriorVotes
FNDA:0,_maxSupply
DA:35,0
DA:42,0
DA:49,0
LF:3
LH:0
BRF:0
BRH:0
end_of_record
TN:
SF:/home/madhankumar/sub/mojito-blockchain/mojito-contracts/contracts/openzeppelin-upgradeable/token/ERC20/extensions/ERC20VotesUpgradeable.sol
FN:30,__ERC20Votes_init_unchained
FN:57,checkpoints
FN:64,numCheckpoints
FN:71,delegates
FN:78,getVotes
FN:90,getPastVotes
FN:103,getPastTotalSupply
FN:111,_checkpointsLookup
FN:140,delegate
FN:147,delegateBySig
FN:169,_maxSupply
FN:176,_mint
FN:186,_burn
FN:197,_afterTokenTransfer
FN:212,_delegate
FN:222,_moveVotingPower
FN:240,_writeCheckpoint
FN:256,_add
FN:260,_subtract
FNF:19
FNH:0
FNDA:0,__ERC20Votes_init_unchained
FNDA:0,checkpoints
FNDA:0,numCheckpoints
FNDA:0,delegates
FNDA:0,getVotes
FNDA:0,getPastVotes
FNDA:0,getPastTotalSupply
FNDA:0,_checkpointsLookup
FNDA:0,delegate
FNDA:0,delegateBySig
FNDA:0,_maxSupply
FNDA:0,_mint
FNDA:0,_burn
FNDA:0,_afterTokenTransfer
FNDA:0,_delegate
FNDA:0,_moveVotingPower
FNDA:0,_writeCheckpoint
FNDA:0,_add
FNDA:0,_subtract
DA:58,0
DA:65,0
DA:72,0
DA:79,0
DA:80,0
DA:91,0
DA:92,0
DA:104,0
DA:105,0
DA:123,0
DA:124,0
DA:125,0
DA:126,0
DA:127,0
DA:128,0
DA:130,0
DA:134,0
DA:141,0
DA:155,0
DA:156,0
DA:162,0
DA:163,0
DA:170,0
DA:177,0
DA:178,0
DA:180,0
DA:187,0
DA:189,0
DA:202,0
DA:204,0
DA:213,0
DA:214,0
DA:215,0
DA:217,0
DA:219,0
DA:227,0
DA:228,0
DA:229,0
DA:230,0
DA:233,0
DA:234,0
DA:235,0
DA:245,0
DA:246,0
DA:247,0
DA:249,0
DA:250,0
DA:252,0
DA:257,0
DA:261,0
LF:50
LH:0
BRDA:91,1,0,0
BRDA:91,1,1,0
BRDA:104,2,0,0
BRDA:104,2,1,0
BRDA:127,3,0,0
BRDA:127,3,1,0
BRDA:155,4,0,0
BRDA:155,4,1,0
BRDA:162,5,0,0
BRDA:162,5,1,0
BRDA:178,6,0,0
BRDA:178,6,1,0
BRDA:227,7,0,0
BRDA:227,7,1,0
BRDA:228,8,0,0
BRDA:228,8,1,0
BRDA:233,9,0,0
BRDA:233,9,1,0
BRDA:249,10,0,0
BRDA:249,10,1,0
BRF:20
BRH:0
end_of_record
TN:
SF:/home/madhankumar/sub/mojito-blockchain/mojito-contracts/contracts/openzeppelin-upgradeable/token/ERC20/extensions/ERC20WrapperUpgradeable.sol
FN:22,__ERC20Wrapper_init
FN:27,__ERC20Wrapper_init_unchained
FN:34,depositFor
FN:43,withdrawTo
FN:53,_recover
FNF:5
FNH:0
FNDA:0,__ERC20Wrapper_init
FNDA:0,__ERC20Wrapper_init_unchained
FNDA:0,depositFor
FNDA:0,withdrawTo
FNDA:0,_recover
DA:23,0
DA:24,0
DA:28,0
DA:35,0
DA:36,0
DA:37,0
DA:44,0
DA:45,0
DA:46,0
DA:54,0
DA:55,0
DA:56,0
LF:12
LH:0
BRF:0
BRH:0
end_of_record
TN:
SF:/home/madhankumar/sub/mojito-blockchain/mojito-contracts/contracts/openzeppelin-upgradeable/token/ERC20/extensions/IERC20MetadataUpgradeable.sol
FNF:0
FNH:0
LF:0
LH:0
BRF:0
BRH:0
end_of_record
TN:
SF:/home/madhankumar/sub/mojito-blockchain/mojito-contracts/contracts/openzeppelin-upgradeable/token/ERC20/IERC20Upgradeable.sol
FNF:0
FNH:0
LF:0
LH:0
BRF:0
BRH:0
end_of_record
TN:
SF:/home/madhankumar/sub/mojito-blockchain/mojito-contracts/contracts/openzeppelin-upgradeable/token/ERC20/presets/ERC20PresetFixedSupplyUpgradeable.sol
FN:28,initialize
FN:41,__ERC20PresetFixedSupply_init
FN:53,__ERC20PresetFixedSupply_init_unchained
FNF:3
FNH:0
FNDA:0,initialize
FNDA:0,__ERC20PresetFixedSupply_init
FNDA:0,__ERC20PresetFixedSupply_init_unchained
DA:29,0
DA:42,0
DA:43,0
DA:44,0
DA:45,0
DA:54,0
LF:6
LH:0
BRF:0
BRH:0
end_of_record
TN:
SF:/home/madhankumar/sub/mojito-blockchain/mojito-contracts/contracts/openzeppelin-upgradeable/token/ERC20/presets/ERC20PresetMinterPauserUpgradeable.sol
FN:30,initialize
FN:42,__ERC20PresetMinterPauser_init
FN:54,__ERC20PresetMinterPauser_init_unchained
FN:70,mint
FN:84,pause
FN:98,unpause
FN:103,_beforeTokenTransfer
FNF:7
FNH:0
FNDA:0,initialize
FNDA:0,__ERC20PresetMinterPauser_init
FNDA:0,__ERC20PresetMinterPauser_init_unchained
FNDA:0,mint
FNDA:0,pause
FNDA:0,unpause
FNDA:0,_beforeTokenTransfer
DA:31,0
DA:43,0
DA:44,0
DA:45,0
DA:46,0
DA:47,0
DA:48,0
DA:49,0
DA:50,0
DA:51,0
DA:55,0
DA:57,0
DA:58,0
DA:71,0
DA:72,0
DA:85,0
DA:86,0
DA:99,0
DA:100,0
DA:108,0
LF:20
LH:0
BRDA:71,1,0,0
BRDA:71,1,1,0
BRDA:85,2,0,0
BRDA:85,2,1,0
BRDA:99,3,0,0
BRDA:99,3,1,0
BRF:6
BRH:0
end_of_record
TN:
SF:/home/madhankumar/sub/mojito-blockchain/mojito-contracts/contracts/openzeppelin-upgradeable/token/ERC20/utils/SafeERC20Upgradeable.sol
FN:21,safeTransfer
FN:29,safeTransferFrom
FN:45,safeApprove
FN:60,safeIncreaseAllowance
FN:69,safeDecreaseAllowance
FN:88,_callOptionalReturn
FNF:6
FNH:0
FNDA:0,safeTransfer
FNDA:0,safeTransferFrom
FNDA:0,safeApprove
FNDA:0,safeIncreaseAllowance
FNDA:0,safeDecreaseAllowance
FNDA:0,_callOptionalReturn
DA:26,0
DA:35,0
DA:53,0
DA:57,0
DA:65,0
DA:66,0
DA:74,0
DA:75,0
DA:76,0
DA:77,0
DA:78,0
DA:93,0
DA:94,0
DA:96,0
LF:14
LH:0
BRDA:53,1,0,0
BRDA:53,1,1,0
BRDA:76,2,0,0
BRDA:76,2,1,0
BRDA:94,3,0,0
BRDA:94,3,1,0
BRDA:96,4,0,0
BRDA:96,4,1,0
BRF:8
BRH:0
end_of_record
TN:
SF:/home/madhankumar/sub/mojito-blockchain/mojito-contracts/contracts/openzeppelin-upgradeable/token/ERC20/utils/TokenTimelockUpgradeable.sol
FN:32,__TokenTimelock_init
FN:40,__TokenTimelock_init_unchained
FN:50,token
FN:57,beneficiary
FN:64,releaseTime
FN:71,release
FNF:6
FNH:0
FNDA:0,__TokenTimelock_init
FNDA:0,__TokenTimelock_init_unchained
FNDA:0,token
FNDA:0,beneficiary
FNDA:0,releaseTime
FNDA:0,release
DA:33,0
DA:41,0
DA:42,0
DA:43,0
DA:44,0
DA:51,0
DA:58,0
DA:65,0
DA:72,0
DA:74,0
DA:75,0
DA:77,0
LF:12
LH:0
BRDA:41,1,0,0
BRDA:41,1,1,0
BRDA:72,2,0,0
BRDA:72,2,1,0
BRDA:75,3,0,0
BRDA:75,3,1,0
BRF:6
BRH:0
end_of_record
TN:
SF:/home/madhankumar/sub/mojito-blockchain/mojito-contracts/contracts/openzeppelin-upgradeable/token/ERC721/ERC721Upgradeable.sol
FN:45,__ERC721_init
FN:51,__ERC721_init_unchained
FN:59,supportsInterface
FN:69,balanceOf
FN:77,ownerOf
FN:86,name
FN:93,symbol
FN:100,tokenURI
FN:112,_baseURI
FN:119,approve
FN:134,getApproved
FN:143,setApprovalForAll
FN:150,isApprovedForAll
FN:157,transferFrom
FN:171,safeTransferFrom
FN:182,safeTransferFrom
FN:210,_safeTransfer
FN:228,_exists
FN:239,_isApprovedOrOwner
FN:255,_safeMint
FN:263,_safeMint
FN:287,_mint
FN:309,_burn
FN:334,_transfer
FN:359,_approve
FN:369,_setApprovalForAll
FN:389,_checkOnERC721Received
FN:426,_beforeTokenTransfer
FNF:28
FNH:0
FNDA:0,__ERC721_init
FNDA:0,__ERC721_init_unchained
FNDA:0,supportsInterface
FNDA:0,balanceOf
FNDA:0,ownerOf
FNDA:0,name
FNDA:0,symbol
FNDA:0,tokenURI
FNDA:0,_baseURI
FNDA:0,approve
FNDA:0,getApproved
FNDA:0,setApprovalForAll
FNDA:0,isApprovedForAll
FNDA:0,transferFrom
FNDA:0,safeTransferFrom
FNDA:0,safeTransferFrom
FNDA:0,_safeTransfer
FNDA:0,_exists
FNDA:0,_isApprovedOrOwner
FNDA:0,_safeMint
FNDA:0,_safeMint
FNDA:0,_mint
FNDA:0,_burn
FNDA:0,_transfer
FNDA:0,_approve
FNDA:0,_setApprovalForAll
FNDA:0,_checkOnERC721Received
FNDA:0,_beforeTokenTransfer
DA:46,0
DA:47,0
DA:48,0
DA:52,0
DA:53,0
DA:60,0
DA:70,0
DA:71,0
DA:78,0
DA:79,0
DA:80,0
DA:87,0
DA:94,0
DA:101,0
DA:103,0
DA:104,0
DA:113,0
DA:120,0
DA:121,0
DA:123,0
DA:128,0
DA:135,0
DA:137,0
DA:144,0
DA:151,0
DA:163,0
DA:165,0
DA:176,0
DA:188,0
DA:189,0
DA:216,0
DA:217,0
DA:229,0
DA:240,0
DA:241,0
DA:242,0
DA:256,0
DA:268,0
DA:269,0
DA:288,0
DA:289,0
DA:291,0
DA:293,0
DA:294,0
DA:296,0
DA:310,0
DA:312,0
DA:315,0
DA:317,0
DA:318,0
DA:320,0
DA:339,0
DA:340,0
DA:342,0
DA:345,0
DA:347,0
DA:348,0
DA:349,0
DA:351,0
DA:360,0
DA:361,0
DA:374,0
DA:375,0
DA:376,0
DA:395,0
DA:396,0
DA:397,0
DA:399,0
DA:400,0
DA:402,0
DA:408,0
LF:71
LH:0
BRDA:70,1,0,0
BRDA:70,1,1,0
BRDA:79,2,0,0
BRDA:79,2,1,0
BRDA:101,3,0,0
BRDA:101,3,1,0
BRDA:121,4,0,0
BRDA:121,4,1,0
BRDA:123,5,0,0
BRDA:123,5,1,0
BRDA:135,6,0,0
BRDA:135,6,1,0
BRDA:163,7,0,0
BRDA:163,7,1,0
BRDA:188,8,0,0
BRDA:188,8,1,0
BRDA:217,9,0,0
BRDA:217,9,1,0
BRDA:240,10,0,0
BRDA:240,10,1,0
BRDA:269,11,0,0
BRDA:269,11,1,0
BRDA:288,12,0,0
BRDA:288,12,1,0
BRDA:289,13,0,0
BRDA:289,13,1,0
BRDA:339,14,0,0
BRDA:339,14,1,0
BRDA:340,15,0,0
BRDA:340,15,1,0
BRDA:374,16,0,0
BRDA:374,16,1,0
BRDA:395,17,0,0
BRDA:395,17,1,0
BRDA:399,18,0,0
BRDA:399,18,1,0
BRF:36
BRH:0
end_of_record
TN:
SF:/home/madhankumar/sub/mojito-blockchain/mojito-contracts/contracts/openzeppelin-upgradeable/token/ERC721/extensions/ERC721BurnableUpgradeable.sol
FN:15,__ERC721Burnable_init
FN:21,__ERC721Burnable_init_unchained
FN:30,burn
FNF:3
FNH:0
FNDA:0,__ERC721Burnable_init
FNDA:0,__ERC721Burnable_init_unchained
FNDA:0,burn
DA:16,0
DA:17,0
DA:18,0
DA:32,0
DA:33,0
LF:5
LH:0
BRDA:32,1,0,0
BRDA:32,1,1,0
BRF:2
BRH:0
end_of_record
TN:
SF:/home/madhankumar/sub/mojito-blockchain/mojito-contracts/contracts/openzeppelin-upgradeable/token/ERC721/extensions/ERC721EnumerableUpgradeable.sol
FN:16,__ERC721Enumerable_init
FN:22,__ERC721Enumerable_init_unchained
FN:39,supportsInterface
FN:46,tokenOfOwnerByIndex
FN:54,totalSupply
FN:61,tokenByIndex
FN:81,_beforeTokenTransfer
FN:105,_addTokenToOwnerEnumeration
FN:115,_addTokenToAllTokensEnumeration
FN:128,_removeTokenFromOwnerEnumeration
FN:153,_removeTokenFromAllTokensEnumeration
FNF:11
FNH:0
FNDA:0,__ERC721Enumerable_init
FNDA:0,__ERC721Enumerable_init_unchained
FNDA:0,supportsInterface
FNDA:0,tokenOfOwnerByIndex
FNDA:0,totalSupply
FNDA:0,tokenByIndex
FNDA:0,_beforeTokenTransfer
FNDA:0,_addTokenToOwnerEnumeration
FNDA:0,_addTokenToAllTokensEnumeration
FNDA:0,_removeTokenFromOwnerEnumeration
FNDA:0,_removeTokenFromAllTokensEnumeration
DA:17,0
DA:18,0
DA:19,0
DA:40,0
DA:47,0
DA:48,0
DA:55,0
DA:62,0
DA:63,0
DA:86,0
DA:88,0
DA:89,0
DA:91,0
DA:93,0
DA:94,0
DA:96,0
DA:106,0
DA:107,0
DA:108,0
DA:116,0
DA:117,0
DA:132,0
DA:133,0
DA:136,0
DA:137,0
DA:139,0
DA:140,0
DA:144,0
DA:145,0
DA:157,0
DA:158,0
DA:163,0
DA:165,0
DA:166,0
DA:169,0
DA:170,0
LF:36
LH:0
BRDA:47,1,0,0
BRDA:47,1,1,0
BRDA:62,2,0,0
BRDA:62,2,1,0
BRDA:88,3,0,0
BRDA:88,3,1,0
BRDA:90,4,0,0
BRDA:90,4,1,0
BRDA:93,5,0,0
BRDA:93,5,1,0
BRDA:95,6,0,0
BRDA:95,6,1,0
BRDA:136,7,0,0
BRDA:136,7,1,0
BRF:14
BRH:0
end_of_record
TN:
SF:/home/madhankumar/sub/mojito-blockchain/mojito-contracts/contracts/openzeppelin-upgradeable/token/ERC721/extensions/ERC721PausableUpgradeable.sol
FN:18,__ERC721Pausable_init
FN:25,__ERC721Pausable_init_unchained
FN:34,_beforeTokenTransfer
FNF:3
FNH:0
FNDA:0,__ERC721Pausable_init
FNDA:0,__ERC721Pausable_init_unchained
FNDA:0,_beforeTokenTransfer
DA:19,0
DA:20,0
DA:21,0
DA:22,0
DA:39,0
DA:41,0
LF:6
LH:0
BRDA:41,1,0,0
BRDA:41,1,1,0
BRF:2
BRH:0
end_of_record
TN:
SF:/home/madhankumar/sub/mojito-blockchain/mojito-contracts/contracts/openzeppelin-upgradeable/token/ERC721/extensions/ERC721URIStorageUpgradeable.sol
FN:13,__ERC721URIStorage_init
FN:19,__ERC721URIStorage_init_unchained
FN:29,tokenURI
FN:54,_setTokenURI
FN:69,_burn
FNF:5
FNH:0
FNDA:0,__ERC721URIStorage_init
FNDA:0,__ERC721URIStorage_init_unchained
FNDA:0,tokenURI
FNDA:0,_setTokenURI
FNDA:0,_burn
DA:14,0
DA:15,0
DA:16,0
DA:30,0
DA:32,0
DA:33,0
DA:36,0
DA:37,0
DA:40,0
DA:41,0
DA:44,0
DA:55,0
DA:56,0
DA:70,0
DA:72,0
DA:73,0
LF:16
LH:0
BRDA:30,1,0,0
BRDA:30,1,1,0
BRDA:36,2,0,0
BRDA:36,2,1,0
BRDA:40,3,0,0
BRDA:40,3,1,0
BRDA:55,4,0,0
BRDA:55,4,1,0
BRDA:72,5,0,0
BRDA:72,5,1,0
BRF:10
BRH:0
end_of_record
TN:
SF:/home/madhankumar/sub/mojito-blockchain/mojito-contracts/contracts/openzeppelin-upgradeable/token/ERC721/extensions/IERC721EnumerableUpgradeable.sol
FNF:0
FNH:0
LF:0
LH:0
BRF:0
BRH:0
end_of_record
TN:
SF:/home/madhankumar/sub/mojito-blockchain/mojito-contracts/contracts/openzeppelin-upgradeable/token/ERC721/extensions/IERC721MetadataUpgradeable.sol
FNF:0
FNH:0
LF:0
LH:0
BRF:0
BRH:0
end_of_record
TN:
SF:/home/madhankumar/sub/mojito-blockchain/mojito-contracts/contracts/openzeppelin-upgradeable/token/ERC721/IERC721ReceiverUpgradeable.sol
FNF:0
FNH:0
LF:0
LH:0
BRF:0
BRH:0
end_of_record
TN:
SF:/home/madhankumar/sub/mojito-blockchain/mojito-contracts/contracts/openzeppelin-upgradeable/token/ERC721/IERC721Upgradeable.sol
FNF:0
FNH:0
LF:0
LH:0
BRF:0
BRH:0
end_of_record
TN:
SF:/home/madhankumar/sub/mojito-blockchain/mojito-contracts/contracts/openzeppelin-upgradeable/token/ERC721/presets/ERC721PresetMinterPauserAutoIdUpgradeable.sol
FN:43,initialize
FN:66,__ERC721PresetMinterPauserAutoId_init
FN:83,__ERC721PresetMinterPauserAutoId_init_unchained
FN:92,_baseURI
FN:107,mint
FN:125,pause
FN:139,unpause
FN:144,_beforeTokenTransfer
FN:155,supportsInterface
FNF:9
FNH:0
FNDA:0,initialize
FNDA:0,__ERC721PresetMinterPauserAutoId_init
FNDA:0,__ERC721PresetMinterPauserAutoId_init_unchained
FNDA:0,_baseURI
FNDA:0,mint
FNDA:0,pause
FNDA:0,unpause
FNDA:0,_beforeTokenTransfer
FNDA:0,supportsInterface
DA:44,0
DA:67,0
DA:68,0
DA:69,0
DA:70,0
DA:71,0
DA:72,0
DA:73,0
DA:74,0
DA:75,0
DA:76,0
DA:84,0
DA:86,0
DA:88,0
DA:89,0
DA:93,0
DA:108,0
DA:112,0
DA:113,0
DA:126,0
DA:127,0
DA:140,0
DA:141,0
DA:149,0
DA:162,0
LF:25
LH:0
BRDA:108,1,0,0
BRDA:108,1,1,0
BRDA:126,2,0,0
BRDA:126,2,1,0
BRDA:140,3,0,0
BRDA:140,3,1,0
BRF:6
BRH:0
end_of_record
TN:
SF:/home/madhankumar/sub/mojito-blockchain/mojito-contracts/contracts/openzeppelin-upgradeable/token/ERC721/utils/ERC721HolderUpgradeable.sol
FN:16,__ERC721Holder_init
FN:20,__ERC721Holder_init_unchained
FN:27,onERC721Received
FNF:3
FNH:0
FNDA:0,__ERC721Holder_init
FNDA:0,__ERC721Holder_init_unchained
FNDA:0,onERC721Received
DA:17,0
DA:33,0
LF:2
LH:0
BRF:0
BRH:0
end_of_record
TN:
SF:/home/madhankumar/sub/mojito-blockchain/mojito-contracts/contracts/openzeppelin-upgradeable/token/ERC777/ERC777Upgradeable.sol
FN:65,__ERC777_init
FN:74,__ERC777_init_unchained
FN:91,name
FN:98,symbol
FN:108,decimals
FN:117,granularity
FN:124,totalSupply
FN:131,balanceOf
FN:140,send
FN:156,transfer
FN:175,burn
FN:182,isOperatorFor
FN:192,authorizeOperator
FN:207,revokeOperator
FN:222,defaultOperators
FN:231,operatorSend
FN:247,operatorBurn
FN:264,allowance
FN:273,approve
FN:288,transferFrom
FN:328,_mint
FN:355,_mint
FN:387,_send
FN:414,_burn
FN:440,_move
FN:466,_approve
FN:487,_callTokensToSend
FN:512,_callTokensReceived
FN:543,_beforeTokenTransfer
FNF:29
FNH:0
FNDA:0,__ERC777_init
FNDA:0,__ERC777_init_unchained
FNDA:0,name
FNDA:0,symbol
FNDA:0,decimals
FNDA:0,granularity
FNDA:0,totalSupply
FNDA:0,balanceOf
FNDA:0,send
FNDA:0,transfer
FNDA:0,burn
FNDA:0,isOperatorFor
FNDA:0,authorizeOperator
FNDA:0,revokeOperator
FNDA:0,defaultOperators
FNDA:0,operatorSend
FNDA:0,operatorBurn
FNDA:0,allowance
FNDA:0,approve
FNDA:0,transferFrom
FNDA:0,_mint
FNDA:0,_mint
FNDA:0,_send
FNDA:0,_burn
FNDA:0,_move
FNDA:0,_approve
FNDA:0,_callTokensToSend
FNDA:0,_callTokensReceived
FNDA:0,_beforeTokenTransfer
DA:66,0
DA:67,0
DA:75,0
DA:76,0
DA:78,0
DA:79,0
DA:80,0
DA:84,0
DA:85,0
DA:92,0
DA:99,0
DA:109,0
DA:118,0
DA:125,0
DA:132,0
DA:145,0
DA:157,0
DA:159,0
DA:161,0
DA:163,0
DA:165,0
DA:167,0
DA:176,0
DA:183,0
DA:193,0
DA:195,0
DA:196,0
DA:198,0
DA:201,0
DA:208,0
DA:210,0
DA:211,0
DA:213,0
DA:216,0
DA:223,0
DA:238,0
DA:239,0
DA:253,0
DA:254,0
DA:265,0
DA:274,0
DA:275,0
DA:276,0
DA:293,0
DA:294,0
DA:296,0
DA:298,0
DA:300,0
DA:302,0
DA:303,0
DA:304,0
DA:306,0
DA:308,0
DA:334,0
DA:362,0
DA:364,0
DA:366,0
DA:369,0
DA:370,0
DA:372,0
DA:374,0
DA:375,0
DA:395,0
DA:396,0
DA:398,0
DA:400,0
DA:402,0
DA:404,0
DA:420,0
DA:422,0
DA:424,0
DA:426,0
DA:429,0
DA:430,0
DA:431,0
DA:432,0
DA:434,0
DA:436,0
DA:437,0
DA:448,0
DA:450,0
DA:451,0
DA:452,0
DA:453,0
DA:455,0
DA:457,0
DA:458,0
DA:471,0
DA:472,0
DA:474,0
DA:475,0
DA:495,0
DA:496,0
DA:497,0
DA:521,0
DA:522,0
DA:523,0
DA:525,0
LF:98
LH:0
BRDA:157,1,0,0
BRDA:157,1,1,0
BRDA:193,2,0,0
BRDA:193,2,1,0
BRDA:195,3,0,0
BRDA:195,3,1,0
BRDA:208,4,0,0
BRDA:208,4,1,0
BRDA:210,5,0,0
BRDA:210,5,1,0
BRDA:238,6,0,0
BRDA:238,6,1,0
BRDA:253,7,0,0
BRDA:253,7,1,0
BRDA:293,8,0,0
BRDA:293,8,1,0
BRDA:294,9,0,0
BRDA:294,9,1,0
BRDA:303,10,0,0
BRDA:303,10,1,0
BRDA:362,11,0,0
BRDA:362,11,1,0
BRDA:395,12,0,0
BRDA:395,12,1,0
BRDA:396,13,0,0
BRDA:396,13,1,0
BRDA:420,14,0,0
BRDA:420,14,1,0
BRDA:430,15,0,0
BRDA:430,15,1,0
BRDA:451,16,0,0
BRDA:451,16,1,0
BRDA:471,17,0,0
BRDA:471,17,1,0
BRDA:472,18,0,0
BRDA:472,18,1,0
BRDA:496,19,0,0
BRDA:496,19,1,0
BRDA:522,20,0,0
BRDA:522,20,1,0
BRDA:524,21,0,0
BRDA:524,21,1,0
BRDA:525,22,0,0
BRDA:525,22,1,0
BRF:44
BRH:0
end_of_record
TN:
SF:/home/madhankumar/sub/mojito-blockchain/mojito-contracts/contracts/openzeppelin-upgradeable/token/ERC777/IERC777RecipientUpgradeable.sol
FNF:0
FNH:0
LF:0
LH:0
BRF:0
BRH:0
end_of_record
TN:
SF:/home/madhankumar/sub/mojito-blockchain/mojito-contracts/contracts/openzeppelin-upgradeable/token/ERC777/IERC777SenderUpgradeable.sol
FNF:0
FNH:0
LF:0
LH:0
BRF:0
BRH:0
end_of_record
TN:
SF:/home/madhankumar/sub/mojito-blockchain/mojito-contracts/contracts/openzeppelin-upgradeable/token/ERC777/IERC777Upgradeable.sol
FNF:0
FNH:0
LF:0
LH:0
BRF:0
BRH:0
end_of_record
TN:
SF:/home/madhankumar/sub/mojito-blockchain/mojito-contracts/contracts/openzeppelin-upgradeable/token/ERC777/presets/ERC777PresetFixedSupplyUpgradeable.sol
FN:23,initialize
FN:37,__ERC777PresetFixedSupply_init
FN:49,__ERC777PresetFixedSupply_init_unchained
FNF:3
FNH:0
FNDA:0,initialize
FNDA:0,__ERC777PresetFixedSupply_init
FNDA:0,__ERC777PresetFixedSupply_init_unchained
DA:24,0
DA:38,0
DA:39,0
DA:40,0
DA:50,0
LF:5
LH:0
BRF:0
BRH:0
end_of_record
TN:
SF:/home/madhankumar/sub/mojito-blockchain/mojito-contracts/contracts/openzeppelin-upgradeable/utils/AddressUpgradeable.sol
FN:27,isContract
FN:55,sendValue
FN:80,functionCall
FN:90,functionCall
FN:109,functionCallWithValue
FN:123,functionCallWithValue
FN:142,functionStaticCall
FN:152,functionStaticCall
FN:169,verifyCallResult
FNF:9
FNH:0
FNDA:0,isContract
FNDA:0,sendValue
FNDA:0,functionCall
FNDA:0,functionCall
FNDA:0,functionCallWithValue
FNDA:0,functionCallWithValue
FNDA:0,functionStaticCall
FNDA:0,functionStaticCall
FNDA:0,verifyCallResult
DA:32,0
DA:33,0
DA:36,0
DA:56,0
DA:58,0
DA:59,0
DA:81,0
DA:95,0
DA:114,0
DA:129,0
DA:130,0
DA:132,0
DA:133,0
DA:143,0
DA:157,0
DA:159,0
DA:160,0
DA:174,0
DA:175,0
DA:178,0
DA:181,0
DA:186,0
LF:22
LH:0
BRDA:56,1,0,0
BRDA:56,1,1,0
BRDA:59,2,0,0
BRDA:59,2,1,0
BRDA:129,3,0,0
BRDA:129,3,1,0
BRDA:130,4,0,0
BRDA:130,4,1,0
BRDA:157,5,0,0
BRDA:157,5,1,0
BRDA:174,6,0,0
BRDA:174,6,1,0
BRDA:178,7,0,0
BRDA:178,7,1,0
BRF:14
BRH:0
end_of_record
TN:
SF:/home/madhankumar/sub/mojito-blockchain/mojito-contracts/contracts/openzeppelin-upgradeable/utils/ArraysUpgradeable.sol
FN:21,findUpperBound
FNF:1
FNH:0
FNDA:0,findUpperBound
DA:22,0
DA:23,0
DA:26,0
DA:27,0
DA:29,0
DA:30,0
DA:34,0
DA:35,0
DA:37,0
DA:42,0
DA:43,0
DA:45,0
LF:12
LH:0
BRDA:22,1,0,0
BRDA:22,1,1,0
BRDA:34,2,0,0
BRDA:34,2,1,0
BRDA:42,3,0,0
BRDA:42,3,1,0
BRF:6
BRH:0
end_of_record
TN:
SF:/home/madhankumar/sub/mojito-blockchain/mojito-contracts/contracts/openzeppelin-upgradeable/utils/ContextUpgradeable.sol
FN:18,__Context_init
FN:22,__Context_init_unchained
FN:24,_msgSender
FN:28,_msgData
FNF:4
FNH:0
FNDA:0,__Context_init
FNDA:0,__Context_init_unchained
FNDA:0,_msgSender
FNDA:0,_msgData
DA:19,0
DA:25,0
DA:29,0
LF:3
LH:0
BRF:0
BRH:0
end_of_record
TN:
SF:/home/madhankumar/sub/mojito-blockchain/mojito-contracts/contracts/openzeppelin-upgradeable/utils/CountersUpgradeable.sol
FN:22,current
FN:26,increment
FN:32,decrement
FN:40,reset
FNF:4
FNH:0
FNDA:0,current
FNDA:0,increment
FNDA:0,decrement
FNDA:0,reset
DA:23,0
DA:27,0
DA:28,0
DA:33,0
DA:34,0
DA:35,0
DA:36,0
DA:41,0
LF:8
LH:0
BRDA:34,1,0,0
BRDA:34,1,1,0
BRF:2
BRH:0
end_of_record
TN:
SF:/home/madhankumar/sub/mojito-blockchain/mojito-contracts/contracts/openzeppelin-upgradeable/utils/Create2Upgradeable.sol
FN:30,deploy
FN:49,computeAddress
FN:57,computeAddress
FNF:3
FNH:0
FNDA:0,deploy
FNDA:0,computeAddress
FNDA:0,computeAddress
DA:35,0
DA:36,0
DA:37,0
DA:38,0
DA:41,0
DA:42,0
DA:50,0
DA:62,0
DA:63,0
LF:9
LH:0
BRDA:36,1,0,0
BRDA:36,1,1,0
BRDA:37,2,0,0
BRDA:37,2,1,0
BRDA:41,3,0,0
BRDA:41,3,1,0
BRF:6
BRH:0
end_of_record
TN:
SF:/home/madhankumar/sub/mojito-blockchain/mojito-contracts/contracts/openzeppelin-upgradeable/utils/cryptography/draft-EIP712Upgradeable.sol
FN:48,__EIP712_init
FN:52,__EIP712_init_unchained
FN:62,_domainSeparatorV4
FN:66,_buildDomainSeparator
FN:89,_hashTypedDataV4
FN:99,_EIP712NameHash
FN:109,_EIP712VersionHash
FNF:7
FNH:0
FNDA:0,__EIP712_init
FNDA:0,__EIP712_init_unchained
FNDA:0,_domainSeparatorV4
FNDA:0,_buildDomainSeparator
FNDA:0,_hashTypedDataV4
FNDA:0,_EIP712NameHash
FNDA:0,_EIP712VersionHash
DA:49,0
DA:53,0
DA:54,0
DA:55,0
DA:56,0
DA:63,0
DA:71,0
DA:90,0
DA:100,0
DA:110,0
LF:10
LH:0
BRF:0
BRH:0
end_of_record
TN:
SF:/home/madhankumar/sub/mojito-blockchain/mojito-contracts/contracts/openzeppelin-upgradeable/utils/cryptography/ECDSAUpgradeable.sol
FN:23,_throwError
FN:57,tryRecover
FN:102,recover
FN:115,tryRecover
FN:134,recover
FN:150,tryRecover
FN:185,recover
FN:204,toEthSignedMessageHash
FN:218,toEthSignedMessageHash
FN:231,toTypedDataHash
FNF:10
FNH:0
FNDA:0,_throwError
FNDA:0,tryRecover
FNDA:0,recover
FNDA:0,tryRecover
FNDA:0,recover
FNDA:0,tryRecover
FNDA:0,recover
FNDA:0,toEthSignedMessageHash
FNDA:0,toEthSignedMessageHash
FNDA:0,toTypedDataHash
DA:24,0
DA:25,0
DA:27,0
DA:29,0
DA:31,0
DA:33,0
DA:61,0
DA:62,0
DA:63,0
DA:64,0
DA:67,0
DA:72,0
DA:74,0
DA:75,0
DA:78,0
DA:82,0
DA:84,0
DA:103,0
DA:104,0
DA:105,0
DA:120,0
DA:121,0
DA:122,0
DA:126,0
DA:139,0
DA:140,0
DA:141,0
DA:165,0
DA:166,0
DA:168,0
DA:169,0
DA:173,0
DA:174,0
DA:175,0
DA:178,0
DA:191,0
DA:192,0
DA:193,0
DA:207,0
DA:219,0
DA:232,0
LF:41
LH:0
BRDA:24,1,0,0
BRDA:24,1,1,0
BRDA:26,2,0,0
BRDA:26,2,1,0
BRDA:28,3,0,0
BRDA:28,3,1,0
BRDA:30,4,0,0
BRDA:30,4,1,0
BRDA:32,5,0,0
BRDA:32,5,1,0
BRDA:61,6,0,0
BRDA:61,6,1,0
BRDA:73,7,0,0
BRDA:73,7,1,0
BRDA:165,8,0,0
BRDA:165,8,1,0
BRDA:168,9,0,0
BRDA:168,9,1,0
BRDA:174,10,0,0
BRDA:174,10,1,0
BRF:20
BRH:0
end_of_record
TN:
SF:/home/madhankumar/sub/mojito-blockchain/mojito-contracts/contracts/openzeppelin-upgradeable/utils/cryptography/MerkleProofUpgradeable.sol
FN:22,verify
FN:38,processProof
FNF:2
FNH:0
FNDA:0,verify
FNDA:0,processProof
DA:27,0
DA:39,0
DA:40,0
DA:41,0
DA:42,0
DA:44,0
DA:47,0
DA:50,0
LF:8
LH:0
BRDA:42,1,0,0
BRDA:42,1,1,0
BRF:2
BRH:0
end_of_record
TN:
SF:/home/madhankumar/sub/mojito-blockchain/mojito-contracts/contracts/openzeppelin-upgradeable/utils/cryptography/SignatureCheckerUpgradeable.sol
FN:21,isValidSignatureNow
FNF:1
FNH:0
FNDA:0,isValidSignatureNow
DA:26,0
DA:27,0
DA:28,0
DA:31,0
DA:34,0
LF:5
LH:0
BRDA:27,1,0,0
BRDA:27,1,1,0
BRF:2
BRH:0
end_of_record
TN:
SF:/home/madhankumar/sub/mojito-blockchain/mojito-contracts/contracts/openzeppelin-upgradeable/utils/escrow/ConditionalEscrowUpgradeable.sol
FN:15,__ConditionalEscrow_init
FN:22,__ConditionalEscrow_init_unchained
FN:31,withdraw
FNF:3
FNH:0
FNDA:0,__ConditionalEscrow_init
FNDA:0,__ConditionalEscrow_init_unchained
FNDA:0,withdraw
DA:16,0
DA:17,0
DA:18,0
DA:19,0
DA:32,0
DA:33,0
LF:6
LH:0
BRDA:32,1,0,0
BRDA:32,1,1,0
BRF:2
BRH:0
end_of_record
TN:
SF:/home/madhankumar/sub/mojito-blockchain/mojito-contracts/contracts/openzeppelin-upgradeable/utils/escrow/EscrowUpgradeable.sol
FN:24,initialize
FN:27,__Escrow_init
FN:33,__Escrow_init_unchained
FN:42,depositsOf
FN:50,deposit
FN:66,withdraw
FNF:6
FNH:0
FNDA:0,initialize
FNDA:0,__Escrow_init
FNDA:0,__Escrow_init_unchained
FNDA:0,depositsOf
FNDA:0,deposit
FNDA:0,withdraw
DA:25,0
DA:28,0
DA:29,0
DA:30,0
DA:43,0
DA:51,0
DA:52,0
DA:53,0
DA:67,0
DA:69,0
DA:71,0
DA:73,0
LF:12
LH:0
BRF:0
BRH:0
end_of_record
TN:
SF:/home/madhankumar/sub/mojito-blockchain/mojito-contracts/contracts/openzeppelin-upgradeable/utils/escrow/RefundEscrowUpgradeable.sol
FN:38,__RefundEscrow_init
FN:46,__RefundEscrow_init_unchained
FN:55,state
FN:62,beneficiary
FN:70,deposit
FN:79,close
FN:88,enableRefunds
FN:97,beneficiaryWithdraw
FN:106,withdrawalAllowed
FNF:9
FNH:0
FNDA:0,__RefundEscrow_init
FNDA:0,__RefundEscrow_init_unchained
FNDA:0,state
FNDA:0,beneficiary
FNDA:0,deposit
FNDA:0,close
FNDA:0,enableRefunds
FNDA:0,beneficiaryWithdraw
FNDA:0,withdrawalAllowed
DA:39,0
DA:40,0
DA:41,0
DA:42,0
DA:43,0
DA:47,0
DA:48,0
DA:49,0
DA:56,0
DA:63,0
DA:71,0
DA:72,0
DA:80,0
DA:81,0
DA:82,0
DA:89,0
DA:90,0
DA:91,0
DA:98,0
DA:99,0
DA:107,0
LF:21
LH:0
BRDA:47,1,0,0
BRDA:47,1,1,0
BRDA:71,2,0,0
BRDA:71,2,1,0
BRDA:80,3,0,0
BRDA:80,3,1,0
BRDA:89,4,0,0
BRDA:89,4,1,0
BRDA:98,5,0,0
BRDA:98,5,1,0
BRF:10
BRH:0
end_of_record
TN:
SF:/home/madhankumar/sub/mojito-blockchain/mojito-contracts/contracts/openzeppelin-upgradeable/utils/introspection/ERC165CheckerUpgradeable.sol
FN:22,supportsERC165
FN:36,supportsInterface
FN:51,getSupportedInterfaces
FN:79,supportsAllInterfaces
FN:107,_supportsERC165Interface
FNF:5
FNH:0
FNDA:0,supportsERC165
FNDA:0,supportsInterface
FNDA:0,getSupportedInterfaces
FNDA:0,supportsAllInterfaces
FNDA:0,_supportsERC165Interface
DA:25,0
DA:38,0
DA:57,0
DA:60,0
DA:62,0
DA:63,0
DA:67,0
DA:81,0
DA:82,0
DA:86,0
DA:87,0
DA:88,0
DA:93,0
DA:108,0
DA:109,0
DA:110,0
DA:111,0
LF:17
LH:0
BRDA:60,1,0,0
BRDA:60,1,1,0
BRDA:81,2,0,0
BRDA:81,2,1,0
BRDA:87,3,0,0
BRDA:87,3,1,0
BRDA:110,4,0,0
BRDA:110,4,1,0
BRF:8
BRH:0
end_of_record
TN:
SF:/home/madhankumar/sub/mojito-blockchain/mojito-contracts/contracts/openzeppelin-upgradeable/utils/introspection/ERC165StorageUpgradeable.sol
FN:16,__ERC165Storage_init
FN:21,__ERC165Storage_init_unchained
FN:31,supportsInterface
FN:46,_registerInterface
FNF:4
FNH:0
FNDA:0,__ERC165Storage_init
FNDA:0,__ERC165Storage_init_unchained
FNDA:0,supportsInterface
FNDA:0,_registerInterface
DA:17,0
DA:18,0
DA:32,0
DA:47,0
DA:48,0
LF:5
LH:0
BRDA:47,1,0,0
BRDA:47,1,1,0
BRF:2
BRH:0
end_of_record
TN:
SF:/home/madhankumar/sub/mojito-blockchain/mojito-contracts/contracts/openzeppelin-upgradeable/utils/introspection/ERC165Upgradeable.sol
FN:24,__ERC165_init
FN:28,__ERC165_init_unchained
FN:33,supportsInterface
FNF:3
FNH:0
FNDA:0,__ERC165_init
FNDA:0,__ERC165_init_unchained
FNDA:0,supportsInterface
DA:25,0
DA:34,0
LF:2
LH:0
BRF:0
BRH:0
end_of_record
TN:
SF:/home/madhankumar/sub/mojito-blockchain/mojito-contracts/contracts/openzeppelin-upgradeable/utils/introspection/ERC1820ImplementerUpgradeable.sol
FN:18,__ERC1820Implementer_init
FN:22,__ERC1820Implementer_init_unchained
FN:31,canImplementInterfaceForAddress
FN:48,_registerInterfaceForAddress
FNF:4
FNH:0
FNDA:0,__ERC1820Implementer_init
FNDA:0,__ERC1820Implementer_init_unchained
FNDA:0,canImplementInterfaceForAddress
FNDA:0,_registerInterfaceForAddress
DA:19,0
DA:38,0
DA:49,0
LF:3
LH:0
BRF:0
BRH:0
end_of_record
TN:
SF:/home/madhankumar/sub/mojito-blockchain/mojito-contracts/contracts/openzeppelin-upgradeable/utils/introspection/IERC165Upgradeable.sol
FNF:0
FNH:0
LF:0
LH:0
BRF:0
BRH:0
end_of_record
TN:
SF:/home/madhankumar/sub/mojito-blockchain/mojito-contracts/contracts/openzeppelin-upgradeable/utils/introspection/IERC1820ImplementerUpgradeable.sol
FNF:0
FNH:0
LF:0
LH:0
BRF:0
BRH:0
end_of_record
TN:
SF:/home/madhankumar/sub/mojito-blockchain/mojito-contracts/contracts/openzeppelin-upgradeable/utils/introspection/IERC1820RegistryUpgradeable.sol
FNF:0
FNH:0
LF:0
LH:0
BRF:0
BRH:0
end_of_record
TN:
SF:/home/madhankumar/sub/mojito-blockchain/mojito-contracts/contracts/openzeppelin-upgradeable/utils/math/MathUpgradeable.sol
FN:13,max
FN:20,min
FN:28,average
FN:39,ceilDiv
FN:47,abs
FNF:5
FNH:0
FNDA:0,max
FNDA:0,min
FNDA:0,average
FNDA:0,ceilDiv
FNDA:0,abs
DA:14,0
DA:21,0
DA:30,0
DA:41,0
DA:48,0
DA:50,0
LF:6
LH:0
BRF:0
BRH:0
end_of_record
TN:
SF:/home/madhankumar/sub/mojito-blockchain/mojito-contracts/contracts/openzeppelin-upgradeable/utils/math/SafeCastUpgradeable.sol
FN:32,toUint224
FN:47,toUint128
FN:62,toUint96
FN:77,toUint64
FN:92,toUint32
FN:107,toUint16
FN:122,toUint8
FN:134,toUint256
FN:152,toInt128
FN:170,toInt64
FN:188,toInt32
FN:206,toInt16
FN:224,toInt8
FN:236,toInt256
FNF:14
FNH:0
FNDA:0,toUint224
FNDA:0,toUint128
FNDA:0,toUint96
FNDA:0,toUint64
FNDA:0,toUint32
FNDA:0,toUint16
FNDA:0,toUint8
FNDA:0,toUint256
FNDA:0,toInt128
FNDA:0,toInt64
FNDA:0,toInt32
FNDA:0,toInt16
FNDA:0,toInt8
FNDA:0,toInt256
DA:33,0
DA:34,0
DA:48,0
DA:49,0
DA:63,0
DA:64,0
DA:78,0
DA:79,0
DA:93,0
DA:94,0
DA:108,0
DA:109,0
DA:123,0
DA:124,0
DA:135,0
DA:136,0
DA:153,0
DA:154,0
DA:171,0
DA:172,0
DA:189,0
DA:190,0
DA:207,0
DA:208,0
DA:225,0
DA:226,0
DA:238,0
DA:239,0
LF:28
LH:0
BRDA:33,1,0,0
BRDA:33,1,1,0
BRDA:48,2,0,0
BRDA:48,2,1,0
BRDA:63,3,0,0
BRDA:63,3,1,0
BRDA:78,4,0,0
BRDA:78,4,1,0
BRDA:93,5,0,0
BRDA:93,5,1,0
BRDA:108,6,0,0
BRDA:108,6,1,0
BRDA:123,7,0,0
BRDA:123,7,1,0
BRDA:135,8,0,0
BRDA:135,8,1,0
BRDA:153,9,0,0
BRDA:153,9,1,0
BRDA:171,10,0,0
BRDA:171,10,1,0
BRDA:189,11,0,0
BRDA:189,11,1,0
BRDA:207,12,0,0
BRDA:207,12,1,0
BRDA:225,13,0,0
BRDA:225,13,1,0
BRDA:238,14,0,0
BRDA:238,14,1,0
BRF:28
BRH:0
end_of_record
TN:
SF:/home/madhankumar/sub/mojito-blockchain/mojito-contracts/contracts/openzeppelin-upgradeable/utils/math/SafeMathUpgradeable.sol
FN:22,tryAdd
FN:35,trySub
FN:47,tryMul
FN:64,tryDiv
FN:76,tryMod
FN:93,add
FN:107,sub
FN:121,mul
FN:135,div
FN:151,mod
FN:168,sub
FN:191,div
FN:217,mod
FNF:13
FNH:0
FNDA:0,tryAdd
FNDA:0,trySub
FNDA:0,tryMul
FNDA:0,tryDiv
FNDA:0,tryMod
FNDA:0,add
FNDA:0,sub
FNDA:0,mul
FNDA:0,div
FNDA:0,mod
FNDA:0,sub
FNDA:0,div
FNDA:0,mod
DA:23,0
DA:24,0
DA:25,0
DA:26,0
DA:36,0
DA:37,0
DA:38,0
DA:48,0
DA:52,0
DA:53,0
DA:54,0
DA:55,0
DA:65,0
DA:66,0
DA:67,0
DA:77,0
DA:78,0
DA:79,0
DA:94,0
DA:108,0
DA:122,0
DA:136,0
DA:152,0
DA:173,0
DA:174,0
DA:175,0
DA:196,0
DA:197,0
DA:198,0
DA:222,0
DA:223,0
DA:224,0
LF:32
LH:0
BRDA:25,1,0,0
BRDA:25,1,1,0
BRDA:37,2,0,0
BRDA:37,2,1,0
BRDA:52,3,0,0
BRDA:52,3,1,0
BRDA:54,4,0,0
BRDA:54,4,1,0
BRDA:66,5,0,0
BRDA:66,5,1,0
BRDA:78,6,0,0
BRDA:78,6,1,0
BRDA:174,7,0,0
BRDA:174,7,1,0
BRDA:197,8,0,0
BRDA:197,8,1,0
BRDA:223,9,0,0
BRDA:223,9,1,0
BRF:18
BRH:0
end_of_record
TN:
SF:/home/madhankumar/sub/mojito-blockchain/mojito-contracts/contracts/openzeppelin-upgradeable/utils/math/SignedSafeMathUpgradeable.sol
FN:23,mul
FN:37,div
FN:51,sub
FN:65,add
FNF:4
FNH:0
FNDA:0,mul
FNDA:0,div
FNDA:0,sub
FNDA:0,add
DA:24,0
DA:38,0
DA:52,0
DA:66,0
LF:4
LH:0
BRF:0
BRH:0
end_of_record
TN:
SF:/home/madhankumar/sub/mojito-blockchain/mojito-contracts/contracts/openzeppelin-upgradeable/utils/MulticallUpgradeable.sol
FN:15,__Multicall_init
FN:19,__Multicall_init_unchained
FN:24,multicall
FN:38,_functionDelegateCall
FNF:4
FNH:0
FNDA:0,__Multicall_init
FNDA:0,__Multicall_init_unchained
FNDA:0,multicall
FNDA:0,_functionDelegateCall
DA:16,0
DA:25,0
DA:26,0
DA:27,0
DA:29,0
DA:39,0
DA:42,0
DA:43,0
LF:8
LH:0
BRDA:39,1,0,0
BRDA:39,1,1,0
BRF:2
BRH:0
end_of_record
TN:
SF:/home/madhankumar/sub/mojito-blockchain/mojito-contracts/contracts/openzeppelin-upgradeable/utils/StorageSlotUpgradeable.sol
FN:52,getAddressSlot
FN:61,getBooleanSlot
FN:70,getBytes32Slot
FN:79,getUint256Slot
FNF:4
FNH:0
FNDA:0,getAddressSlot
FNDA:0,getBooleanSlot
FNDA:0,getBytes32Slot
FNDA:0,getUint256Slot
DA:53,0
DA:62,0
DA:71,0
DA:80,0
LF:4
LH:0
BRF:0
BRH:0
end_of_record
TN:
SF:/home/madhankumar/sub/mojito-blockchain/mojito-contracts/contracts/openzeppelin-upgradeable/utils/StringsUpgradeable.sol
FN:15,toString
FN:40,toHexString
FN:56,toHexString
FNF:3
FNH:0
FNDA:0,toString
FNDA:0,toHexString
FNDA:0,toHexString
DA:19,0
DA:20,0
DA:22,0
DA:23,0
DA:24,0
DA:25,0
DA:26,0
DA:28,0
DA:29,0
DA:30,0
DA:31,0
DA:32,0
DA:34,0
DA:41,0
DA:42,0
DA:44,0
DA:45,0
DA:46,0
DA:47,0
DA:48,0
DA:50,0
DA:57,0
DA:58,0
DA:59,0
DA:60,0
DA:61,0
DA:62,0
DA:64,0
DA:65,0
LF:29
LH:0
BRDA:19,1,0,0
BRDA:19,1,1,0
BRDA:41,2,0,0
BRDA:41,2,1,0
BRDA:64,3,0,0
BRDA:64,3,1,0
BRF:6
BRH:0
end_of_record
TN:
SF:/home/madhankumar/sub/mojito-blockchain/mojito-contracts/contracts/openzeppelin-upgradeable/utils/structs/BitMapsUpgradeable.sol
FN:17,get
FN:26,setTo
FN:41,set
FN:50,unset
FNF:4
FNH:0
FNDA:0,get
FNDA:0,setTo
FNDA:0,set
FNDA:0,unset
DA:18,0
DA:19,0
DA:20,0
DA:31,0
DA:32,0
DA:34,0
DA:42,0
DA:43,0
DA:44,0
DA:51,0
DA:52,0
DA:53,0
LF:12
LH:0
BRDA:31,1,0,0
BRDA:31,1,1,0
BRF:2
BRH:0
end_of_record
TN:
SF:/home/madhankumar/sub/mojito-blockchain/mojito-contracts/contracts/openzeppelin-upgradeable/utils/structs/EnumerableMapUpgradeable.sol
FN:57,_set
FN:71,_remove
FN:79,_contains
FN:86,_length
FN:100,_at
FN:109,_tryGet
FN:125,_get
FN:137,_get
FN:160,set
FN:173,remove
FN:180,contains
FN:187,length
FN:200,at
FN:211,tryGet
FN:223,get
FN:233,get
FNF:16
FNH:0
FNDA:0,_set
FNDA:0,_remove
FNDA:0,_contains
FNDA:0,_length
FNDA:0,_at
FNDA:0,_tryGet
FNDA:0,_get
FNDA:0,_get
FNDA:0,set
FNDA:0,remove
FNDA:0,contains
FNDA:0,length
FNDA:0,at
FNDA:0,tryGet
FNDA:0,get
FNDA:0,get
DA:62,0
DA:63,0
DA:72,0
DA:73,0
DA:80,0
DA:87,0
DA:101,0
DA:102,0
DA:110,0
DA:111,0
DA:112,0
DA:114,0
DA:126,0
DA:127,0
DA:128,0
DA:142,0
DA:143,0
DA:144,0
DA:165,0
DA:174,0
DA:181,0
DA:188,0
DA:201,0
DA:202,0
DA:212,0
DA:213,0
DA:224,0
DA:238,0
LF:28
LH:0
BRDA:111,1,0,0
BRDA:111,1,1,0
BRDA:127,2,0,0
BRDA:127,2,1,0
BRDA:143,3,0,0
BRDA:143,3,1,0
BRF:6
BRH:0
end_of_record
TN:
SF:/home/madhankumar/sub/mojito-blockchain/mojito-contracts/contracts/openzeppelin-upgradeable/utils/structs/EnumerableSetUpgradeable.sol
FN:54,_add
FN:72,_remove
FN:109,_contains
FN:116,_length
FN:130,_at
FN:142,_values
FN:158,add
FN:168,remove
FN:175,contains
FN:182,length
FN:196,at
FN:208,values
FN:224,add
FN:234,remove
FN:241,contains
FN:248,length
FN:262,at
FN:274,values
FN:297,add
FN:307,remove
FN:314,contains
FN:321,length
FN:335,at
FN:347,values
FNF:24
FNH:0
FNDA:0,_add
FNDA:0,_remove
FNDA:0,_contains
FNDA:0,_length
FNDA:0,_at
FNDA:0,_values
FNDA:0,add
FNDA:0,remove
FNDA:0,contains
FNDA:0,length
FNDA:0,at
FNDA:0,values
FNDA:0,add
FNDA:0,remove
FNDA:0,contains
FNDA:0,length
FNDA:0,at
FNDA:0,values
FNDA:0,add
FNDA:0,remove
FNDA:0,contains
FNDA:0,length
FNDA:0,at
FNDA:0,values
DA:55,0
DA:56,0
DA:59,0
DA:60,0
DA:62,0
DA:74,0
DA:76,0
DA:82,0
DA:83,0
DA:85,0
DA:86,0
DA:89,0
DA:91,0
DA:95,0
DA:98,0
DA:100,0
DA:102,0
DA:110,0
DA:117,0
DA:131,0
DA:143,0
DA:159,0
DA:169,0
DA:176,0
DA:183,0
DA:197,0
DA:209,0
DA:225,0
DA:235,0
DA:242,0
DA:249,0
DA:263,0
DA:275,0
DA:276,0
DA:278,0
DA:282,0
DA:298,0
DA:308,0
DA:315,0
DA:322,0
DA:336,0
DA:348,0
DA:349,0
DA:351,0
DA:355,0
LF:45
LH:0
BRDA:55,1,0,0
BRDA:55,1,1,0
BRDA:76,2,0,0
BRDA:76,2,1,0
BRDA:85,3,0,0
BRDA:85,3,1,0
BRF:6
BRH:0
end_of_record
TN:
SF:/home/madhankumar/sub/mojito-blockchain/mojito-contracts/contracts/openzeppelin-upgradeable/utils/TimersUpgradeable.sol
FN:14,getDeadline
FN:18,setDeadline
FN:22,reset
FN:26,isUnset
FN:30,isStarted
FN:34,isPending
FN:38,isExpired
FN:46,getDeadline
FN:50,setDeadline
FN:54,reset
FN:58,isUnset
FN:62,isStarted
FN:66,isPending
FN:70,isExpired
FNF:14
FNH:0
FNDA:0,getDeadline
FNDA:0,setDeadline
FNDA:0,reset
FNDA:0,isUnset
FNDA:0,isStarted
FNDA:0,isPending
FNDA:0,isExpired
FNDA:0,getDeadline
FNDA:0,setDeadline
FNDA:0,reset
FNDA:0,isUnset
FNDA:0,isStarted
FNDA:0,isPending
FNDA:0,isExpired
DA:15,0
DA:19,0
DA:23,0
DA:27,0
DA:31,0
DA:35,0
DA:39,0
DA:47,0
DA:51,0
DA:55,0
DA:59,0
DA:63,0
DA:67,0
DA:71,0
LF:14
LH:0
BRF:0
BRH:0
end_of_record
TN:
SF:/home/madhankumar/sub/mojito-blockchain/mojito-contracts/contracts/openzeppelin/access/AccessControl.sol
FN:97,supportsInterface
FN:105,hasRole
FN:115,getRoleAdmin
FN:129,grantRole
FN:144,revokeRole
FN:164,renounceRole
FN:186,_setupRole
FN:195,_setRoleAdmin
FN:200,_grantRole
FN:207,_revokeRole
FNF:10
FNH:0
FNDA:0,supportsInterface
FNDA:0,hasRole
FNDA:0,getRoleAdmin
FNDA:0,grantRole
FNDA:0,revokeRole
FNDA:0,renounceRole
FNDA:0,_setupRole
FNDA:0,_setRoleAdmin
FNDA:0,_grantRole
FNDA:0,_revokeRole
DA:98,0
DA:106,0
DA:116,0
DA:130,0
DA:132,0
DA:145,0
DA:147,0
DA:165,0
DA:167,0
DA:187,0
DA:196,0
DA:197,0
DA:201,0
DA:202,0
DA:203,0
DA:208,0
DA:209,0
DA:210,0
LF:18
LH:0
BRDA:130,1,0,0
BRDA:130,1,1,0
BRDA:145,2,0,0
BRDA:145,2,1,0
BRDA:165,3,0,0
BRDA:165,3,1,0
BRDA:201,4,0,0
BRDA:201,4,1,0
BRDA:208,5,0,0
BRDA:208,5,1,0
BRF:10
BRH:0
end_of_record
TN:
SF:/home/madhankumar/sub/mojito-blockchain/mojito-contracts/contracts/openzeppelin/access/AccessControlEnumerable.sol
FN:27,supportsInterface
FN:44,getRoleMember
FN:52,getRoleMemberCount
FN:59,grantRole
FN:67,revokeRole
FN:75,renounceRole
FN:83,_setupRole
FNF:7
FNH:0
FNDA:0,supportsInterface
FNDA:0,getRoleMember
FNDA:0,getRoleMemberCount
FNDA:0,grantRole
FNDA:0,revokeRole
FNDA:0,renounceRole
FNDA:0,_setupRole
DA:28,0
DA:45,0
DA:53,0
DA:60,0
DA:61,0
DA:68,0
DA:69,0
DA:76,0
DA:77,0
DA:84,0
DA:85,0
LF:11
LH:0
BRF:0
BRH:0
end_of_record
TN:
SF:/home/madhankumar/sub/mojito-blockchain/mojito-contracts/contracts/openzeppelin/access/Ownable.sol
FN:26,constructor
FN:35,owner
FN:42,onlyOwner
FN:54,renounceOwnership
FN:63,transferOwnership
FNF:5
FNH:0
FNDA:0,constructor
FNDA:0,owner
FNDA:0,onlyOwner
FNDA:0,renounceOwnership
FNDA:0,transferOwnership
DA:27,0
DA:28,0
DA:29,0
DA:36,0
DA:43,0
DA:44,0
DA:55,0
DA:56,0
DA:64,0
DA:65,0
DA:66,0
LF:11
LH:0
BRDA:43,1,0,0
BRDA:43,1,1,0
BRDA:64,2,0,0
BRDA:64,2,1,0
BRF:4
BRH:0
end_of_record
TN:
SF:/home/madhankumar/sub/mojito-blockchain/mojito-contracts/contracts/openzeppelin/interfaces/draft-IERC2612.sol
FNF:0
FNH:0
LF:0
LH:0
BRF:0
BRH:0
end_of_record
TN:
SF:/home/madhankumar/sub/mojito-blockchain/mojito-contracts/contracts/openzeppelin/interfaces/IERC1155.sol
FNF:0
FNH:0
LF:0
LH:0
BRF:0
BRH:0
end_of_record
TN:
SF:/home/madhankumar/sub/mojito-blockchain/mojito-contracts/contracts/openzeppelin/interfaces/IERC1155MetadataURI.sol
FNF:0
FNH:0
LF:0
LH:0
BRF:0
BRH:0
end_of_record
TN:
SF:/home/madhankumar/sub/mojito-blockchain/mojito-contracts/contracts/openzeppelin/interfaces/IERC1155Receiver.sol
FNF:0
FNH:0
LF:0
LH:0
BRF:0
BRH:0
end_of_record
TN:
SF:/home/madhankumar/sub/mojito-blockchain/mojito-contracts/contracts/openzeppelin/interfaces/IERC1271.sol
FNF:0
FNH:0
LF:0
LH:0
BRF:0
BRH:0
end_of_record
TN:
SF:/home/madhankumar/sub/mojito-blockchain/mojito-contracts/contracts/openzeppelin/interfaces/IERC1363.sol
FNF:0
FNH:0
LF:0
LH:0
BRF:0
BRH:0
end_of_record
TN:
SF:/home/madhankumar/sub/mojito-blockchain/mojito-contracts/contracts/openzeppelin/interfaces/IERC1363Receiver.sol
FNF:0
FNH:0
LF:0
LH:0
BRF:0
BRH:0
end_of_record
TN:
SF:/home/madhankumar/sub/mojito-blockchain/mojito-contracts/contracts/openzeppelin/interfaces/IERC1363Spender.sol
FNF:0
FNH:0
LF:0
LH:0
BRF:0
BRH:0
end_of_record
TN:
SF:/home/madhankumar/sub/mojito-blockchain/mojito-contracts/contracts/openzeppelin/interfaces/IERC165.sol
FNF:0
FNH:0
LF:0
LH:0
BRF:0
BRH:0
end_of_record
TN:
SF:/home/madhankumar/sub/mojito-blockchain/mojito-contracts/contracts/openzeppelin/interfaces/IERC1820Implementer.sol
FNF:0
FNH:0
LF:0
LH:0
BRF:0
BRH:0
end_of_record
TN:
SF:/home/madhankumar/sub/mojito-blockchain/mojito-contracts/contracts/openzeppelin/interfaces/IERC1820Registry.sol
FNF:0
FNH:0
LF:0
LH:0
BRF:0
BRH:0
end_of_record
TN:
SF:/home/madhankumar/sub/mojito-blockchain/mojito-contracts/contracts/openzeppelin/interfaces/IERC20.sol
FNF:0
FNH:0
LF:0
LH:0
BRF:0
BRH:0
end_of_record
TN:
SF:/home/madhankumar/sub/mojito-blockchain/mojito-contracts/contracts/openzeppelin/interfaces/IERC20Metadata.sol
FNF:0
FNH:0
LF:0
LH:0
BRF:0
BRH:0
end_of_record
TN:
SF:/home/madhankumar/sub/mojito-blockchain/mojito-contracts/contracts/openzeppelin/interfaces/IERC2981.sol
FNF:0
FNH:0
LF:0
LH:0
BRF:0
BRH:0
end_of_record
TN:
SF:/home/madhankumar/sub/mojito-blockchain/mojito-contracts/contracts/openzeppelin/interfaces/IERC3156.sol
FNF:0
FNH:0
LF:0
LH:0
BRF:0
BRH:0
end_of_record
TN:
SF:/home/madhankumar/sub/mojito-blockchain/mojito-contracts/contracts/openzeppelin/interfaces/IERC3156FlashBorrower.sol
FNF:0
FNH:0
LF:0
LH:0
BRF:0
BRH:0
[...]
FN:100,pause
FN:114,unpause
FN:119,_beforeTokenTransfer
FN:130,supportsInterface
FNF:7
FNH:0
FNDA:0,constructor
FNDA:0,_baseURI
FNDA:0,mint
FNDA:0,pause
FNDA:0,unpause
FNDA:0,_beforeTokenTransfer
FNDA:0,supportsInterface
DA:59,0
DA:61,0
DA:63,0
DA:64,0
DA:68,0
DA:83,0
DA:87,0
DA:88,0
DA:101,0
DA:102,0
DA:115,0
DA:116,0
DA:124,0
DA:137,0
LF:14
LH:0
BRDA:83,1,0,0
BRDA:83,1,1,0
BRDA:101,2,0,0
BRDA:101,2,1,0
BRDA:115,3,0,0
BRDA:115,3,1,0
BRF:6
BRH:0
end_of_record
TN:
SF:/home/madhankumar/sub/mojito-blockchain/mojito-contracts/contracts/openzeppelin/token/ERC721/utils/ERC721Holder.sol
FN:20,onERC721Received
FNF:1
FNH:0
FNDA:0,onERC721Received
DA:26,0
LF:1
LH:0
BRF:0
BRH:0
end_of_record
TN:
SF:/home/madhankumar/sub/mojito-blockchain/mojito-contracts/contracts/openzeppelin/token/ERC777/ERC777.sol
FN:60,constructor
FN:81,name
FN:88,symbol
FN:98,decimals
FN:107,granularity
FN:114,totalSupply
FN:121,balanceOf
FN:130,send
FN:146,transfer
FN:165,burn
FN:172,isOperatorFor
FN:182,authorizeOperator
FN:197,revokeOperator
FN:212,defaultOperators
FN:221,operatorSend
FN:237,operatorBurn
FN:254,allowance
FN:263,approve
FN:278,transferFrom
FN:318,_mint
FN:345,_mint
FN:377,_send
FN:404,_burn
FN:430,_move
FN:456,_approve
FN:477,_callTokensToSend
FN:502,_callTokensReceived
FN:533,_beforeTokenTransfer
FNF:28
FNH:0
FNDA:0,constructor
FNDA:0,name
FNDA:0,symbol
FNDA:0,decimals
FNDA:0,granularity
FNDA:0,totalSupply
FNDA:0,balanceOf
FNDA:0,send
FNDA:0,transfer
FNDA:0,burn
FNDA:0,isOperatorFor
FNDA:0,authorizeOperator
FNDA:0,revokeOperator
FNDA:0,defaultOperators
FNDA:0,operatorSend
FNDA:0,operatorBurn
FNDA:0,allowance
FNDA:0,approve
FNDA:0,transferFrom
FNDA:0,_mint
FNDA:0,_mint
FNDA:0,_send
FNDA:0,_burn
FNDA:0,_move
FNDA:0,_approve
FNDA:0,_callTokensToSend
FNDA:0,_callTokensReceived
FNDA:0,_beforeTokenTransfer
DA:65,0
DA:66,0
DA:68,0
DA:69,0
DA:70,0
DA:74,0
DA:75,0
DA:82,0
DA:89,0
DA:99,0
DA:108,0
DA:115,0
DA:122,0
DA:135,0
DA:147,0
DA:149,0
DA:151,0
DA:153,0
DA:155,0
DA:157,0
DA:166,0
DA:173,0
DA:183,0
DA:185,0
DA:186,0
DA:188,0
DA:191,0
DA:198,0
DA:200,0
DA:201,0
DA:203,0
DA:206,0
DA:213,0
DA:228,0
DA:229,0
DA:243,0
DA:244,0
DA:255,0
DA:264,0
DA:265,0
DA:266,0
DA:283,0
DA:284,0
DA:286,0
DA:288,0
DA:290,0
DA:292,0
DA:293,0
DA:294,0
DA:296,0
DA:298,0
DA:324,0
DA:352,0
DA:354,0
DA:356,0
DA:359,0
DA:360,0
DA:362,0
DA:364,0
DA:365,0
DA:385,0
DA:386,0
DA:388,0
DA:390,0
DA:392,0
DA:394,0
DA:410,0
DA:412,0
DA:414,0
DA:416,0
DA:419,0
DA:420,0
DA:421,0
DA:422,0
DA:424,0
DA:426,0
DA:427,0
DA:438,0
DA:440,0
DA:441,0
DA:442,0
DA:443,0
DA:445,0
DA:447,0
DA:448,0
DA:461,0
DA:462,0
DA:464,0
DA:465,0
DA:485,0
DA:486,0
DA:487,0
DA:511,0
DA:512,0
DA:513,0
DA:515,0
LF:96
LH:0
BRDA:147,1,0,0
BRDA:147,1,1,0
BRDA:183,2,0,0
BRDA:183,2,1,0
BRDA:185,3,0,0
BRDA:185,3,1,0
BRDA:198,4,0,0
BRDA:198,4,1,0
BRDA:200,5,0,0
BRDA:200,5,1,0
BRDA:228,6,0,0
BRDA:228,6,1,0
BRDA:243,7,0,0
BRDA:243,7,1,0
BRDA:283,8,0,0
BRDA:283,8,1,0
BRDA:284,9,0,0
BRDA:284,9,1,0
BRDA:293,10,0,0
BRDA:293,10,1,0
BRDA:352,11,0,0
BRDA:352,11,1,0
BRDA:385,12,0,0
BRDA:385,12,1,0
BRDA:386,13,0,0
BRDA:386,13,1,0
BRDA:410,14,0,0
BRDA:410,14,1,0
BRDA:420,15,0,0
BRDA:420,15,1,0
BRDA:441,16,0,0
BRDA:441,16,1,0
BRDA:461,17,0,0
BRDA:461,17,1,0
BRDA:462,18,0,0
BRDA:462,18,1,0
BRDA:486,19,0,0
BRDA:486,19,1,0
BRDA:512,20,0,0
BRDA:512,20,1,0
BRDA:514,21,0,0
BRDA:514,21,1,0
BRDA:515,22,0,0
BRDA:515,22,1,0
BRF:44
BRH:0
end_of_record
TN:
SF:/home/madhankumar/sub/mojito-blockchain/mojito-contracts/contracts/openzeppelin/token/ERC777/IERC777.sol
FNF:0
FNH:0
LF:0
LH:0
BRF:0
BRH:0
end_of_record
TN:
SF:/home/madhankumar/sub/mojito-blockchain/mojito-contracts/contracts/openzeppelin/token/ERC777/IERC777Recipient.sol
FNF:0
FNH:0
LF:0
LH:0
BRF:0
BRH:0
end_of_record
TN:
SF:/home/madhankumar/sub/mojito-blockchain/mojito-contracts/contracts/openzeppelin/token/ERC777/IERC777Sender.sol
FNF:0
FNH:0
LF:0
LH:0
BRF:0
BRH:0
end_of_record
TN:
SF:/home/madhankumar/sub/mojito-blockchain/mojito-contracts/contracts/openzeppelin/token/ERC777/presets/ERC777PresetFixedSupply.sol
FN:27,constructor
FNF:1
FNH:0
FNDA:0,constructor
DA:28,0
LF:1
LH:0
BRF:0
BRH:0
end_of_record
TN:
SF:/home/madhankumar/sub/mojito-blockchain/mojito-contracts/contracts/openzeppelin/utils/Address.sol
FN:27,isContract
FN:55,sendValue
FN:80,functionCall
FN:90,functionCall
FN:109,functionCallWithValue
FN:123,functionCallWithValue
FN:142,functionStaticCall
FN:152,functionStaticCall
FN:169,functionDelegateCall
FN:179,functionDelegateCall
FN:196,verifyCallResult
FNF:11
FNH:0
FNDA:0,isContract
FNDA:0,sendValue
FNDA:0,functionCall
FNDA:0,functionCall
FNDA:0,functionCallWithValue
FNDA:0,functionCallWithValue
FNDA:0,functionStaticCall
FNDA:0,functionStaticCall
FNDA:0,functionDelegateCall
FNDA:0,functionDelegateCall
FNDA:0,verifyCallResult
DA:32,0
DA:33,0
DA:36,0
DA:56,0
DA:58,0
DA:59,0
DA:81,0
DA:95,0
DA:114,0
DA:129,0
DA:130,0
DA:132,0
DA:133,0
DA:143,0
DA:157,0
DA:159,0
DA:160,0
DA:170,0
DA:184,0
DA:186,0
DA:187,0
DA:201,0
DA:202,0
DA:205,0
DA:208,0
DA:213,0
LF:26
LH:0
BRDA:56,1,0,0
BRDA:56,1,1,0
BRDA:59,2,0,0
BRDA:59,2,1,0
BRDA:129,3,0,0
BRDA:129,3,1,0
BRDA:130,4,0,0
BRDA:130,4,1,0
BRDA:157,5,0,0
BRDA:157,5,1,0
BRDA:184,6,0,0
BRDA:184,6,1,0
BRDA:201,7,0,0
BRDA:201,7,1,0
BRDA:205,8,0,0
BRDA:205,8,1,0
BRF:16
BRH:0
end_of_record
TN:
SF:/home/madhankumar/sub/mojito-blockchain/mojito-contracts/contracts/openzeppelin/utils/Arrays.sol
FN:21,findUpperBound
FNF:1
FNH:0
FNDA:0,findUpperBound
DA:22,0
DA:23,0
DA:26,0
DA:27,0
DA:29,0
DA:30,0
DA:34,0
DA:35,0
DA:37,0
DA:42,0
DA:43,0
DA:45,0
LF:12
LH:0
BRDA:22,1,0,0
BRDA:22,1,1,0
BRDA:34,2,0,0
BRDA:34,2,1,0
BRDA:42,3,0,0
BRDA:42,3,1,0
BRF:6
BRH:0
end_of_record
TN:
SF:/home/madhankumar/sub/mojito-blockchain/mojito-contracts/contracts/openzeppelin/utils/Context.sol
FN:17,_msgSender
FN:21,_msgData
FNF:2
FNH:0
FNDA:0,_msgSender
FNDA:0,_msgData
DA:18,0
DA:22,0
LF:2
LH:0
BRF:0
BRH:0
end_of_record
TN:
SF:/home/madhankumar/sub/mojito-blockchain/mojito-contracts/contracts/openzeppelin/utils/Counters.sol
FN:22,current
FN:26,increment
FN:32,decrement
FN:40,reset
FNF:4
FNH:0
FNDA:0,current
FNDA:0,increment
FNDA:0,decrement
FNDA:0,reset
DA:23,0
DA:27,0
DA:28,0
DA:33,0
DA:34,0
DA:35,0
DA:36,0
DA:41,0
LF:8
LH:0
BRDA:34,1,0,0
BRDA:34,1,1,0
BRF:2
BRH:0
end_of_record
TN:
SF:/home/madhankumar/sub/mojito-blockchain/mojito-contracts/contracts/openzeppelin/utils/Create2.sol
FN:30,deploy
FN:49,computeAddress
FN:57,computeAddress
FNF:3
FNH:0
FNDA:0,deploy
FNDA:0,computeAddress
FNDA:0,computeAddress
DA:35,0
DA:36,0
DA:37,0
DA:38,0
DA:41,0
DA:42,0
DA:50,0
DA:62,0
DA:63,0
LF:9
LH:0
BRDA:36,1,0,0
BRDA:36,1,1,0
BRDA:37,2,0,0
BRDA:37,2,1,0
BRDA:41,3,0,0
BRDA:41,3,1,0
BRF:6
BRH:0
end_of_record
TN:
SF:/home/madhankumar/sub/mojito-blockchain/mojito-contracts/contracts/openzeppelin/utils/cryptography/draft-EIP712.sol
FN:53,constructor
FN:70,_domainSeparatorV4
FN:78,_buildDomainSeparator
FN:101,_hashTypedDataV4
FNF:4
FNH:0
FNDA:0,constructor
FNDA:0,_domainSeparatorV4
FNDA:0,_buildDomainSeparator
FNDA:0,_hashTypedDataV4
DA:54,0
DA:55,0
DA:56,0
DA:59,0
DA:60,0
DA:61,0
DA:62,0
DA:63,0
DA:64,0
DA:71,0
DA:72,0
DA:74,0
DA:83,0
DA:102,0
LF:14
LH:0
BRDA:71,1,0,0
BRDA:71,1,1,0
BRF:2
BRH:0
end_of_record
TN:
SF:/home/madhankumar/sub/mojito-blockchain/mojito-contracts/contracts/openzeppelin/utils/cryptography/ECDSA.sol
FN:23,_throwError
FN:57,tryRecover
FN:102,recover
FN:115,tryRecover
FN:134,recover
FN:150,tryRecover
FN:185,recover
FN:204,toEthSignedMessageHash
FN:218,toEthSignedMessageHash
FN:231,toTypedDataHash
FNF:10
FNH:0
FNDA:0,_throwError
FNDA:0,tryRecover
FNDA:0,recover
FNDA:0,tryRecover
FNDA:0,recover
FNDA:0,tryRecover
FNDA:0,recover
FNDA:0,toEthSignedMessageHash
FNDA:0,toEthSignedMessageHash
FNDA:0,toTypedDataHash
DA:24,0
DA:25,0
DA:27,0
DA:29,0
DA:31,0
DA:33,0
DA:61,0
DA:62,0
DA:63,0
DA:64,0
DA:67,0
DA:72,0
DA:74,0
DA:75,0
DA:78,0
DA:82,0
DA:84,0
DA:103,0
DA:104,0
DA:105,0
DA:120,0
DA:121,0
DA:122,0
DA:126,0
DA:139,0
DA:140,0
DA:141,0
DA:165,0
DA:166,0
DA:168,0
DA:169,0
DA:173,0
DA:174,0
DA:175,0
DA:178,0
DA:191,0
DA:192,0
DA:193,0
DA:207,0
DA:219,0
DA:232,0
LF:41
LH:0
BRDA:24,1,0,0
BRDA:24,1,1,0
BRDA:26,2,0,0
BRDA:26,2,1,0
BRDA:28,3,0,0
BRDA:28,3,1,0
BRDA:30,4,0,0
BRDA:30,4,1,0
BRDA:32,5,0,0
BRDA:32,5,1,0
BRDA:61,6,0,0
BRDA:61,6,1,0
BRDA:73,7,0,0
BRDA:73,7,1,0
BRDA:165,8,0,0
BRDA:165,8,1,0
BRDA:168,9,0,0
BRDA:168,9,1,0
BRDA:174,10,0,0
BRDA:174,10,1,0
BRF:20
BRH:0
end_of_record
TN:
SF:/home/madhankumar/sub/mojito-blockchain/mojito-contracts/contracts/openzeppelin/utils/cryptography/MerkleProof.sol
FN:22,verify
FN:38,processProof
FNF:2
FNH:0
FNDA:0,verify
FNDA:0,processProof
DA:27,0
DA:39,0
DA:40,0
DA:41,0
DA:42,0
DA:44,0
DA:47,0
DA:50,0
LF:8
LH:0
BRDA:42,1,0,0
BRDA:42,1,1,0
BRF:2
BRH:0
end_of_record
TN:
SF:/home/madhankumar/sub/mojito-blockchain/mojito-contracts/contracts/openzeppelin/utils/cryptography/SignatureChecker.sol
FN:21,isValidSignatureNow
FNF:1
FNH:0
FNDA:0,isValidSignatureNow
DA:26,0
DA:27,0
DA:28,0
DA:31,0
DA:34,0
LF:5
LH:0
BRDA:27,1,0,0
BRDA:27,1,1,0
BRF:2
BRH:0
end_of_record
TN:
SF:/home/madhankumar/sub/mojito-blockchain/mojito-contracts/contracts/openzeppelin/utils/escrow/ConditionalEscrow.sol
FN:21,withdraw
FNF:1
FNH:0
FNDA:0,withdraw
DA:22,0
DA:23,0
LF:2
LH:0
BRDA:22,1,0,0
BRDA:22,1,1,0
BRF:2
BRH:0
end_of_record
TN:
SF:/home/madhankumar/sub/mojito-blockchain/mojito-contracts/contracts/openzeppelin/utils/escrow/Escrow.sol
FN:30,depositsOf
FN:38,deposit
FN:54,withdraw
FNF:3
FNH:0
FNDA:0,depositsOf
FNDA:0,deposit
FNDA:0,withdraw
DA:31,0
DA:39,0
DA:40,0
DA:41,0
DA:55,0
DA:57,0
DA:59,0
DA:61,0
LF:8
LH:0
BRF:0
BRH:0
end_of_record
TN:
SF:/home/madhankumar/sub/mojito-blockchain/mojito-contracts/contracts/openzeppelin/utils/escrow/RefundEscrow.sol
FN:37,constructor
FN:46,state
FN:53,beneficiary
FN:61,deposit
FN:70,close
FN:79,enableRefunds
FN:88,beneficiaryWithdraw
FN:97,withdrawalAllowed
FNF:8
FNH:0
FNDA:0,constructor
FNDA:0,state
FNDA:0,beneficiary
FNDA:0,deposit
FNDA:0,close
FNDA:0,enableRefunds
FNDA:0,beneficiaryWithdraw
FNDA:0,withdrawalAllowed
DA:38,0
DA:39,0
DA:40,0
DA:47,0
DA:54,0
DA:62,0
DA:63,0
DA:71,0
DA:72,0
DA:73,0
DA:80,0
DA:81,0
DA:82,0
DA:89,0
DA:90,0
DA:98,0
LF:16
LH:0
BRDA:38,1,0,0
BRDA:38,1,1,0
BRDA:62,2,0,0
BRDA:62,2,1,0
BRDA:71,3,0,0
BRDA:71,3,1,0
BRDA:80,4,0,0
BRDA:80,4,1,0
BRDA:89,5,0,0
BRDA:89,5,1,0
BRF:10
BRH:0
end_of_record
TN:
SF:/home/madhankumar/sub/mojito-blockchain/mojito-contracts/contracts/openzeppelin/utils/introspection/ERC165.sol
FN:26,supportsInterface
FNF:1
FNH:0
FNDA:0,supportsInterface
DA:27,0
LF:1
LH:0
BRF:0
BRH:0
end_of_record
TN:
SF:/home/madhankumar/sub/mojito-blockchain/mojito-contracts/contracts/openzeppelin/utils/introspection/ERC165Checker.sol
FN:22,supportsERC165
FN:36,supportsInterface
FN:51,getSupportedInterfaces
FN:79,supportsAllInterfaces
FN:107,_supportsERC165Interface
FNF:5
FNH:0
FNDA:0,supportsERC165
FNDA:0,supportsInterface
FNDA:0,getSupportedInterfaces
FNDA:0,supportsAllInterfaces
FNDA:0,_supportsERC165Interface
DA:25,0
DA:38,0
DA:57,0
DA:60,0
DA:62,0
DA:63,0
DA:67,0
DA:81,0
DA:82,0
DA:86,0
DA:87,0
DA:88,0
DA:93,0
DA:108,0
DA:109,0
DA:110,0
DA:111,0
LF:17
LH:0
BRDA:60,1,0,0
BRDA:60,1,1,0
BRDA:81,2,0,0
BRDA:81,2,1,0
BRDA:87,3,0,0
BRDA:87,3,1,0
BRDA:110,4,0,0
BRDA:110,4,1,0
BRF:8
BRH:0
end_of_record
TN:
SF:/home/madhankumar/sub/mojito-blockchain/mojito-contracts/contracts/openzeppelin/utils/introspection/ERC165Storage.sol
FN:23,supportsInterface
FN:38,_registerInterface
FNF:2
FNH:0
FNDA:0,supportsInterface
FNDA:0,_registerInterface
DA:24,0
DA:39,0
DA:40,0
LF:3
LH:0
BRDA:39,1,0,0
BRDA:39,1,1,0
BRF:2
BRH:0
end_of_record
TN:
SF:/home/madhankumar/sub/mojito-blockchain/mojito-contracts/contracts/openzeppelin/utils/introspection/ERC1820Implementer.sol
FN:24,canImplementInterfaceForAddress
FN:41,_registerInterfaceForAddress
FNF:2
FNH:0
FNDA:0,canImplementInterfaceForAddress
FNDA:0,_registerInterfaceForAddress
DA:31,0
DA:42,0
LF:2
LH:0
BRF:0
BRH:0
end_of_record
TN:
SF:/home/madhankumar/sub/mojito-blockchain/mojito-contracts/contracts/openzeppelin/utils/introspection/IERC165.sol
FNF:0
FNH:0
LF:0
LH:0
BRF:0
BRH:0
end_of_record
TN:
SF:/home/madhankumar/sub/mojito-blockchain/mojito-contracts/contracts/openzeppelin/utils/introspection/IERC1820Implementer.sol
FNF:0
FNH:0
LF:0
LH:0
BRF:0
BRH:0
end_of_record
TN:
SF:/home/madhankumar/sub/mojito-blockchain/mojito-contracts/contracts/openzeppelin/utils/introspection/IERC1820Registry.sol
FNF:0
FNH:0
LF:0
LH:0
BRF:0
BRH:0
end_of_record
TN:
SF:/home/madhankumar/sub/mojito-blockchain/mojito-contracts/contracts/openzeppelin/utils/math/Math.sol
FN:13,max
FN:20,min
FN:28,average
FN:39,ceilDiv
FN:47,abs
FNF:5
FNH:0
FNDA:0,max
FNDA:0,min
FNDA:0,average
FNDA:0,ceilDiv
FNDA:0,abs
DA:14,0
DA:21,0
DA:30,0
DA:41,0
DA:48,0
DA:50,0
LF:6
LH:0
BRF:0
BRH:0
end_of_record
TN:
SF:/home/madhankumar/sub/mojito-blockchain/mojito-contracts/contracts/openzeppelin/utils/math/SafeCast.sol
FN:32,toUint224
FN:47,toUint128
FN:62,toUint96
FN:77,toUint64
FN:92,toUint32
FN:107,toUint16
FN:122,toUint8
FN:134,toUint256
FN:152,toInt128
FN:170,toInt64
FN:188,toInt32
FN:206,toInt16
FN:224,toInt8
FN:236,toInt256
FNF:14
FNH:0
FNDA:0,toUint224
FNDA:0,toUint128
FNDA:0,toUint96
FNDA:0,toUint64
FNDA:0,toUint32
FNDA:0,toUint16
FNDA:0,toUint8
FNDA:0,toUint256
FNDA:0,toInt128
FNDA:0,toInt64
FNDA:0,toInt32
FNDA:0,toInt16
FNDA:0,toInt8
FNDA:0,toInt256
DA:33,0
DA:34,0
DA:48,0
DA:49,0
DA:63,0
DA:64,0
DA:78,0
DA:79,0
DA:93,0
DA:94,0
DA:108,0
DA:109,0
DA:123,0
DA:124,0
DA:135,0
DA:136,0
DA:153,0
DA:154,0
DA:171,0
DA:172,0
DA:189,0
DA:190,0
DA:207,0
DA:208,0
DA:225,0
DA:226,0
DA:238,0
DA:239,0
LF:28
LH:0
BRDA:33,1,0,0
BRDA:33,1,1,0
BRDA:48,2,0,0
BRDA:48,2,1,0
BRDA:63,3,0,0
BRDA:63,3,1,0
BRDA:78,4,0,0
BRDA:78,4,1,0
BRDA:93,5,0,0
BRDA:93,5,1,0
BRDA:108,6,0,0
BRDA:108,6,1,0
BRDA:123,7,0,0
BRDA:123,7,1,0
BRDA:135,8,0,0
BRDA:135,8,1,0
BRDA:153,9,0,0
BRDA:153,9,1,0
BRDA:171,10,0,0
BRDA:171,10,1,0
BRDA:189,11,0,0
BRDA:189,11,1,0
BRDA:207,12,0,0
BRDA:207,12,1,0
BRDA:225,13,0,0
BRDA:225,13,1,0
BRDA:238,14,0,0
BRDA:238,14,1,0
BRF:28
BRH:0
end_of_record
TN:
SF:/home/madhankumar/sub/mojito-blockchain/mojito-contracts/contracts/openzeppelin/utils/math/SafeMath.sol
FN:22,tryAdd
FN:35,trySub
FN:47,tryMul
FN:64,tryDiv
FN:76,tryMod
FN:93,add
FN:107,sub
FN:121,mul
FN:135,div
FN:151,mod
FN:168,sub
FN:191,div
FN:217,mod
FNF:13
FNH:0
FNDA:0,tryAdd
FNDA:0,trySub
FNDA:0,tryMul
FNDA:0,tryDiv
FNDA:0,tryMod
FNDA:0,add
FNDA:0,sub
FNDA:0,mul
FNDA:0,div
FNDA:0,mod
FNDA:0,sub
FNDA:0,div
FNDA:0,mod
DA:23,0
DA:24,0
DA:25,0
DA:26,0
DA:36,0
DA:37,0
DA:38,0
DA:48,0
DA:52,0
DA:53,0
DA:54,0
DA:55,0
DA:65,0
DA:66,0
DA:67,0
DA:77,0
DA:78,0
DA:79,0
DA:94,0
DA:108,0
DA:122,0
DA:136,0
DA:152,0
DA:173,0
DA:174,0
DA:175,0
DA:196,0
DA:197,0
DA:198,0
DA:222,0
DA:223,0
DA:224,0
LF:32
LH:0
BRDA:25,1,0,0
BRDA:25,1,1,0
BRDA:37,2,0,0
BRDA:37,2,1,0
BRDA:52,3,0,0
BRDA:52,3,1,0
BRDA:54,4,0,0
BRDA:54,4,1,0
BRDA:66,5,0,0
BRDA:66,5,1,0
BRDA:78,6,0,0
BRDA:78,6,1,0
BRDA:174,7,0,0
BRDA:174,7,1,0
BRDA:197,8,0,0
BRDA:197,8,1,0
BRDA:223,9,0,0
BRDA:223,9,1,0
BRF:18
BRH:0
end_of_record
TN:
SF:/home/madhankumar/sub/mojito-blockchain/mojito-contracts/contracts/openzeppelin/utils/math/SignedSafeMath.sol
FN:23,mul
FN:37,div
FN:51,sub
FN:65,add
FNF:4
FNH:0
FNDA:0,mul
FNDA:0,div
FNDA:0,sub
FNDA:0,add
DA:24,0
DA:38,0
DA:52,0
DA:66,0
LF:4
LH:0
BRF:0
BRH:0
end_of_record
TN:
SF:/home/madhankumar/sub/mojito-blockchain/mojito-contracts/contracts/openzeppelin/utils/Multicall.sol
FN:17,multicall
FNF:1
FNH:0
FNDA:0,multicall
DA:18,0
DA:19,0
DA:20,0
DA:22,0
LF:4
LH:0
BRF:0
BRH:0
end_of_record
TN:
SF:/home/madhankumar/sub/mojito-blockchain/mojito-contracts/contracts/openzeppelin/utils/StorageSlot.sol
FN:52,getAddressSlot
FN:61,getBooleanSlot
FN:70,getBytes32Slot
FN:79,getUint256Slot
FNF:4
FNH:0
FNDA:0,getAddressSlot
FNDA:0,getBooleanSlot
FNDA:0,getBytes32Slot
FNDA:0,getUint256Slot
DA:53,0
DA:62,0
DA:71,0
DA:80,0
LF:4
LH:0
BRF:0
BRH:0
end_of_record
TN:
SF:/home/madhankumar/sub/mojito-blockchain/mojito-contracts/contracts/openzeppelin/utils/Strings.sol
FN:15,toString
FN:40,toHexString
FN:56,toHexString
FNF:3
FNH:0
FNDA:0,toString
FNDA:0,toHexString
FNDA:0,toHexString
DA:19,0
DA:20,0
DA:22,0
DA:23,0
DA:24,0
DA:25,0
DA:26,0
DA:28,0
DA:29,0
DA:30,0
DA:31,0
DA:32,0
DA:34,0
DA:41,0
DA:42,0
DA:44,0
DA:45,0
DA:46,0
DA:47,0
DA:48,0
DA:50,0
DA:57,0
DA:58,0
DA:59,0
DA:60,0
DA:61,0
DA:62,0
DA:64,0
DA:65,0
LF:29
LH:0
BRDA:19,1,0,0
BRDA:19,1,1,0
BRDA:41,2,0,0
BRDA:41,2,1,0
BRDA:64,3,0,0
BRDA:64,3,1,0
BRF:6
BRH:0
end_of_record
TN:
SF:/home/madhankumar/sub/mojito-blockchain/mojito-contracts/contracts/openzeppelin/utils/structs/BitMaps.sol
FN:17,get
FN:26,setTo
FN:41,set
FN:50,unset
FNF:4
FNH:0
FNDA:0,get
FNDA:0,setTo
FNDA:0,set
FNDA:0,unset
DA:18,0
DA:19,0
DA:20,0
DA:31,0
DA:32,0
DA:34,0
DA:42,0
DA:43,0
DA:44,0
DA:51,0
DA:52,0
DA:53,0
LF:12
LH:0
BRDA:31,1,0,0
BRDA:31,1,1,0
BRF:2
BRH:0
end_of_record
TN:
SF:/home/madhankumar/sub/mojito-blockchain/mojito-contracts/contracts/openzeppelin/utils/structs/EnumerableMap.sol
FN:57,_set
FN:71,_remove
FN:79,_contains
FN:86,_length
FN:100,_at
FN:109,_tryGet
FN:125,_get
FN:137,_get
FN:160,set
FN:173,remove
FN:180,contains
FN:187,length
FN:200,at
FN:211,tryGet
FN:223,get
FN:233,get
FNF:16
FNH:0
FNDA:0,_set
FNDA:0,_remove
FNDA:0,_contains
FNDA:0,_length
FNDA:0,_at
FNDA:0,_tryGet
FNDA:0,_get
FNDA:0,_get
FNDA:0,set
FNDA:0,remove
FNDA:0,contains
FNDA:0,length
FNDA:0,at
FNDA:0,tryGet
FNDA:0,get
FNDA:0,get
DA:62,0
DA:63,0
DA:72,0
DA:73,0
DA:80,0
DA:87,0
DA:101,0
DA:102,0
DA:110,0
DA:111,0
DA:112,0
DA:114,0
DA:126,0
DA:127,0
DA:128,0
DA:142,0
DA:143,0
DA:144,0
DA:165,0
DA:174,0
DA:181,0
DA:188,0
DA:201,0
DA:202,0
DA:212,0
DA:213,0
DA:224,0
DA:238,0
LF:28
LH:0
BRDA:111,1,0,0
BRDA:111,1,1,0
BRDA:127,2,0,0
BRDA:127,2,1,0
BRDA:143,3,0,0
BRDA:143,3,1,0
BRF:6
BRH:0
end_of_record
TN:
SF:/home/madhankumar/sub/mojito-blockchain/mojito-contracts/contracts/openzeppelin/utils/structs/EnumerableSet.sol
FN:54,_add
FN:72,_remove
FN:109,_contains
FN:116,_length
FN:130,_at
FN:142,_values
FN:158,add
FN:168,remove
FN:175,contains
FN:182,length
FN:196,at
FN:208,values
FN:224,add
FN:234,remove
FN:241,contains
FN:248,length
FN:262,at
FN:274,values
FN:297,add
FN:307,remove
FN:314,contains
FN:321,length
FN:335,at
FN:347,values
FNF:24
FNH:0
FNDA:0,_add
FNDA:0,_remove
FNDA:0,_contains
FNDA:0,_length
FNDA:0,_at
FNDA:0,_values
FNDA:0,add
FNDA:0,remove
FNDA:0,contains
FNDA:0,length
FNDA:0,at
FNDA:0,values
FNDA:0,add
FNDA:0,remove
FNDA:0,contains
FNDA:0,length
FNDA:0,at
FNDA:0,values
FNDA:0,add
FNDA:0,remove
FNDA:0,contains
FNDA:0,length
FNDA:0,at
FNDA:0,values
DA:55,0
DA:56,0
DA:59,0
DA:60,0
DA:62,0
DA:74,0
DA:76,0
DA:82,0
DA:83,0
DA:85,0
DA:86,0
DA:89,0
DA:91,0
DA:95,0
DA:98,0
DA:100,0
DA:102,0
DA:110,0
DA:117,0
DA:131,0
DA:143,0
DA:159,0
DA:169,0
DA:176,0
DA:183,0
DA:197,0
DA:209,0
DA:225,0
DA:235,0
DA:242,0
DA:249,0
DA:263,0
DA:275,0
DA:276,0
DA:278,0
DA:282,0
DA:298,0
DA:308,0
DA:315,0
DA:322,0
DA:336,0
DA:348,0
DA:349,0
DA:351,0
DA:355,0
LF:45
LH:0
BRDA:55,1,0,0
BRDA:55,1,1,0
BRDA:76,2,0,0
BRDA:76,2,1,0
BRDA:85,3,0,0
BRDA:85,3,1,0
BRF:6
BRH:0
end_of_record
TN:
SF:/home/madhankumar/sub/mojito-blockchain/mojito-contracts/contracts/openzeppelin/utils/Timers.sol
FN:14,getDeadline
FN:18,setDeadline
FN:22,reset
FN:26,isUnset
FN:30,isStarted
FN:34,isPending
FN:38,isExpired
FN:46,getDeadline
FN:50,setDeadline
FN:54,reset
FN:58,isUnset
FN:62,isStarted
FN:66,isPending
FN:70,isExpired
FNF:14
FNH:0
FNDA:0,getDeadline
FNDA:0,setDeadline
FNDA:0,reset
FNDA:0,isUnset
FNDA:0,isStarted
FNDA:0,isPending
FNDA:0,isExpired
FNDA:0,getDeadline
FNDA:0,setDeadline
FNDA:0,reset
FNDA:0,isUnset
FNDA:0,isStarted
FNDA:0,isPending
FNDA:0,isExpired
DA:15,0
DA:19,0
DA:23,0
DA:27,0
DA:31,0
DA:35,0
DA:39,0
DA:47,0
DA:51,0
DA:55,0
DA:59,0
DA:63,0
DA:67,0
DA:71,0
LF:14
LH:0
BRF:0
BRH:0
end_of_record
TN:
SF:/home/madhankumar/sub/mojito-blockchain/mojito-contracts/contracts/tests/StringsTest.sol
FN:10,constructor
FN:12,uint2str
FN:16,concatStrAndNum
FNF:3
FNH:0
FNDA:0,constructor
FNDA:0,uint2str
FNDA:0,concatStrAndNum
DA:13,0
DA:17,0
LF:2
LH:0
BRF:0
BRH:0
end_of_record
